[ 2017-09-21T13:50:53+08:00 ] 127.0.0.1 /index.php?c=login&a=logout
INFO: [ app_init ] --START--
INFO: Run Behavior\BuildLiteBehavior [ RunTime:0.000014s ]
INFO: [ app_init ] --END-- [ RunTime:0.014118s ]
INFO: [ app_begin ] --START--
INFO: Run Behavior\ReadHtmlCacheBehavior [ RunTime:0.001439s ]
INFO: [ app_begin ] --END-- [ RunTime:0.001483s ]
NOTIC: [8] Undefined variable: module D:\phpStudy\WWW\leave\ThinkPHP\Common\functions.php 第 990 行.
NOTIC: [8] Undefined variable: var D:\phpStudy\WWW\leave\ThinkPHP\Common\functions.php 第 990 行.
NOTIC: [2] array_reverse() expects parameter 1 to be array, null given D:\phpStudy\WWW\leave\ThinkPHP\Common\functions.php 第 990 行.
NOTIC: [2] http_build_query(): Parameter 1 expected to be Array or Object.  Incorrect value given D:\phpStudy\WWW\leave\ThinkPHP\Common\functions.php 第 990 行.

[ 2017-09-21T13:50:53+08:00 ] 127.0.0.1 /index.php?m=&&c=index
INFO: [ app_init ] --START--
INFO: Run Behavior\BuildLiteBehavior [ RunTime:0.000009s ]
INFO: [ app_init ] --END-- [ RunTime:0.000321s ]
INFO: [ app_begin ] --START--
INFO: Run Behavior\ReadHtmlCacheBehavior [ RunTime:0.000345s ]
INFO: [ app_begin ] --END-- [ RunTime:0.000378s ]
NOTIC: [8] Undefined variable: module D:\phpStudy\WWW\leave\ThinkPHP\Common\functions.php 第 990 行.
NOTIC: [8] Undefined variable: var D:\phpStudy\WWW\leave\ThinkPHP\Common\functions.php 第 990 行.
NOTIC: [2] array_reverse() expects parameter 1 to be array, null given D:\phpStudy\WWW\leave\ThinkPHP\Common\functions.php 第 990 行.
NOTIC: [2] http_build_query(): Parameter 1 expected to be Array or Object.  Incorrect value given D:\phpStudy\WWW\leave\ThinkPHP\Common\functions.php 第 990 行.

[ 2017-09-21T13:50:54+08:00 ] 127.0.0.1 /index.php?m=&&m=home&c=login
INFO: [ app_init ] --START--
INFO: Run Behavior\BuildLiteBehavior [ RunTime:0.000010s ]
INFO: [ app_init ] --END-- [ RunTime:0.000360s ]
INFO: [ app_begin ] --START--
INFO: Run Behavior\ReadHtmlCacheBehavior [ RunTime:0.000438s ]
INFO: [ app_begin ] --END-- [ RunTime:0.000496s ]
INFO: [ view_parse ] --START--
INFO: [ template_filter ] --START--
INFO: Run Behavior\ContentReplaceBehavior [ RunTime:0.000036s ]
INFO: [ template_filter ] --END-- [ RunTime:0.000079s ]
NOTIC: [8] Undefined variable: state D:\phpStudy\WWW\leave\Application\Runtime\Cache\Home\5b6adcb62ad2b5dfc2abc2cd5e11dc99.php 第 33 行.
INFO: Run Behavior\ParseTemplateBehavior [ RunTime:0.130943s ]
INFO: [ view_parse ] --END-- [ RunTime:0.130995s ]
INFO: [ view_filter ] --START--
INFO: Run Behavior\WriteHtmlCacheBehavior [ RunTime:0.009775s ]
INFO: [ view_filter ] --END-- [ RunTime:0.009825s ]
INFO: [ app_end ] --START--
INFO: Run Behavior\ShowPageTraceBehavior [ RunTime:0.008827s ]
INFO: [ app_end ] --END-- [ RunTime:0.008873s ]

