[ 2017-08-30T18:12:35+08:00 ] 127.0.0.1 /
INFO: [ app_init ] --START--
INFO: Run Behavior\BuildLiteBehavior [ RunTime:0.000012s ]
INFO: [ app_init ] --END-- [ RunTime:0.014721s ]
INFO: [ app_begin ] --START--
INFO: Run Behavior\ReadHtmlCacheBehavior [ RunTime:0.077419s ]
INFO: [ app_begin ] --END-- [ RunTime:0.077548s ]
NOTIC: [8] Undefined variable: module D:\phpStudy\WWW\leave\ThinkPHP\Common\functions.php 第 990 行.
NOTIC: [8] Undefined variable: var D:\phpStudy\WWW\leave\ThinkPHP\Common\functions.php 第 990 行.
NOTIC: [2] array_reverse() expects parameter 1 to be array, null given D:\phpStudy\WWW\leave\ThinkPHP\Common\functions.php 第 990 行.
NOTIC: [2] http_build_query(): Parameter 1 expected to be Array or Object.  Incorrect value given D:\phpStudy\WWW\leave\ThinkPHP\Common\functions.php 第 990 行.

[ 2017-08-30T18:12:36+08:00 ] 127.0.0.1 /index.php?m=&&m=home&c=login
INFO: [ app_init ] --START--
INFO: Run Behavior\BuildLiteBehavior [ RunTime:0.000010s ]
INFO: [ app_init ] --END-- [ RunTime:0.000328s ]
INFO: [ app_begin ] --START--
INFO: Run Behavior\ReadHtmlCacheBehavior [ RunTime:0.000382s ]
INFO: [ app_begin ] --END-- [ RunTime:0.000418s ]
INFO: [ view_parse ] --START--
INFO: [ template_filter ] --START--
INFO: Run Behavior\ContentReplaceBehavior [ RunTime:0.001168s ]
INFO: [ template_filter ] --END-- [ RunTime:0.001228s ]
NOTIC: [8] Undefined variable: state D:\phpStudy\WWW\leave\Application\Runtime\Cache\Home\5b6adcb62ad2b5dfc2abc2cd5e11dc99.php 第 33 行.
INFO: Run Behavior\ParseTemplateBehavior [ RunTime:0.153893s ]
INFO: [ view_parse ] --END-- [ RunTime:0.153941s ]
INFO: [ view_filter ] --START--
INFO: Run Behavior\WriteHtmlCacheBehavior [ RunTime:0.013683s ]
INFO: [ view_filter ] --END-- [ RunTime:0.013732s ]
INFO: [ app_end ] --START--
INFO: Run Behavior\ShowPageTraceBehavior [ RunTime:0.018737s ]
INFO: [ app_end ] --END-- [ RunTime:0.018784s ]

[ 2017-08-30T18:14:04+08:00 ] 127.0.0.1 /index.php?m=home&c=login&a=index
INFO: [ app_init ] --START--
INFO: Run Behavior\BuildLiteBehavior [ RunTime:0.000016s ]
INFO: [ app_init ] --END-- [ RunTime:0.000547s ]
INFO: [ app_begin ] --START--
INFO: Run Behavior\ReadHtmlCacheBehavior [ RunTime:0.000633s ]
INFO: [ app_begin ] --END-- [ RunTime:0.000703s ]
SQL: SHOW COLUMNS FROM `admin` [ RunTime:0.3243s ]
SQL: SELECT * FROM `admin` WHERE `a_username` = 'admin' LIMIT 1   [ RunTime:0.0023s ]
NOTIC: [8] Undefined variable: module D:\phpStudy\WWW\leave\ThinkPHP\Common\functions.php 第 990 行.
NOTIC: [8] Undefined variable: var D:\phpStudy\WWW\leave\ThinkPHP\Common\functions.php 第 990 行.
NOTIC: [2] array_reverse() expects parameter 1 to be array, null given D:\phpStudy\WWW\leave\ThinkPHP\Common\functions.php 第 990 行.
NOTIC: [2] http_build_query(): Parameter 1 expected to be Array or Object.  Incorrect value given D:\phpStudy\WWW\leave\ThinkPHP\Common\functions.php 第 990 行.

[ 2017-08-30T18:14:05+08:00 ] 127.0.0.1 /index.php?m=&&c=index
INFO: [ app_init ] --START--
INFO: Run Behavior\BuildLiteBehavior [ RunTime:0.000016s ]
INFO: [ app_init ] --END-- [ RunTime:0.000568s ]
INFO: [ app_begin ] --START--
INFO: Run Behavior\ReadHtmlCacheBehavior [ RunTime:0.000638s ]
INFO: [ app_begin ] --END-- [ RunTime:0.000705s ]
SQL: SHOW COLUMNS FROM `leave` [ RunTime:0.2657s ]
SQL: SELECT * FROM `leave` WHERE `l_addtime` = '2017-08-30'  [ RunTime:0.0006s ]
SQL: SELECT * FROM `leave` WHERE `l_addtime` = '2017-08-29'  [ RunTime:0.0006s ]
SQL: SELECT * FROM `leave` WHERE `l_addtime` = '2017-08-28'  [ RunTime:0.0004s ]
SQL: SELECT * FROM `leave` WHERE `l_addtime` = '2017-08-29'  [ RunTime:0.0003s ]
SQL: SELECT * FROM `leave` WHERE `l_addtime` = '2017-08-30'  [ RunTime:0.0004s ]
SQL: SELECT * FROM `leave` WHERE `l_addtime` = '2017-08-01'  [ RunTime:0.0004s ]
SQL: SELECT * FROM `leave` WHERE `l_addtime` = '2017-08-02'  [ RunTime:0.0018s ]
SQL: SELECT * FROM `leave` WHERE `l_addtime` = '2017-08-03'  [ RunTime:0.0004s ]
SQL: SELECT * FROM `leave` WHERE `l_addtime` = '2017-08-04'  [ RunTime:0.0003s ]
SQL: SELECT * FROM `leave` WHERE `l_addtime` = '2017-08-05'  [ RunTime:0.0003s ]
SQL: SELECT * FROM `leave` WHERE `l_addtime` = '2017-08-06'  [ RunTime:0.0003s ]
SQL: SELECT * FROM `leave` WHERE `l_addtime` = '2017-08-07'  [ RunTime:0.0004s ]
SQL: SELECT * FROM `leave` WHERE `l_addtime` = '2017-08-08'  [ RunTime:0.0003s ]
SQL: SELECT * FROM `leave` WHERE `l_addtime` = '2017-08-09'  [ RunTime:0.0003s ]
SQL: SELECT * FROM `leave` WHERE `l_addtime` = '2017-08-10'  [ RunTime:0.0003s ]
SQL: SELECT * FROM `leave` WHERE `l_addtime` = '2017-08-11'  [ RunTime:0.0007s ]
SQL: SELECT * FROM `leave` WHERE `l_addtime` = '2017-08-12'  [ RunTime:0.0004s ]
SQL: SELECT * FROM `leave` WHERE `l_addtime` = '2017-08-13'  [ RunTime:0.0003s ]
SQL: SELECT * FROM `leave` WHERE `l_addtime` = '2017-08-14'  [ RunTime:0.0005s ]
SQL: SELECT * FROM `leave` WHERE `l_addtime` = '2017-08-15'  [ RunTime:0.0004s ]
SQL: SELECT * FROM `leave` WHERE `l_addtime` = '2017-08-16'  [ RunTime:0.0003s ]
SQL: SELECT * FROM `leave` WHERE `l_addtime` = '2017-08-17'  [ RunTime:0.0004s ]
SQL: SELECT * FROM `leave` WHERE `l_addtime` = '2017-08-18'  [ RunTime:0.0004s ]
SQL: SELECT * FROM `leave` WHERE `l_addtime` = '2017-08-19'  [ RunTime:0.0003s ]
SQL: SELECT * FROM `leave` WHERE `l_addtime` = '2017-08-20'  [ RunTime:0.0003s ]
SQL: SELECT * FROM `leave` WHERE `l_addtime` = '2017-08-21'  [ RunTime:0.0003s ]
SQL: SELECT * FROM `leave` WHERE `l_addtime` = '2017-08-22'  [ RunTime:0.0003s ]
SQL: SELECT * FROM `leave` WHERE `l_addtime` = '2017-08-23'  [ RunTime:0.0003s ]
SQL: SELECT * FROM `leave` WHERE `l_addtime` = '2017-08-24'  [ RunTime:0.0004s ]
SQL: SELECT * FROM `leave` WHERE `l_addtime` = '2017-08-25'  [ RunTime:0.0003s ]
SQL: SELECT * FROM `leave` WHERE `l_addtime` = '2017-08-26'  [ RunTime:0.0003s ]
SQL: SELECT * FROM `leave` WHERE `l_addtime` = '2017-08-27'  [ RunTime:0.0003s ]
SQL: SELECT * FROM `leave` WHERE `l_addtime` = '2017-08-28'  [ RunTime:0.0008s ]
SQL: SELECT * FROM `leave` WHERE `l_addtime` = '2017-08-29'  [ RunTime:0.0009s ]
SQL: SELECT * FROM `leave` WHERE `l_addtime` = '2017-08-30'  [ RunTime:0.0004s ]
INFO: [ view_parse ] --START--
INFO: [ template_filter ] --START--
INFO: Run Behavior\ContentReplaceBehavior [ RunTime:0.000755s ]
INFO: [ template_filter ] --END-- [ RunTime:0.000837s ]
INFO: Run Behavior\ParseTemplateBehavior [ RunTime:0.207616s ]
INFO: [ view_parse ] --END-- [ RunTime:0.207701s ]
INFO: [ view_filter ] --START--
INFO: Run Behavior\WriteHtmlCacheBehavior [ RunTime:0.000501s ]
INFO: [ view_filter ] --END-- [ RunTime:0.000563s ]
INFO: [ app_end ] --START--
INFO: Run Behavior\ShowPageTraceBehavior [ RunTime:0.011445s ]
INFO: [ app_end ] --END-- [ RunTime:0.011544s ]

[ 2017-08-30T18:14:20+08:00 ] 127.0.0.1 /index.php?c=student
INFO: [ app_init ] --START--
INFO: Run Behavior\BuildLiteBehavior [ RunTime:0.000010s ]
INFO: [ app_init ] --END-- [ RunTime:0.000297s ]
INFO: [ app_begin ] --START--
INFO: Run Behavior\ReadHtmlCacheBehavior [ RunTime:0.000370s ]
INFO: [ app_begin ] --END-- [ RunTime:0.000406s ]
SQL: SHOW COLUMNS FROM `grade` [ RunTime:0.0593s ]
SQL: SELECT * FROM `grade`  [ RunTime:0.0002s ]
INFO: [ view_parse ] --START--
INFO: [ template_filter ] --START--
INFO: Run Behavior\ContentReplaceBehavior [ RunTime:0.000199s ]
INFO: [ template_filter ] --END-- [ RunTime:0.000266s ]
NOTIC: [8] Undefined variable: class_list D:\phpStudy\WWW\leave\Application\Runtime\Cache\Home\5e6caf1f921dc2090a81407240a42a8e.php 第 376 行.
NOTIC: [8] Undefined variable: student_list D:\phpStudy\WWW\leave\Application\Runtime\Cache\Home\5e6caf1f921dc2090a81407240a42a8e.php 第 422 行.
INFO: Run Behavior\ParseTemplateBehavior [ RunTime:0.263662s ]
INFO: [ view_parse ] --END-- [ RunTime:0.263702s ]
INFO: [ view_filter ] --START--
INFO: Run Behavior\WriteHtmlCacheBehavior [ RunTime:0.000413s ]
INFO: [ view_filter ] --END-- [ RunTime:0.000453s ]
INFO: [ app_end ] --START--
INFO: Run Behavior\ShowPageTraceBehavior [ RunTime:0.000867s ]
INFO: [ app_end ] --END-- [ RunTime:0.000941s ]

[ 2017-08-30T18:14:22+08:00 ] 127.0.0.1 /index.php?c=class
INFO: [ app_init ] --START--
INFO: Run Behavior\BuildLiteBehavior [ RunTime:0.000009s ]
INFO: [ app_init ] --END-- [ RunTime:0.000332s ]
INFO: [ app_begin ] --START--
INFO: Run Behavior\ReadHtmlCacheBehavior [ RunTime:0.000369s ]
INFO: [ app_begin ] --END-- [ RunTime:0.000405s ]
SQL: SHOW COLUMNS FROM `grade` [ RunTime:0.0163s ]
SQL: SELECT * FROM `grade`  [ RunTime:0.0003s ]
INFO: [ view_parse ] --START--
INFO: [ template_filter ] --START--
INFO: Run Behavior\ContentReplaceBehavior [ RunTime:0.000127s ]
INFO: [ template_filter ] --END-- [ RunTime:0.000173s ]
NOTIC: [8] Undefined variable: class_list D:\phpStudy\WWW\leave\Application\Runtime\Cache\Home\7fde59dcc6730b00f0ea2d8c62973961.php 第 377 行.
NOTIC: [8] Undefined variable: class_list D:\phpStudy\WWW\leave\Application\Runtime\Cache\Home\7fde59dcc6730b00f0ea2d8c62973961.php 第 424 行.
INFO: Run Behavior\ParseTemplateBehavior [ RunTime:0.077069s ]
INFO: [ view_parse ] --END-- [ RunTime:0.077109s ]
INFO: [ view_filter ] --START--
INFO: Run Behavior\WriteHtmlCacheBehavior [ RunTime:0.000243s ]
INFO: [ view_filter ] --END-- [ RunTime:0.000272s ]
INFO: [ app_end ] --START--
INFO: Run Behavior\ShowPageTraceBehavior [ RunTime:0.000592s ]
INFO: [ app_end ] --END-- [ RunTime:0.000639s ]

[ 2017-08-30T18:14:25+08:00 ] 127.0.0.1 /index.php?c=class&a=index&c_g_id=13
INFO: [ app_init ] --START--
INFO: Run Behavior\BuildLiteBehavior [ RunTime:0.000008s ]
INFO: [ app_init ] --END-- [ RunTime:0.000326s ]
INFO: [ app_begin ] --START--
INFO: Run Behavior\ReadHtmlCacheBehavior [ RunTime:0.000353s ]
INFO: [ app_begin ] --END-- [ RunTime:0.000393s ]
SQL: SHOW COLUMNS FROM `class` [ RunTime:0.0461s ]
SQL: SELECT * FROM `class` WHERE `c_g_id` = 13  [ RunTime:0.0003s ]
SQL: SHOW COLUMNS FROM `leave` [ RunTime:0.0134s ]
SQL: SELECT * FROM `leave` WHERE `l_c_id` = 28 AND `l_g_id` = 13 AND `l_addtime` = '2017-08-30'  [ RunTime:0.0003s ]
SQL: SELECT * FROM `leave` WHERE `l_c_id` = 28 AND `l_g_id` = 13 AND `l_addtime` = '2017-08-29'  [ RunTime:0.0002s ]
SQL: SELECT * FROM `leave` WHERE `l_c_id` = 28 AND `l_g_id` = 13 AND `l_addtime` = '2017-08-28'  [ RunTime:0.0003s ]
SQL: SELECT * FROM `leave` WHERE `l_c_id` = 28 AND `l_g_id` = 13 AND `l_addtime` = '2017-08-29'  [ RunTime:0.0002s ]
SQL: SELECT * FROM `leave` WHERE `l_c_id` = 28 AND `l_g_id` = 13 AND `l_addtime` = '2017-08-30'  [ RunTime:0.0002s ]
SQL: SELECT * FROM `leave` WHERE `l_c_id` = 28 AND `l_g_id` = 13 AND `l_addtime` = '2017-08-01'  [ RunTime:0.0002s ]
SQL: SELECT * FROM `leave` WHERE `l_c_id` = 28 AND `l_g_id` = 13 AND `l_addtime` = '2017-08-02'  [ RunTime:0.0003s ]
SQL: SELECT * FROM `leave` WHERE `l_c_id` = 28 AND `l_g_id` = 13 AND `l_addtime` = '2017-08-03'  [ RunTime:0.0002s ]
SQL: SELECT * FROM `leave` WHERE `l_c_id` = 28 AND `l_g_id` = 13 AND `l_addtime` = '2017-08-04'  [ RunTime:0.0002s ]
SQL: SELECT * FROM `leave` WHERE `l_c_id` = 28 AND `l_g_id` = 13 AND `l_addtime` = '2017-08-05'  [ RunTime:0.0002s ]
SQL: SELECT * FROM `leave` WHERE `l_c_id` = 28 AND `l_g_id` = 13 AND `l_addtime` = '2017-08-06'  [ RunTime:0.0002s ]
SQL: SELECT * FROM `leave` WHERE `l_c_id` = 28 AND `l_g_id` = 13 AND `l_addtime` = '2017-08-07'  [ RunTime:0.0003s ]
SQL: SELECT * FROM `leave` WHERE `l_c_id` = 28 AND `l_g_id` = 13 AND `l_addtime` = '2017-08-08'  [ RunTime:0.0002s ]
SQL: SELECT * FROM `leave` WHERE `l_c_id` = 28 AND `l_g_id` = 13 AND `l_addtime` = '2017-08-09'  [ RunTime:0.0002s ]
SQL: SELECT * FROM `leave` WHERE `l_c_id` = 28 AND `l_g_id` = 13 AND `l_addtime` = '2017-08-10'  [ RunTime:0.0003s ]
SQL: SELECT * FROM `leave` WHERE `l_c_id` = 28 AND `l_g_id` = 13 AND `l_addtime` = '2017-08-11'  [ RunTime:0.0003s ]
SQL: SELECT * FROM `leave` WHERE `l_c_id` = 28 AND `l_g_id` = 13 AND `l_addtime` = '2017-08-12'  [ RunTime:0.0003s ]
SQL: SELECT * FROM `leave` WHERE `l_c_id` = 28 AND `l_g_id` = 13 AND `l_addtime` = '2017-08-13'  [ RunTime:0.0002s ]
SQL: SELECT * FROM `leave` WHERE `l_c_id` = 28 AND `l_g_id` = 13 AND `l_addtime` = '2017-08-14'  [ RunTime:0.0002s ]
SQL: SELECT * FROM `leave` WHERE `l_c_id` = 28 AND `l_g_id` = 13 AND `l_addtime` = '2017-08-15'  [ RunTime:0.0002s ]
SQL: SELECT * FROM `leave` WHERE `l_c_id` = 28 AND `l_g_id` = 13 AND `l_addtime` = '2017-08-16'  [ RunTime:0.0003s ]
SQL: SELECT * FROM `leave` WHERE `l_c_id` = 28 AND `l_g_id` = 13 AND `l_addtime` = '2017-08-17'  [ RunTime:0.0002s ]
SQL: SELECT * FROM `leave` WHERE `l_c_id` = 28 AND `l_g_id` = 13 AND `l_addtime` = '2017-08-18'  [ RunTime:0.0003s ]
SQL: SELECT * FROM `leave` WHERE `l_c_id` = 28 AND `l_g_id` = 13 AND `l_addtime` = '2017-08-19'  [ RunTime:0.0002s ]
SQL: SELECT * FROM `leave` WHERE `l_c_id` = 28 AND `l_g_id` = 13 AND `l_addtime` = '2017-08-20'  [ RunTime:0.0002s ]
SQL: SELECT * FROM `leave` WHERE `l_c_id` = 28 AND `l_g_id` = 13 AND `l_addtime` = '2017-08-21'  [ RunTime:0.0003s ]
SQL: SELECT * FROM `leave` WHERE `l_c_id` = 28 AND `l_g_id` = 13 AND `l_addtime` = '2017-08-22'  [ RunTime:0.0002s ]
SQL: SELECT * FROM `leave` WHERE `l_c_id` = 28 AND `l_g_id` = 13 AND `l_addtime` = '2017-08-23'  [ RunTime:0.0002s ]
SQL: SELECT * FROM `leave` WHERE `l_c_id` = 28 AND `l_g_id` = 13 AND `l_addtime` = '2017-08-24'  [ RunTime:0.0003s ]
SQL: SELECT * FROM `leave` WHERE `l_c_id` = 28 AND `l_g_id` = 13 AND `l_addtime` = '2017-08-25'  [ RunTime:0.0002s ]
SQL: SELECT * FROM `leave` WHERE `l_c_id` = 28 AND `l_g_id` = 13 AND `l_addtime` = '2017-08-26'  [ RunTime:0.0002s ]
SQL: SELECT * FROM `leave` WHERE `l_c_id` = 28 AND `l_g_id` = 13 AND `l_addtime` = '2017-08-27'  [ RunTime:0.0002s ]
SQL: SELECT * FROM `leave` WHERE `l_c_id` = 28 AND `l_g_id` = 13 AND `l_addtime` = '2017-08-28'  [ RunTime:0.0003s ]
SQL: SELECT * FROM `leave` WHERE `l_c_id` = 28 AND `l_g_id` = 13 AND `l_addtime` = '2017-08-29'  [ RunTime:0.0002s ]
SQL: SELECT * FROM `leave` WHERE `l_c_id` = 28 AND `l_g_id` = 13 AND `l_addtime` = '2017-08-30'  [ RunTime:0.0002s ]
SQL: SELECT * FROM `leave` WHERE `l_c_id` = 27 AND `l_g_id` = 13 AND `l_addtime` = '2017-08-30'  [ RunTime:0.0002s ]
SQL: SELECT * FROM `leave` WHERE `l_c_id` = 27 AND `l_g_id` = 13 AND `l_addtime` = '2017-08-29'  [ RunTime:0.0002s ]
SQL: SELECT * FROM `leave` WHERE `l_c_id` = 27 AND `l_g_id` = 13 AND `l_addtime` = '2017-08-28'  [ RunTime:0.0002s ]
SQL: SELECT * FROM `leave` WHERE `l_c_id` = 27 AND `l_g_id` = 13 AND `l_addtime` = '2017-08-29'  [ RunTime:0.0002s ]
SQL: SELECT * FROM `leave` WHERE `l_c_id` = 27 AND `l_g_id` = 13 AND `l_addtime` = '2017-08-30'  [ RunTime:0.0002s ]
SQL: SELECT * FROM `leave` WHERE `l_c_id` = 27 AND `l_g_id` = 13 AND `l_addtime` = '2017-08-01'  [ RunTime:0.0002s ]
SQL: SELECT * FROM `leave` WHERE `l_c_id` = 27 AND `l_g_id` = 13 AND `l_addtime` = '2017-08-02'  [ RunTime:0.0002s ]
SQL: SELECT * FROM `leave` WHERE `l_c_id` = 27 AND `l_g_id` = 13 AND `l_addtime` = '2017-08-03'  [ RunTime:0.0002s ]
SQL: SELECT * FROM `leave` WHERE `l_c_id` = 27 AND `l_g_id` = 13 AND `l_addtime` = '2017-08-04'  [ RunTime:0.0002s ]
SQL: SELECT * FROM `leave` WHERE `l_c_id` = 27 AND `l_g_id` = 13 AND `l_addtime` = '2017-08-05'  [ RunTime:0.0002s ]
SQL: SELECT * FROM `leave` WHERE `l_c_id` = 27 AND `l_g_id` = 13 AND `l_addtime` = '2017-08-06'  [ RunTime:0.0002s ]
SQL: SELECT * FROM `leave` WHERE `l_c_id` = 27 AND `l_g_id` = 13 AND `l_addtime` = '2017-08-07'  [ RunTime:0.0002s ]
SQL: SELECT * FROM `leave` WHERE `l_c_id` = 27 AND `l_g_id` = 13 AND `l_addtime` = '2017-08-08'  [ RunTime:0.0002s ]
SQL: SELECT * FROM `leave` WHERE `l_c_id` = 27 AND `l_g_id` = 13 AND `l_addtime` = '2017-08-09'  [ RunTime:0.0002s ]
SQL: SELECT * FROM `leave` WHERE `l_c_id` = 27 AND `l_g_id` = 13 AND `l_addtime` = '2017-08-10'  [ RunTime:0.0002s ]
SQL: SELECT * FROM `leave` WHERE `l_c_id` = 27 AND `l_g_id` = 13 AND `l_addtime` = '2017-08-11'  [ RunTime:0.0002s ]
SQL: SELECT * FROM `leave` WHERE `l_c_id` = 27 AND `l_g_id` = 13 AND `l_addtime` = '2017-08-12'  [ RunTime:0.0002s ]
SQL: SELECT * FROM `leave` WHERE `l_c_id` = 27 AND `l_g_id` = 13 AND `l_addtime` = '2017-08-13'  [ RunTime:0.0002s ]
SQL: SELECT * FROM `leave` WHERE `l_c_id` = 27 AND `l_g_id` = 13 AND `l_addtime` = '2017-08-14'  [ RunTime:0.0003s ]
SQL: SELECT * FROM `leave` WHERE `l_c_id` = 27 AND `l_g_id` = 13 AND `l_addtime` = '2017-08-15'  [ RunTime:0.0003s ]
SQL: SELECT * FROM `leave` WHERE `l_c_id` = 27 AND `l_g_id` = 13 AND `l_addtime` = '2017-08-16'  [ RunTime:0.0002s ]
SQL: SELECT * FROM `leave` WHERE `l_c_id` = 27 AND `l_g_id` = 13 AND `l_addtime` = '2017-08-17'  [ RunTime:0.0002s ]
SQL: SELECT * FROM `leave` WHERE `l_c_id` = 27 AND `l_g_id` = 13 AND `l_addtime` = '2017-08-18'  [ RunTime:0.0002s ]
SQL: SELECT * FROM `leave` WHERE `l_c_id` = 27 AND `l_g_id` = 13 AND `l_addtime` = '2017-08-19'  [ RunTime:0.0002s ]
SQL: SELECT * FROM `leave` WHERE `l_c_id` = 27 AND `l_g_id` = 13 AND `l_addtime` = '2017-08-20'  [ RunTime:0.0002s ]
SQL: SELECT * FROM `leave` WHERE `l_c_id` = 27 AND `l_g_id` = 13 AND `l_addtime` = '2017-08-21'  [ RunTime:0.0002s ]
SQL: SELECT * FROM `leave` WHERE `l_c_id` = 27 AND `l_g_id` = 13 AND `l_addtime` = '2017-08-22'  [ RunTime:0.0003s ]
SQL: SELECT * FROM `leave` WHERE `l_c_id` = 27 AND `l_g_id` = 13 AND `l_addtime` = '2017-08-23'  [ RunTime:0.0003s ]
SQL: SELECT * FROM `leave` WHERE `l_c_id` = 27 AND `l_g_id` = 13 AND `l_addtime` = '2017-08-24'  [ RunTime:0.0002s ]
SQL: SELECT * FROM `leave` WHERE `l_c_id` = 27 AND `l_g_id` = 13 AND `l_addtime` = '2017-08-25'  [ RunTime:0.0002s ]
SQL: SELECT * FROM `leave` WHERE `l_c_id` = 27 AND `l_g_id` = 13 AND `l_addtime` = '2017-08-26'  [ RunTime:0.0002s ]
SQL: SELECT * FROM `leave` WHERE `l_c_id` = 27 AND `l_g_id` = 13 AND `l_addtime` = '2017-08-27'  [ RunTime:0.0002s ]
SQL: SELECT * FROM `leave` WHERE `l_c_id` = 27 AND `l_g_id` = 13 AND `l_addtime` = '2017-08-28'  [ RunTime:0.0002s ]
SQL: SELECT * FROM `leave` WHERE `l_c_id` = 27 AND `l_g_id` = 13 AND `l_addtime` = '2017-08-29'  [ RunTime:0.0002s ]
SQL: SELECT * FROM `leave` WHERE `l_c_id` = 27 AND `l_g_id` = 13 AND `l_addtime` = '2017-08-30'  [ RunTime:0.0002s ]
SQL: SHOW COLUMNS FROM `grade` [ RunTime:0.0156s ]
SQL: SELECT * FROM `grade`  [ RunTime:0.0002s ]
INFO: [ view_parse ] --START--
INFO: [ template_filter ] --START--
INFO: Run Behavior\ContentReplaceBehavior [ RunTime:0.000138s ]
INFO: [ template_filter ] --END-- [ RunTime:0.000194s ]
INFO: Run Behavior\ParseTemplateBehavior [ RunTime:0.046089s ]
INFO: [ view_parse ] --END-- [ RunTime:0.046150s ]
INFO: [ view_filter ] --START--
INFO: Run Behavior\WriteHtmlCacheBehavior [ RunTime:0.000399s ]
INFO: [ view_filter ] --END-- [ RunTime:0.000436s ]
INFO: [ app_end ] --START--
INFO: Run Behavior\ShowPageTraceBehavior [ RunTime:0.000632s ]
INFO: [ app_end ] --END-- [ RunTime:0.000686s ]

[ 2017-08-30T18:14:56+08:00 ] 127.0.0.1 /index.php?c=student
INFO: [ app_init ] --START--
INFO: Run Behavior\BuildLiteBehavior [ RunTime:0.000010s ]
INFO: [ app_init ] --END-- [ RunTime:0.000404s ]
INFO: [ app_begin ] --START--
INFO: Run Behavior\ReadHtmlCacheBehavior [ RunTime:0.000443s ]
INFO: [ app_begin ] --END-- [ RunTime:0.000490s ]
SQL: SHOW COLUMNS FROM `grade` [ RunTime:0.0166s ]
SQL: SELECT * FROM `grade`  [ RunTime:0.0002s ]
INFO: [ view_parse ] --START--
INFO: [ template_filter ] --START--
INFO: Run Behavior\ContentReplaceBehavior [ RunTime:0.000119s ]
INFO: [ template_filter ] --END-- [ RunTime:0.000171s ]
NOTIC: [8] Undefined variable: class_list D:\phpStudy\WWW\leave\Application\Runtime\Cache\Home\5e6caf1f921dc2090a81407240a42a8e.php 第 376 行.
NOTIC: [8] Undefined variable: student_list D:\phpStudy\WWW\leave\Application\Runtime\Cache\Home\5e6caf1f921dc2090a81407240a42a8e.php 第 422 行.
INFO: Run Behavior\ParseTemplateBehavior [ RunTime:0.053533s ]
INFO: [ view_parse ] --END-- [ RunTime:0.053578s ]
INFO: [ view_filter ] --START--
INFO: Run Behavior\WriteHtmlCacheBehavior [ RunTime:0.000412s ]
INFO: [ view_filter ] --END-- [ RunTime:0.000466s ]
INFO: [ app_end ] --START--
INFO: Run Behavior\ShowPageTraceBehavior [ RunTime:0.000991s ]
INFO: [ app_end ] --END-- [ RunTime:0.001068s ]

[ 2017-08-30T18:15:11+08:00 ] 127.0.0.1 /index.php?c=student&a=apply_ajax&s_g_id=13
INFO: [ app_init ] --START--
INFO: Run Behavior\BuildLiteBehavior [ RunTime:0.000009s ]
INFO: [ app_init ] --END-- [ RunTime:0.000307s ]
INFO: [ app_begin ] --START--
INFO: Run Behavior\ReadHtmlCacheBehavior [ RunTime:0.000357s ]
INFO: [ app_begin ] --END-- [ RunTime:0.000388s ]
SQL: SHOW COLUMNS FROM `class` [ RunTime:0.0162s ]
SQL: SELECT * FROM `class` WHERE `c_g_id` = 13  [ RunTime:0.0003s ]
INFO: [ app_end ] --START--
INFO: Run Behavior\ShowPageTraceBehavior [ RunTime:0.000471s ]
INFO: [ app_end ] --END-- [ RunTime:0.000505s ]

[ 2017-08-30T18:20:14+08:00 ] 127.0.0.1 /index.php?c=student
INFO: [ app_init ] --START--
INFO: Run Behavior\BuildLiteBehavior [ RunTime:0.000010s ]
INFO: [ app_init ] --END-- [ RunTime:0.000511s ]
INFO: [ app_begin ] --START--
INFO: Run Behavior\ReadHtmlCacheBehavior [ RunTime:0.000437s ]
INFO: [ app_begin ] --END-- [ RunTime:0.000473s ]
SQL: SHOW COLUMNS FROM `grade` [ RunTime:0.0146s ]
SQL: SELECT * FROM `grade`  [ RunTime:0.0002s ]
INFO: [ view_parse ] --START--
INFO: [ template_filter ] --START--
INFO: Run Behavior\ContentReplaceBehavior [ RunTime:0.000127s ]
INFO: [ template_filter ] --END-- [ RunTime:0.000167s ]
NOTIC: [8] Undefined variable: class_list D:\phpStudy\WWW\leave\Application\Runtime\Cache\Home\5e6caf1f921dc2090a81407240a42a8e.php 第 376 行.
NOTIC: [8] Undefined variable: student_list D:\phpStudy\WWW\leave\Application\Runtime\Cache\Home\5e6caf1f921dc2090a81407240a42a8e.php 第 422 行.
INFO: Run Behavior\ParseTemplateBehavior [ RunTime:0.062522s ]
INFO: [ view_parse ] --END-- [ RunTime:0.062568s ]
INFO: [ view_filter ] --START--
INFO: Run Behavior\WriteHtmlCacheBehavior [ RunTime:0.000333s ]
INFO: [ view_filter ] --END-- [ RunTime:0.000362s ]
INFO: [ app_end ] --START--
INFO: Run Behavior\ShowPageTraceBehavior [ RunTime:0.000755s ]
INFO: [ app_end ] --END-- [ RunTime:0.000823s ]

[ 2017-08-30T18:20:15+08:00 ] 127.0.0.1 /index.php?c=student
INFO: [ app_init ] --START--
INFO: Run Behavior\BuildLiteBehavior [ RunTime:0.000015s ]
INFO: [ app_init ] --END-- [ RunTime:0.000428s ]
INFO: [ app_begin ] --START--
INFO: Run Behavior\ReadHtmlCacheBehavior [ RunTime:0.001008s ]
INFO: [ app_begin ] --END-- [ RunTime:0.001072s ]
SQL: SHOW COLUMNS FROM `grade` [ RunTime:0.0156s ]
SQL: SELECT * FROM `grade`  [ RunTime:0.0002s ]
INFO: [ view_parse ] --START--
INFO: [ template_filter ] --START--
INFO: Run Behavior\ContentReplaceBehavior [ RunTime:0.000106s ]
INFO: [ template_filter ] --END-- [ RunTime:0.000143s ]
NOTIC: [8] Undefined variable: class_list D:\phpStudy\WWW\leave\Application\Runtime\Cache\Home\5e6caf1f921dc2090a81407240a42a8e.php 第 376 行.
NOTIC: [8] Undefined variable: student_list D:\phpStudy\WWW\leave\Application\Runtime\Cache\Home\5e6caf1f921dc2090a81407240a42a8e.php 第 422 行.
INFO: Run Behavior\ParseTemplateBehavior [ RunTime:0.049729s ]
INFO: [ view_parse ] --END-- [ RunTime:0.049775s ]
INFO: [ view_filter ] --START--
INFO: Run Behavior\WriteHtmlCacheBehavior [ RunTime:0.000272s ]
INFO: [ view_filter ] --END-- [ RunTime:0.000305s ]
INFO: [ app_end ] --START--
INFO: Run Behavior\ShowPageTraceBehavior [ RunTime:0.000698s ]
INFO: [ app_end ] --END-- [ RunTime:0.000761s ]

[ 2017-08-30T18:20:17+08:00 ] 127.0.0.1 /index.php?c=student&a=apply_ajax&s_g_id=13
INFO: [ app_init ] --START--
INFO: Run Behavior\BuildLiteBehavior [ RunTime:0.000019s ]
INFO: [ app_init ] --END-- [ RunTime:0.000317s ]
INFO: [ app_begin ] --START--
INFO: Run Behavior\ReadHtmlCacheBehavior [ RunTime:0.000340s ]
INFO: [ app_begin ] --END-- [ RunTime:0.000374s ]
SQL: SHOW COLUMNS FROM `grade` [ RunTime:0.0164s ]
SQL: SELECT * FROM `grade`  [ RunTime:0.0002s ]
SQL: SHOW COLUMNS FROM `class` [ RunTime:0.0130s ]
SQL: SELECT * FROM `class` WHERE `c_g_id` = 13  [ RunTime:0.0002s ]
INFO: [ app_end ] --START--
INFO: Run Behavior\ShowPageTraceBehavior [ RunTime:0.000522s ]
INFO: [ app_end ] --END-- [ RunTime:0.000555s ]

[ 2017-08-30T18:20:19+08:00 ] 127.0.0.1 /index.php?c=student&a=index&s_g_id=13&s_c_id=28
INFO: [ app_init ] --START--
INFO: Run Behavior\BuildLiteBehavior [ RunTime:0.000009s ]
INFO: [ app_init ] --END-- [ RunTime:0.000372s ]
INFO: [ app_begin ] --START--
INFO: Run Behavior\ReadHtmlCacheBehavior [ RunTime:0.000472s ]
INFO: [ app_begin ] --END-- [ RunTime:0.000517s ]
SQL: SHOW COLUMNS FROM `grade` [ RunTime:0.0169s ]
SQL: SELECT * FROM `grade`  [ RunTime:0.0002s ]
SQL: SHOW COLUMNS FROM `student` [ RunTime:0.1003s ]
SQL: SELECT * FROM `student` WHERE `s_c_id` = 28 AND `s_g_id` = 13  [ RunTime:0.0228s ]
SQL: SHOW COLUMNS FROM `class` [ RunTime:0.0251s ]
SQL: SELECT * FROM `class` WHERE `c_g_id` = 13  [ RunTime:0.0002s ]
INFO: [ view_parse ] --START--
INFO: [ template_filter ] --START--
INFO: Run Behavior\ContentReplaceBehavior [ RunTime:0.000218s ]
INFO: [ template_filter ] --END-- [ RunTime:0.000282s ]
INFO: Run Behavior\ParseTemplateBehavior [ RunTime:0.063628s ]
INFO: [ view_parse ] --END-- [ RunTime:0.063679s ]
INFO: [ view_filter ] --START--
INFO: Run Behavior\WriteHtmlCacheBehavior [ RunTime:0.000377s ]
INFO: [ view_filter ] --END-- [ RunTime:0.000412s ]
INFO: [ app_end ] --START--
INFO: Run Behavior\ShowPageTraceBehavior [ RunTime:0.000596s ]
INFO: [ app_end ] --END-- [ RunTime:0.000649s ]

[ 2017-08-30T18:22:23+08:00 ] 127.0.0.1 /index.php?c=grade
INFO: [ app_init ] --START--
INFO: Run Behavior\BuildLiteBehavior [ RunTime:0.000018s ]
INFO: [ app_init ] --END-- [ RunTime:0.000482s ]
INFO: [ app_begin ] --START--
INFO: Run Behavior\ReadHtmlCacheBehavior [ RunTime:0.000492s ]
INFO: [ app_begin ] --END-- [ RunTime:0.000534s ]
SQL: SHOW COLUMNS FROM `grade` [ RunTime:0.0168s ]
SQL: SELECT * FROM `grade`  [ RunTime:0.0002s ]
SQL: SELECT * FROM `grade`  [ RunTime:0.0001s ]
SQL: SHOW COLUMNS FROM `leave` [ RunTime:0.0130s ]
SQL: SELECT * FROM `leave` WHERE `l_g_id` = 13 AND `l_addtime` = '2017-08-30'  [ RunTime:0.0003s ]
SQL: SELECT * FROM `leave` WHERE `l_g_id` = 13 AND `l_addtime` = '2017-08-29'  [ RunTime:0.0002s ]
SQL: SELECT * FROM `leave` WHERE `l_g_id` = 13 AND `l_addtime` = '2017-08-28'  [ RunTime:0.0002s ]
SQL: SELECT * FROM `leave` WHERE `l_g_id` = 13 AND `l_addtime` = '2017-08-29'  [ RunTime:0.0002s ]
SQL: SELECT * FROM `leave` WHERE `l_g_id` = 13 AND `l_addtime` = '2017-08-30'  [ RunTime:0.0002s ]
SQL: SELECT * FROM `leave` WHERE `l_g_id` = 13 AND `l_addtime` = '2017-08-01'  [ RunTime:0.0002s ]
SQL: SELECT * FROM `leave` WHERE `l_g_id` = 13 AND `l_addtime` = '2017-08-02'  [ RunTime:0.0002s ]
SQL: SELECT * FROM `leave` WHERE `l_g_id` = 13 AND `l_addtime` = '2017-08-03'  [ RunTime:0.0002s ]
SQL: SELECT * FROM `leave` WHERE `l_g_id` = 13 AND `l_addtime` = '2017-08-04'  [ RunTime:0.0002s ]
SQL: SELECT * FROM `leave` WHERE `l_g_id` = 13 AND `l_addtime` = '2017-08-05'  [ RunTime:0.0002s ]
SQL: SELECT * FROM `leave` WHERE `l_g_id` = 13 AND `l_addtime` = '2017-08-06'  [ RunTime:0.0002s ]
SQL: SELECT * FROM `leave` WHERE `l_g_id` = 13 AND `l_addtime` = '2017-08-07'  [ RunTime:0.0002s ]
SQL: SELECT * FROM `leave` WHERE `l_g_id` = 13 AND `l_addtime` = '2017-08-08'  [ RunTime:0.0002s ]
SQL: SELECT * FROM `leave` WHERE `l_g_id` = 13 AND `l_addtime` = '2017-08-09'  [ RunTime:0.0002s ]
SQL: SELECT * FROM `leave` WHERE `l_g_id` = 13 AND `l_addtime` = '2017-08-10'  [ RunTime:0.0002s ]
SQL: SELECT * FROM `leave` WHERE `l_g_id` = 13 AND `l_addtime` = '2017-08-11'  [ RunTime:0.0002s ]
SQL: SELECT * FROM `leave` WHERE `l_g_id` = 13 AND `l_addtime` = '2017-08-12'  [ RunTime:0.0002s ]
SQL: SELECT * FROM `leave` WHERE `l_g_id` = 13 AND `l_addtime` = '2017-08-13'  [ RunTime:0.0002s ]
SQL: SELECT * FROM `leave` WHERE `l_g_id` = 13 AND `l_addtime` = '2017-08-14'  [ RunTime:0.0002s ]
SQL: SELECT * FROM `leave` WHERE `l_g_id` = 13 AND `l_addtime` = '2017-08-15'  [ RunTime:0.0002s ]
SQL: SELECT * FROM `leave` WHERE `l_g_id` = 13 AND `l_addtime` = '2017-08-16'  [ RunTime:0.0002s ]
SQL: SELECT * FROM `leave` WHERE `l_g_id` = 13 AND `l_addtime` = '2017-08-17'  [ RunTime:0.0002s ]
SQL: SELECT * FROM `leave` WHERE `l_g_id` = 13 AND `l_addtime` = '2017-08-18'  [ RunTime:0.0002s ]
SQL: SELECT * FROM `leave` WHERE `l_g_id` = 13 AND `l_addtime` = '2017-08-19'  [ RunTime:0.0002s ]
SQL: SELECT * FROM `leave` WHERE `l_g_id` = 13 AND `l_addtime` = '2017-08-20'  [ RunTime:0.0002s ]
SQL: SELECT * FROM `leave` WHERE `l_g_id` = 13 AND `l_addtime` = '2017-08-21'  [ RunTime:0.0002s ]
SQL: SELECT * FROM `leave` WHERE `l_g_id` = 13 AND `l_addtime` = '2017-08-22'  [ RunTime:0.0002s ]
SQL: SELECT * FROM `leave` WHERE `l_g_id` = 13 AND `l_addtime` = '2017-08-23'  [ RunTime:0.0002s ]
SQL: SELECT * FROM `leave` WHERE `l_g_id` = 13 AND `l_addtime` = '2017-08-24'  [ RunTime:0.0002s ]
SQL: SELECT * FROM `leave` WHERE `l_g_id` = 13 AND `l_addtime` = '2017-08-25'  [ RunTime:0.0002s ]
SQL: SELECT * FROM `leave` WHERE `l_g_id` = 13 AND `l_addtime` = '2017-08-26'  [ RunTime:0.0002s ]
SQL: SELECT * FROM `leave` WHERE `l_g_id` = 13 AND `l_addtime` = '2017-08-27'  [ RunTime:0.0002s ]
SQL: SELECT * FROM `leave` WHERE `l_g_id` = 13 AND `l_addtime` = '2017-08-28'  [ RunTime:0.0002s ]
SQL: SELECT * FROM `leave` WHERE `l_g_id` = 13 AND `l_addtime` = '2017-08-29'  [ RunTime:0.0002s ]
SQL: SELECT * FROM `leave` WHERE `l_g_id` = 13 AND `l_addtime` = '2017-08-30'  [ RunTime:0.0002s ]
SQL: SELECT * FROM `leave` WHERE `l_g_id` = 12 AND `l_addtime` = '2017-08-30'  [ RunTime:0.0002s ]
SQL: SELECT * FROM `leave` WHERE `l_g_id` = 12 AND `l_addtime` = '2017-08-29'  [ RunTime:0.0002s ]
SQL: SELECT * FROM `leave` WHERE `l_g_id` = 12 AND `l_addtime` = '2017-08-28'  [ RunTime:0.0002s ]
SQL: SELECT * FROM `leave` WHERE `l_g_id` = 12 AND `l_addtime` = '2017-08-29'  [ RunTime:0.0002s ]
SQL: SELECT * FROM `leave` WHERE `l_g_id` = 12 AND `l_addtime` = '2017-08-30'  [ RunTime:0.0002s ]
SQL: SELECT * FROM `leave` WHERE `l_g_id` = 12 AND `l_addtime` = '2017-08-01'  [ RunTime:0.0002s ]
SQL: SELECT * FROM `leave` WHERE `l_g_id` = 12 AND `l_addtime` = '2017-08-02'  [ RunTime:0.0001s ]
SQL: SELECT * FROM `leave` WHERE `l_g_id` = 12 AND `l_addtime` = '2017-08-03'  [ RunTime:0.0002s ]
SQL: SELECT * FROM `leave` WHERE `l_g_id` = 12 AND `l_addtime` = '2017-08-04'  [ RunTime:0.0003s ]
SQL: SELECT * FROM `leave` WHERE `l_g_id` = 12 AND `l_addtime` = '2017-08-05'  [ RunTime:0.0002s ]
SQL: SELECT * FROM `leave` WHERE `l_g_id` = 12 AND `l_addtime` = '2017-08-06'  [ RunTime:0.0002s ]
SQL: SELECT * FROM `leave` WHERE `l_g_id` = 12 AND `l_addtime` = '2017-08-07'  [ RunTime:0.0002s ]
SQL: SELECT * FROM `leave` WHERE `l_g_id` = 12 AND `l_addtime` = '2017-08-08'  [ RunTime:0.0002s ]
SQL: SELECT * FROM `leave` WHERE `l_g_id` = 12 AND `l_addtime` = '2017-08-09'  [ RunTime:0.0002s ]
SQL: SELECT * FROM `leave` WHERE `l_g_id` = 12 AND `l_addtime` = '2017-08-10'  [ RunTime:0.0002s ]
SQL: SELECT * FROM `leave` WHERE `l_g_id` = 12 AND `l_addtime` = '2017-08-11'  [ RunTime:0.0002s ]
SQL: SELECT * FROM `leave` WHERE `l_g_id` = 12 AND `l_addtime` = '2017-08-12'  [ RunTime:0.0002s ]
SQL: SELECT * FROM `leave` WHERE `l_g_id` = 12 AND `l_addtime` = '2017-08-13'  [ RunTime:0.0002s ]
SQL: SELECT * FROM `leave` WHERE `l_g_id` = 12 AND `l_addtime` = '2017-08-14'  [ RunTime:0.0001s ]
SQL: SELECT * FROM `leave` WHERE `l_g_id` = 12 AND `l_addtime` = '2017-08-15'  [ RunTime:0.0002s ]
SQL: SELECT * FROM `leave` WHERE `l_g_id` = 12 AND `l_addtime` = '2017-08-16'  [ RunTime:0.0001s ]
SQL: SELECT * FROM `leave` WHERE `l_g_id` = 12 AND `l_addtime` = '2017-08-17'  [ RunTime:0.0001s ]
SQL: SELECT * FROM `leave` WHERE `l_g_id` = 12 AND `l_addtime` = '2017-08-18'  [ RunTime:0.0002s ]
SQL: SELECT * FROM `leave` WHERE `l_g_id` = 12 AND `l_addtime` = '2017-08-19'  [ RunTime:0.0002s ]
SQL: SELECT * FROM `leave` WHERE `l_g_id` = 12 AND `l_addtime` = '2017-08-20'  [ RunTime:0.0002s ]
SQL: SELECT * FROM `leave` WHERE `l_g_id` = 12 AND `l_addtime` = '2017-08-21'  [ RunTime:0.0002s ]
SQL: SELECT * FROM `leave` WHERE `l_g_id` = 12 AND `l_addtime` = '2017-08-22'  [ RunTime:0.0002s ]
SQL: SELECT * FROM `leave` WHERE `l_g_id` = 12 AND `l_addtime` = '2017-08-23'  [ RunTime:0.0002s ]
SQL: SELECT * FROM `leave` WHERE `l_g_id` = 12 AND `l_addtime` = '2017-08-24'  [ RunTime:0.0002s ]
SQL: SELECT * FROM `leave` WHERE `l_g_id` = 12 AND `l_addtime` = '2017-08-25'  [ RunTime:0.0002s ]
SQL: SELECT * FROM `leave` WHERE `l_g_id` = 12 AND `l_addtime` = '2017-08-26'  [ RunTime:0.0002s ]
SQL: SELECT * FROM `leave` WHERE `l_g_id` = 12 AND `l_addtime` = '2017-08-27'  [ RunTime:0.0002s ]
SQL: SELECT * FROM `leave` WHERE `l_g_id` = 12 AND `l_addtime` = '2017-08-28'  [ RunTime:0.0002s ]
SQL: SELECT * FROM `leave` WHERE `l_g_id` = 12 AND `l_addtime` = '2017-08-29'  [ RunTime:0.0002s ]
SQL: SELECT * FROM `leave` WHERE `l_g_id` = 12 AND `l_addtime` = '2017-08-30'  [ RunTime:0.0002s ]
INFO: [ view_parse ] --START--
INFO: [ template_filter ] --START--
INFO: Run Behavior\ContentReplaceBehavior [ RunTime:0.000199s ]
INFO: [ template_filter ] --END-- [ RunTime:0.000272s ]
INFO: Run Behavior\ParseTemplateBehavior [ RunTime:0.125415s ]
INFO: [ view_parse ] --END-- [ RunTime:0.125473s ]
INFO: [ view_filter ] --START--
INFO: Run Behavior\WriteHtmlCacheBehavior [ RunTime:0.000517s ]
INFO: [ view_filter ] --END-- [ RunTime:0.000565s ]
INFO: [ app_end ] --START--
INFO: Run Behavior\ShowPageTraceBehavior [ RunTime:0.001132s ]
INFO: [ app_end ] --END-- [ RunTime:0.001213s ]

[ 2017-08-30T18:22:25+08:00 ] 127.0.0.1 /index.php?c=grade
INFO: [ app_init ] --START--
INFO: Run Behavior\BuildLiteBehavior [ RunTime:0.000013s ]
INFO: [ app_init ] --END-- [ RunTime:0.000309s ]
INFO: [ app_begin ] --START--
INFO: Run Behavior\ReadHtmlCacheBehavior [ RunTime:0.000391s ]
INFO: [ app_begin ] --END-- [ RunTime:0.000430s ]
SQL: SHOW COLUMNS FROM `grade` [ RunTime:0.0174s ]
SQL: SELECT * FROM `grade`  [ RunTime:0.0002s ]
SQL: SELECT * FROM `grade`  [ RunTime:0.0002s ]
SQL: SHOW COLUMNS FROM `leave` [ RunTime:0.0130s ]
SQL: SELECT * FROM `leave` WHERE `l_g_id` = 13 AND `l_addtime` = '2017-08-30'  [ RunTime:0.0003s ]
SQL: SELECT * FROM `leave` WHERE `l_g_id` = 13 AND `l_addtime` = '2017-08-29'  [ RunTime:0.0003s ]
SQL: SELECT * FROM `leave` WHERE `l_g_id` = 13 AND `l_addtime` = '2017-08-28'  [ RunTime:0.0003s ]
SQL: SELECT * FROM `leave` WHERE `l_g_id` = 13 AND `l_addtime` = '2017-08-29'  [ RunTime:0.0002s ]
SQL: SELECT * FROM `leave` WHERE `l_g_id` = 13 AND `l_addtime` = '2017-08-30'  [ RunTime:0.0002s ]
SQL: SELECT * FROM `leave` WHERE `l_g_id` = 13 AND `l_addtime` = '2017-08-01'  [ RunTime:0.0003s ]
SQL: SELECT * FROM `leave` WHERE `l_g_id` = 13 AND `l_addtime` = '2017-08-02'  [ RunTime:0.0003s ]
SQL: SELECT * FROM `leave` WHERE `l_g_id` = 13 AND `l_addtime` = '2017-08-03'  [ RunTime:0.0003s ]
SQL: SELECT * FROM `leave` WHERE `l_g_id` = 13 AND `l_addtime` = '2017-08-04'  [ RunTime:0.0002s ]
SQL: SELECT * FROM `leave` WHERE `l_g_id` = 13 AND `l_addtime` = '2017-08-05'  [ RunTime:0.0003s ]
SQL: SELECT * FROM `leave` WHERE `l_g_id` = 13 AND `l_addtime` = '2017-08-06'  [ RunTime:0.0003s ]
SQL: SELECT * FROM `leave` WHERE `l_g_id` = 13 AND `l_addtime` = '2017-08-07'  [ RunTime:0.0002s ]
SQL: SELECT * FROM `leave` WHERE `l_g_id` = 13 AND `l_addtime` = '2017-08-08'  [ RunTime:0.0002s ]
SQL: SELECT * FROM `leave` WHERE `l_g_id` = 13 AND `l_addtime` = '2017-08-09'  [ RunTime:0.0002s ]
SQL: SELECT * FROM `leave` WHERE `l_g_id` = 13 AND `l_addtime` = '2017-08-10'  [ RunTime:0.0003s ]
SQL: SELECT * FROM `leave` WHERE `l_g_id` = 13 AND `l_addtime` = '2017-08-11'  [ RunTime:0.0002s ]
SQL: SELECT * FROM `leave` WHERE `l_g_id` = 13 AND `l_addtime` = '2017-08-12'  [ RunTime:0.0003s ]
SQL: SELECT * FROM `leave` WHERE `l_g_id` = 13 AND `l_addtime` = '2017-08-13'  [ RunTime:0.0002s ]
SQL: SELECT * FROM `leave` WHERE `l_g_id` = 13 AND `l_addtime` = '2017-08-14'  [ RunTime:0.0002s ]
SQL: SELECT * FROM `leave` WHERE `l_g_id` = 13 AND `l_addtime` = '2017-08-15'  [ RunTime:0.0002s ]
SQL: SELECT * FROM `leave` WHERE `l_g_id` = 13 AND `l_addtime` = '2017-08-16'  [ RunTime:0.0002s ]
SQL: SELECT * FROM `leave` WHERE `l_g_id` = 13 AND `l_addtime` = '2017-08-17'  [ RunTime:0.0002s ]
SQL: SELECT * FROM `leave` WHERE `l_g_id` = 13 AND `l_addtime` = '2017-08-18'  [ RunTime:0.0003s ]
SQL: SELECT * FROM `leave` WHERE `l_g_id` = 13 AND `l_addtime` = '2017-08-19'  [ RunTime:0.0002s ]
SQL: SELECT * FROM `leave` WHERE `l_g_id` = 13 AND `l_addtime` = '2017-08-20'  [ RunTime:0.0003s ]
SQL: SELECT * FROM `leave` WHERE `l_g_id` = 13 AND `l_addtime` = '2017-08-21'  [ RunTime:0.0002s ]
SQL: SELECT * FROM `leave` WHERE `l_g_id` = 13 AND `l_addtime` = '2017-08-22'  [ RunTime:0.0002s ]
SQL: SELECT * FROM `leave` WHERE `l_g_id` = 13 AND `l_addtime` = '2017-08-23'  [ RunTime:0.0002s ]
SQL: SELECT * FROM `leave` WHERE `l_g_id` = 13 AND `l_addtime` = '2017-08-24'  [ RunTime:0.0003s ]
SQL: SELECT * FROM `leave` WHERE `l_g_id` = 13 AND `l_addtime` = '2017-08-25'  [ RunTime:0.0002s ]
SQL: SELECT * FROM `leave` WHERE `l_g_id` = 13 AND `l_addtime` = '2017-08-26'  [ RunTime:0.0002s ]
SQL: SELECT * FROM `leave` WHERE `l_g_id` = 13 AND `l_addtime` = '2017-08-27'  [ RunTime:0.0003s ]
SQL: SELECT * FROM `leave` WHERE `l_g_id` = 13 AND `l_addtime` = '2017-08-28'  [ RunTime:0.0002s ]
SQL: SELECT * FROM `leave` WHERE `l_g_id` = 13 AND `l_addtime` = '2017-08-29'  [ RunTime:0.0002s ]
SQL: SELECT * FROM `leave` WHERE `l_g_id` = 13 AND `l_addtime` = '2017-08-30'  [ RunTime:0.0002s ]
SQL: SELECT * FROM `leave` WHERE `l_g_id` = 12 AND `l_addtime` = '2017-08-30'  [ RunTime:0.0002s ]
SQL: SELECT * FROM `leave` WHERE `l_g_id` = 12 AND `l_addtime` = '2017-08-29'  [ RunTime:0.0002s ]
SQL: SELECT * FROM `leave` WHERE `l_g_id` = 12 AND `l_addtime` = '2017-08-28'  [ RunTime:0.0002s ]
SQL: SELECT * FROM `leave` WHERE `l_g_id` = 12 AND `l_addtime` = '2017-08-29'  [ RunTime:0.0002s ]
SQL: SELECT * FROM `leave` WHERE `l_g_id` = 12 AND `l_addtime` = '2017-08-30'  [ RunTime:0.0002s ]
SQL: SELECT * FROM `leave` WHERE `l_g_id` = 12 AND `l_addtime` = '2017-08-01'  [ RunTime:0.0002s ]
SQL: SELECT * FROM `leave` WHERE `l_g_id` = 12 AND `l_addtime` = '2017-08-02'  [ RunTime:0.0002s ]
SQL: SELECT * FROM `leave` WHERE `l_g_id` = 12 AND `l_addtime` = '2017-08-03'  [ RunTime:0.0002s ]
SQL: SELECT * FROM `leave` WHERE `l_g_id` = 12 AND `l_addtime` = '2017-08-04'  [ RunTime:0.0002s ]
SQL: SELECT * FROM `leave` WHERE `l_g_id` = 12 AND `l_addtime` = '2017-08-05'  [ RunTime:0.0003s ]
SQL: SELECT * FROM `leave` WHERE `l_g_id` = 12 AND `l_addtime` = '2017-08-06'  [ RunTime:0.0003s ]
SQL: SELECT * FROM `leave` WHERE `l_g_id` = 12 AND `l_addtime` = '2017-08-07'  [ RunTime:0.0002s ]
SQL: SELECT * FROM `leave` WHERE `l_g_id` = 12 AND `l_addtime` = '2017-08-08'  [ RunTime:0.0002s ]
SQL: SELECT * FROM `leave` WHERE `l_g_id` = 12 AND `l_addtime` = '2017-08-09'  [ RunTime:0.0002s ]
SQL: SELECT * FROM `leave` WHERE `l_g_id` = 12 AND `l_addtime` = '2017-08-10'  [ RunTime:0.0002s ]
SQL: SELECT * FROM `leave` WHERE `l_g_id` = 12 AND `l_addtime` = '2017-08-11'  [ RunTime:0.0002s ]
SQL: SELECT * FROM `leave` WHERE `l_g_id` = 12 AND `l_addtime` = '2017-08-12'  [ RunTime:0.0003s ]
SQL: SELECT * FROM `leave` WHERE `l_g_id` = 12 AND `l_addtime` = '2017-08-13'  [ RunTime:0.0003s ]
SQL: SELECT * FROM `leave` WHERE `l_g_id` = 12 AND `l_addtime` = '2017-08-14'  [ RunTime:0.0002s ]
SQL: SELECT * FROM `leave` WHERE `l_g_id` = 12 AND `l_addtime` = '2017-08-15'  [ RunTime:0.0002s ]
SQL: SELECT * FROM `leave` WHERE `l_g_id` = 12 AND `l_addtime` = '2017-08-16'  [ RunTime:0.0002s ]
SQL: SELECT * FROM `leave` WHERE `l_g_id` = 12 AND `l_addtime` = '2017-08-17'  [ RunTime:0.0002s ]
SQL: SELECT * FROM `leave` WHERE `l_g_id` = 12 AND `l_addtime` = '2017-08-18'  [ RunTime:0.0002s ]
SQL: SELECT * FROM `leave` WHERE `l_g_id` = 12 AND `l_addtime` = '2017-08-19'  [ RunTime:0.0002s ]
SQL: SELECT * FROM `leave` WHERE `l_g_id` = 12 AND `l_addtime` = '2017-08-20'  [ RunTime:0.0002s ]
SQL: SELECT * FROM `leave` WHERE `l_g_id` = 12 AND `l_addtime` = '2017-08-21'  [ RunTime:0.0002s ]
SQL: SELECT * FROM `leave` WHERE `l_g_id` = 12 AND `l_addtime` = '2017-08-22'  [ RunTime:0.0002s ]
SQL: SELECT * FROM `leave` WHERE `l_g_id` = 12 AND `l_addtime` = '2017-08-23'  [ RunTime:0.0002s ]
SQL: SELECT * FROM `leave` WHERE `l_g_id` = 12 AND `l_addtime` = '2017-08-24'  [ RunTime:0.0002s ]
SQL: SELECT * FROM `leave` WHERE `l_g_id` = 12 AND `l_addtime` = '2017-08-25'  [ RunTime:0.0002s ]
SQL: SELECT * FROM `leave` WHERE `l_g_id` = 12 AND `l_addtime` = '2017-08-26'  [ RunTime:0.0002s ]
SQL: SELECT * FROM `leave` WHERE `l_g_id` = 12 AND `l_addtime` = '2017-08-27'  [ RunTime:0.0002s ]
SQL: SELECT * FROM `leave` WHERE `l_g_id` = 12 AND `l_addtime` = '2017-08-28'  [ RunTime:0.0002s ]
SQL: SELECT * FROM `leave` WHERE `l_g_id` = 12 AND `l_addtime` = '2017-08-29'  [ RunTime:0.0002s ]
SQL: SELECT * FROM `leave` WHERE `l_g_id` = 12 AND `l_addtime` = '2017-08-30'  [ RunTime:0.0002s ]
INFO: [ view_parse ] --START--
INFO: [ template_filter ] --START--
INFO: Run Behavior\ContentReplaceBehavior [ RunTime:0.000103s ]
INFO: [ template_filter ] --END-- [ RunTime:0.000143s ]
INFO: Run Behavior\ParseTemplateBehavior [ RunTime:0.026690s ]
INFO: [ view_parse ] --END-- [ RunTime:0.026740s ]
INFO: [ view_filter ] --START--
INFO: Run Behavior\WriteHtmlCacheBehavior [ RunTime:0.000267s ]
INFO: [ view_filter ] --END-- [ RunTime:0.000296s ]
INFO: [ app_end ] --START--
INFO: Run Behavior\ShowPageTraceBehavior [ RunTime:0.000632s ]
INFO: [ app_end ] --END-- [ RunTime:0.000688s ]

[ 2017-08-30T18:22:27+08:00 ] 127.0.0.1 /index.php?c=class
INFO: [ app_init ] --START--
INFO: Run Behavior\BuildLiteBehavior [ RunTime:0.000014s ]
INFO: [ app_init ] --END-- [ RunTime:0.000429s ]
INFO: [ app_begin ] --START--
INFO: Run Behavior\ReadHtmlCacheBehavior [ RunTime:0.000377s ]
INFO: [ app_begin ] --END-- [ RunTime:0.000422s ]
SQL: SHOW COLUMNS FROM `grade` [ RunTime:0.0159s ]
SQL: SELECT * FROM `grade`  [ RunTime:0.0002s ]
INFO: [ view_parse ] --START--
INFO: [ template_filter ] --START--
INFO: Run Behavior\ContentReplaceBehavior [ RunTime:0.000101s ]
INFO: [ template_filter ] --END-- [ RunTime:0.000137s ]
NOTIC: [8] Undefined variable: class_list D:\phpStudy\WWW\leave\Application\Runtime\Cache\Home\7fde59dcc6730b00f0ea2d8c62973961.php 第 377 行.
NOTIC: [8] Undefined variable: class_list D:\phpStudy\WWW\leave\Application\Runtime\Cache\Home\7fde59dcc6730b00f0ea2d8c62973961.php 第 424 行.
INFO: Run Behavior\ParseTemplateBehavior [ RunTime:0.046240s ]
INFO: [ view_parse ] --END-- [ RunTime:0.046295s ]
INFO: [ view_filter ] --START--
INFO: Run Behavior\WriteHtmlCacheBehavior [ RunTime:0.000327s ]
INFO: [ view_filter ] --END-- [ RunTime:0.000361s ]
INFO: [ app_end ] --START--
INFO: Run Behavior\ShowPageTraceBehavior [ RunTime:0.000586s ]
INFO: [ app_end ] --END-- [ RunTime:0.000641s ]

[ 2017-08-30T18:22:33+08:00 ] 127.0.0.1 /index.php?c=student&a=delete
INFO: [ app_init ] --START--
INFO: Run Behavior\BuildLiteBehavior [ RunTime:0.000016s ]
INFO: [ app_init ] --END-- [ RunTime:0.000668s ]
INFO: [ app_begin ] --START--
INFO: Run Behavior\ReadHtmlCacheBehavior [ RunTime:0.000471s ]
INFO: [ app_begin ] --END-- [ RunTime:0.000531s ]
SQL: SHOW COLUMNS FROM `grade` [ RunTime:0.0158s ]
SQL: SELECT * FROM `grade`  [ RunTime:0.0002s ]
INFO: [ view_parse ] --START--
INFO: [ template_filter ] --START--
INFO: Run Behavior\ContentReplaceBehavior [ RunTime:0.000105s ]
INFO: [ template_filter ] --END-- [ RunTime:0.000144s ]
NOTIC: [8] Undefined variable: class_list D:\phpStudy\WWW\leave\Application\Runtime\Cache\Home\d89add365fb43c0af4d19e46e3a2df8f.php 第 377 行.
NOTIC: [8] Undefined variable: student_list D:\phpStudy\WWW\leave\Application\Runtime\Cache\Home\d89add365fb43c0af4d19e46e3a2df8f.php 第 423 行.
INFO: Run Behavior\ParseTemplateBehavior [ RunTime:0.160674s ]
INFO: [ view_parse ] --END-- [ RunTime:0.160728s ]
INFO: [ view_filter ] --START--
INFO: Run Behavior\WriteHtmlCacheBehavior [ RunTime:0.000319s ]
INFO: [ view_filter ] --END-- [ RunTime:0.000357s ]
INFO: [ app_end ] --START--
INFO: Run Behavior\ShowPageTraceBehavior [ RunTime:0.000567s ]
INFO: [ app_end ] --END-- [ RunTime:0.000619s ]

[ 2017-08-30T18:22:35+08:00 ] 127.0.0.1 /index.php?c=student&a=apply_ajax&s_g_id=13
INFO: [ app_init ] --START--
INFO: Run Behavior\BuildLiteBehavior [ RunTime:0.000011s ]
INFO: [ app_init ] --END-- [ RunTime:0.000326s ]
INFO: [ app_begin ] --START--
INFO: Run Behavior\ReadHtmlCacheBehavior [ RunTime:0.000390s ]
INFO: [ app_begin ] --END-- [ RunTime:0.000436s ]
SQL: SHOW COLUMNS FROM `grade` [ RunTime:0.0158s ]
SQL: SELECT * FROM `grade`  [ RunTime:0.0003s ]
SQL: SHOW COLUMNS FROM `class` [ RunTime:0.0137s ]
SQL: SELECT * FROM `class` WHERE `c_g_id` = 13  [ RunTime:0.0002s ]
INFO: [ app_end ] --START--
INFO: Run Behavior\ShowPageTraceBehavior [ RunTime:0.000478s ]
INFO: [ app_end ] --END-- [ RunTime:0.000511s ]

[ 2017-08-30T18:22:36+08:00 ] 127.0.0.1 /index.php?c=student&a=delete&s_g_id=13&s_c_id=28
INFO: [ app_init ] --START--
INFO: Run Behavior\BuildLiteBehavior [ RunTime:0.000009s ]
INFO: [ app_init ] --END-- [ RunTime:0.000313s ]
INFO: [ app_begin ] --START--
INFO: Run Behavior\ReadHtmlCacheBehavior [ RunTime:0.000353s ]
INFO: [ app_begin ] --END-- [ RunTime:0.000388s ]
SQL: SHOW COLUMNS FROM `grade` [ RunTime:0.0173s ]
SQL: SELECT * FROM `grade`  [ RunTime:0.0002s ]
SQL: SHOW COLUMNS FROM `student` [ RunTime:0.0125s ]
SQL: SELECT * FROM `student` WHERE `s_c_id` = 28 AND `s_g_id` = 13  [ RunTime:0.0010s ]
SQL: SHOW COLUMNS FROM `class` [ RunTime:0.0129s ]
SQL: SELECT * FROM `class` WHERE `c_g_id` = 13  [ RunTime:0.0002s ]
INFO: [ view_parse ] --START--
INFO: [ template_filter ] --START--
INFO: Run Behavior\ContentReplaceBehavior [ RunTime:0.000120s ]
INFO: [ template_filter ] --END-- [ RunTime:0.000161s ]
INFO: Run Behavior\ParseTemplateBehavior [ RunTime:0.048427s ]
INFO: [ view_parse ] --END-- [ RunTime:0.048483s ]
INFO: [ view_filter ] --START--
INFO: Run Behavior\WriteHtmlCacheBehavior [ RunTime:0.000262s ]
INFO: [ view_filter ] --END-- [ RunTime:0.000289s ]
INFO: [ app_end ] --START--
INFO: Run Behavior\ShowPageTraceBehavior [ RunTime:0.000719s ]
INFO: [ app_end ] --END-- [ RunTime:0.000795s ]

[ 2017-08-30T18:22:39+08:00 ] 127.0.0.1 /index.php?c=student&a=delete&s_id=808
INFO: [ app_init ] --START--
INFO: Run Behavior\BuildLiteBehavior [ RunTime:0.000014s ]
INFO: [ app_init ] --END-- [ RunTime:0.000454s ]
INFO: [ app_begin ] --START--
INFO: Run Behavior\ReadHtmlCacheBehavior [ RunTime:0.000375s ]
INFO: [ app_begin ] --END-- [ RunTime:0.000422s ]
SQL: SHOW COLUMNS FROM `grade` [ RunTime:0.0173s ]
SQL: SELECT * FROM `grade`  [ RunTime:0.0002s ]
SQL: SHOW COLUMNS FROM `student` [ RunTime:0.0130s ]
SQL: SELECT * FROM `student` WHERE `s_id` = 808 LIMIT 1   [ RunTime:0.0004s ]
SQL: DELETE FROM `student` WHERE `s_id` = 808 [ RunTime:0.0002s ]
INFO: [ view_parse ] --START--
INFO: [ template_filter ] --START--
INFO: Run Behavior\ContentReplaceBehavior [ RunTime:0.000033s ]
INFO: [ template_filter ] --END-- [ RunTime:0.000079s ]
INFO: Run Behavior\ParseTemplateBehavior [ RunTime:0.089622s ]
INFO: [ view_parse ] --END-- [ RunTime:0.089669s ]
INFO: [ view_filter ] --START--
INFO: Run Behavior\WriteHtmlCacheBehavior [ RunTime:0.000271s ]
INFO: [ view_filter ] --END-- [ RunTime:0.000300s ]

[ 2017-08-30T18:22:40+08:00 ] 127.0.0.1 /index.php?c=student&a=delete&s_g_id=13&s_c_id=28
INFO: [ app_init ] --START--
INFO: Run Behavior\BuildLiteBehavior [ RunTime:0.000009s ]
INFO: [ app_init ] --END-- [ RunTime:0.000300s ]
INFO: [ app_begin ] --START--
INFO: Run Behavior\ReadHtmlCacheBehavior [ RunTime:0.000344s ]
INFO: [ app_begin ] --END-- [ RunTime:0.000380s ]
SQL: SHOW COLUMNS FROM `grade` [ RunTime:0.0182s ]
SQL: SELECT * FROM `grade`  [ RunTime:0.0002s ]
SQL: SHOW COLUMNS FROM `student` [ RunTime:0.0156s ]
SQL: SELECT * FROM `student` WHERE `s_c_id` = 28 AND `s_g_id` = 13  [ RunTime:0.0006s ]
SQL: SHOW COLUMNS FROM `class` [ RunTime:0.0161s ]
SQL: SELECT * FROM `class` WHERE `c_g_id` = 13  [ RunTime:0.0003s ]
INFO: [ view_parse ] --START--
INFO: [ template_filter ] --START--
INFO: Run Behavior\ContentReplaceBehavior [ RunTime:0.000114s ]
INFO: [ template_filter ] --END-- [ RunTime:0.000153s ]
INFO: Run Behavior\ParseTemplateBehavior [ RunTime:0.055237s ]
INFO: [ view_parse ] --END-- [ RunTime:0.055280s ]
INFO: [ view_filter ] --START--
INFO: Run Behavior\WriteHtmlCacheBehavior [ RunTime:0.000248s ]
INFO: [ view_filter ] --END-- [ RunTime:0.000275s ]
INFO: [ app_end ] --START--
INFO: Run Behavior\ShowPageTraceBehavior [ RunTime:0.000641s ]
INFO: [ app_end ] --END-- [ RunTime:0.000718s ]

[ 2017-08-30T18:22:45+08:00 ] 127.0.0.1 /index.php?c=student&a=apply_ajax&s_g_id=13
INFO: [ app_init ] --START--
INFO: Run Behavior\BuildLiteBehavior [ RunTime:0.000011s ]
INFO: [ app_init ] --END-- [ RunTime:0.000326s ]
INFO: [ app_begin ] --START--
INFO: Run Behavior\ReadHtmlCacheBehavior [ RunTime:0.000388s ]
INFO: [ app_begin ] --END-- [ RunTime:0.000421s ]
SQL: SHOW COLUMNS FROM `grade` [ RunTime:0.0176s ]
SQL: SELECT * FROM `grade`  [ RunTime:0.0003s ]
SQL: SHOW COLUMNS FROM `class` [ RunTime:0.0118s ]
SQL: SELECT * FROM `class` WHERE `c_g_id` = 13  [ RunTime:0.0002s ]
INFO: [ app_end ] --START--
INFO: Run Behavior\ShowPageTraceBehavior [ RunTime:0.000505s ]
INFO: [ app_end ] --END-- [ RunTime:0.000541s ]

[ 2017-08-30T18:22:49+08:00 ] 127.0.0.1 /index.php?c=student&a=delete&s_id=807
INFO: [ app_init ] --START--
INFO: Run Behavior\BuildLiteBehavior [ RunTime:0.000010s ]
INFO: [ app_init ] --END-- [ RunTime:0.000324s ]
INFO: [ app_begin ] --START--
INFO: Run Behavior\ReadHtmlCacheBehavior [ RunTime:0.000348s ]
INFO: [ app_begin ] --END-- [ RunTime:0.000399s ]
SQL: SHOW COLUMNS FROM `grade` [ RunTime:0.1594s ]
SQL: SELECT * FROM `grade`  [ RunTime:0.0014s ]
SQL: SHOW COLUMNS FROM `student` [ RunTime:0.0204s ]
SQL: SELECT * FROM `student` WHERE `s_id` = 807 LIMIT 1   [ RunTime:0.0004s ]
SQL: DELETE FROM `student` WHERE `s_id` = 807 [ RunTime:0.0002s ]
INFO: [ view_parse ] --START--
INFO: [ template_filter ] --START--
INFO: Run Behavior\ContentReplaceBehavior [ RunTime:0.000059s ]
INFO: [ template_filter ] --END-- [ RunTime:0.000133s ]
INFO: Run Behavior\ParseTemplateBehavior [ RunTime:0.010703s ]
INFO: [ view_parse ] --END-- [ RunTime:0.010783s ]
INFO: [ view_filter ] --START--
INFO: Run Behavior\WriteHtmlCacheBehavior [ RunTime:0.000349s ]
INFO: [ view_filter ] --END-- [ RunTime:0.000396s ]

[ 2017-08-30T18:22:50+08:00 ] 127.0.0.1 /index.php?c=student&a=delete&s_g_id=13&s_c_id=28
INFO: [ app_init ] --START--
INFO: Run Behavior\BuildLiteBehavior [ RunTime:0.000011s ]
INFO: [ app_init ] --END-- [ RunTime:0.000323s ]
INFO: [ app_begin ] --START--
INFO: Run Behavior\ReadHtmlCacheBehavior [ RunTime:0.000389s ]
INFO: [ app_begin ] --END-- [ RunTime:0.000439s ]
SQL: SHOW COLUMNS FROM `grade` [ RunTime:0.0195s ]
SQL: SELECT * FROM `grade`  [ RunTime:0.0002s ]
SQL: SHOW COLUMNS FROM `student` [ RunTime:0.0153s ]
SQL: SELECT * FROM `student` WHERE `s_c_id` = 28 AND `s_g_id` = 13  [ RunTime:0.0006s ]
SQL: SHOW COLUMNS FROM `class` [ RunTime:0.0163s ]
SQL: SELECT * FROM `class` WHERE `c_g_id` = 13  [ RunTime:0.0002s ]
INFO: [ view_parse ] --START--
INFO: [ template_filter ] --START--
INFO: Run Behavior\ContentReplaceBehavior [ RunTime:0.000118s ]
INFO: [ template_filter ] --END-- [ RunTime:0.000160s ]
INFO: Run Behavior\ParseTemplateBehavior [ RunTime:0.050355s ]
INFO: [ view_parse ] --END-- [ RunTime:0.050401s ]
INFO: [ view_filter ] --START--
INFO: Run Behavior\WriteHtmlCacheBehavior [ RunTime:0.000257s ]
INFO: [ view_filter ] --END-- [ RunTime:0.000285s ]
INFO: [ app_end ] --START--
INFO: Run Behavior\ShowPageTraceBehavior [ RunTime:0.000601s ]
INFO: [ app_end ] --END-- [ RunTime:0.000652s ]

[ 2017-08-30T18:22:52+08:00 ] 127.0.0.1 /index.php?c=student&a=apply_ajax&s_g_id=13
INFO: [ app_init ] --START--
INFO: Run Behavior\BuildLiteBehavior [ RunTime:0.000009s ]
INFO: [ app_init ] --END-- [ RunTime:0.000301s ]
INFO: [ app_begin ] --START--
INFO: Run Behavior\ReadHtmlCacheBehavior [ RunTime:0.000351s ]
INFO: [ app_begin ] --END-- [ RunTime:0.000389s ]
SQL: SHOW COLUMNS FROM `grade` [ RunTime:0.0172s ]
SQL: SELECT * FROM `grade`  [ RunTime:0.0002s ]
SQL: SHOW COLUMNS FROM `class` [ RunTime:0.0137s ]
SQL: SELECT * FROM `class` WHERE `c_g_id` = 13  [ RunTime:0.0003s ]
INFO: [ app_end ] --START--
INFO: Run Behavior\ShowPageTraceBehavior [ RunTime:0.000570s ]
INFO: [ app_end ] --END-- [ RunTime:0.000615s ]

[ 2017-08-30T18:22:55+08:00 ] 127.0.0.1 /index.php?c=student&a=delete&s_g_id=13&s_c_id=28
INFO: [ app_init ] --START--
INFO: Run Behavior\BuildLiteBehavior [ RunTime:0.000009s ]
INFO: [ app_init ] --END-- [ RunTime:0.000316s ]
INFO: [ app_begin ] --START--
INFO: Run Behavior\ReadHtmlCacheBehavior [ RunTime:0.000347s ]
INFO: [ app_begin ] --END-- [ RunTime:0.000398s ]
SQL: SHOW COLUMNS FROM `grade` [ RunTime:0.0206s ]
SQL: SELECT * FROM `grade`  [ RunTime:0.0002s ]
SQL: SHOW COLUMNS FROM `student` [ RunTime:0.0138s ]
SQL: SELECT * FROM `student` WHERE `s_c_id` = 28 AND `s_g_id` = 13  [ RunTime:0.0009s ]
SQL: SHOW COLUMNS FROM `class` [ RunTime:0.0120s ]
SQL: SELECT * FROM `class` WHERE `c_g_id` = 13  [ RunTime:0.0002s ]
INFO: [ view_parse ] --START--
INFO: [ template_filter ] --START--
INFO: Run Behavior\ContentReplaceBehavior [ RunTime:0.000116s ]
INFO: [ template_filter ] --END-- [ RunTime:0.000155s ]
INFO: Run Behavior\ParseTemplateBehavior [ RunTime:0.055642s ]
INFO: [ view_parse ] --END-- [ RunTime:0.055701s ]
INFO: [ view_filter ] --START--
INFO: Run Behavior\WriteHtmlCacheBehavior [ RunTime:0.000260s ]
INFO: [ view_filter ] --END-- [ RunTime:0.000287s ]
INFO: [ app_end ] --START--
INFO: Run Behavior\ShowPageTraceBehavior [ RunTime:0.000555s ]
INFO: [ app_end ] --END-- [ RunTime:0.000616s ]

[ 2017-08-30T18:23:02+08:00 ] 127.0.0.1 /index.php?c=student
INFO: [ app_init ] --START--
INFO: Run Behavior\BuildLiteBehavior [ RunTime:0.000010s ]
INFO: [ app_init ] --END-- [ RunTime:0.000293s ]
INFO: [ app_begin ] --START--
INFO: Run Behavior\ReadHtmlCacheBehavior [ RunTime:0.000361s ]
INFO: [ app_begin ] --END-- [ RunTime:0.000397s ]
SQL: SHOW COLUMNS FROM `grade` [ RunTime:0.0175s ]
SQL: SELECT * FROM `grade`  [ RunTime:0.0002s ]
INFO: [ view_parse ] --START--
INFO: [ template_filter ] --START--
INFO: Run Behavior\ContentReplaceBehavior [ RunTime:0.000110s ]
INFO: [ template_filter ] --END-- [ RunTime:0.000151s ]
NOTIC: [8] Undefined variable: class_list D:\phpStudy\WWW\leave\Application\Runtime\Cache\Home\5e6caf1f921dc2090a81407240a42a8e.php 第 376 行.
NOTIC: [8] Undefined variable: student_list D:\phpStudy\WWW\leave\Application\Runtime\Cache\Home\5e6caf1f921dc2090a81407240a42a8e.php 第 422 行.
INFO: Run Behavior\ParseTemplateBehavior [ RunTime:0.051912s ]
INFO: [ view_parse ] --END-- [ RunTime:0.051964s ]
INFO: [ view_filter ] --START--
INFO: Run Behavior\WriteHtmlCacheBehavior [ RunTime:0.000250s ]
INFO: [ view_filter ] --END-- [ RunTime:0.000277s ]
INFO: [ app_end ] --START--
INFO: Run Behavior\ShowPageTraceBehavior [ RunTime:0.000571s ]
INFO: [ app_end ] --END-- [ RunTime:0.000623s ]

[ 2017-08-30T18:23:04+08:00 ] 127.0.0.1 /index.php?c=class
INFO: [ app_init ] --START--
INFO: Run Behavior\BuildLiteBehavior [ RunTime:0.000009s ]
INFO: [ app_init ] --END-- [ RunTime:0.000303s ]
INFO: [ app_begin ] --START--
INFO: Run Behavior\ReadHtmlCacheBehavior [ RunTime:0.000334s ]
INFO: [ app_begin ] --END-- [ RunTime:0.000368s ]
SQL: SHOW COLUMNS FROM `grade` [ RunTime:0.0157s ]
SQL: SELECT * FROM `grade`  [ RunTime:0.0002s ]
INFO: [ view_parse ] --START--
INFO: [ template_filter ] --START--
INFO: Run Behavior\ContentReplaceBehavior [ RunTime:0.000100s ]
INFO: [ template_filter ] --END-- [ RunTime:0.000134s ]
NOTIC: [8] Undefined variable: class_list D:\phpStudy\WWW\leave\Application\Runtime\Cache\Home\7fde59dcc6730b00f0ea2d8c62973961.php 第 377 行.
NOTIC: [8] Undefined variable: class_list D:\phpStudy\WWW\leave\Application\Runtime\Cache\Home\7fde59dcc6730b00f0ea2d8c62973961.php 第 424 行.
INFO: Run Behavior\ParseTemplateBehavior [ RunTime:0.052783s ]
INFO: [ view_parse ] --END-- [ RunTime:0.052825s ]
INFO: [ view_filter ] --START--
INFO: Run Behavior\WriteHtmlCacheBehavior [ RunTime:0.000408s ]
INFO: [ view_filter ] --END-- [ RunTime:0.000481s ]
INFO: [ app_end ] --START--
INFO: Run Behavior\ShowPageTraceBehavior [ RunTime:0.000626s ]
INFO: [ app_end ] --END-- [ RunTime:0.000683s ]

[ 2017-08-30T18:23:33+08:00 ] 127.0.0.1 /index.php?c=class
INFO: [ app_init ] --START--
INFO: Run Behavior\BuildLiteBehavior [ RunTime:0.000008s ]
INFO: [ app_init ] --END-- [ RunTime:0.000286s ]
INFO: [ app_begin ] --START--
INFO: Run Behavior\ReadHtmlCacheBehavior [ RunTime:0.000383s ]
INFO: [ app_begin ] --END-- [ RunTime:0.000421s ]
SQL: SHOW COLUMNS FROM `grade` [ RunTime:0.0162s ]
SQL: SELECT * FROM `grade`  [ RunTime:0.0002s ]
INFO: [ view_parse ] --START--
INFO: [ template_filter ] --START--
INFO: Run Behavior\ContentReplaceBehavior [ RunTime:0.000103s ]
INFO: [ template_filter ] --END-- [ RunTime:0.000143s ]
NOTIC: [8] Undefined variable: class_list D:\phpStudy\WWW\leave\Application\Runtime\Cache\Home\7fde59dcc6730b00f0ea2d8c62973961.php 第 377 行.
NOTIC: [8] Undefined variable: class_list D:\phpStudy\WWW\leave\Application\Runtime\Cache\Home\7fde59dcc6730b00f0ea2d8c62973961.php 第 424 行.
INFO: Run Behavior\ParseTemplateBehavior [ RunTime:0.048207s ]
INFO: [ view_parse ] --END-- [ RunTime:0.048247s ]
INFO: [ view_filter ] --START--
INFO: Run Behavior\WriteHtmlCacheBehavior [ RunTime:0.000239s ]
INFO: [ view_filter ] --END-- [ RunTime:0.000272s ]
INFO: [ app_end ] --START--
INFO: Run Behavior\ShowPageTraceBehavior [ RunTime:0.000612s ]
INFO: [ app_end ] --END-- [ RunTime:0.000665s ]

[ 2017-08-30T18:23:35+08:00 ] 127.0.0.1 /index.php?c=student
INFO: [ app_init ] --START--
INFO: Run Behavior\BuildLiteBehavior [ RunTime:0.000009s ]
INFO: [ app_init ] --END-- [ RunTime:0.000282s ]
INFO: [ app_begin ] --START--
INFO: Run Behavior\ReadHtmlCacheBehavior [ RunTime:0.000337s ]
INFO: [ app_begin ] --END-- [ RunTime:0.000372s ]
SQL: SHOW COLUMNS FROM `grade` [ RunTime:0.0163s ]
SQL: SELECT * FROM `grade`  [ RunTime:0.0002s ]
INFO: [ view_parse ] --START--
INFO: [ template_filter ] --START--
INFO: Run Behavior\ContentReplaceBehavior [ RunTime:0.000105s ]
INFO: [ template_filter ] --END-- [ RunTime:0.000139s ]
NOTIC: [8] Undefined variable: class_list D:\phpStudy\WWW\leave\Application\Runtime\Cache\Home\5e6caf1f921dc2090a81407240a42a8e.php 第 376 行.
NOTIC: [8] Undefined variable: student_list D:\phpStudy\WWW\leave\Application\Runtime\Cache\Home\5e6caf1f921dc2090a81407240a42a8e.php 第 422 行.
INFO: Run Behavior\ParseTemplateBehavior [ RunTime:0.052157s ]
INFO: [ view_parse ] --END-- [ RunTime:0.052211s ]
INFO: [ view_filter ] --START--
INFO: Run Behavior\WriteHtmlCacheBehavior [ RunTime:0.000387s ]
INFO: [ view_filter ] --END-- [ RunTime:0.000451s ]
INFO: [ app_end ] --START--
INFO: Run Behavior\ShowPageTraceBehavior [ RunTime:0.000874s ]
INFO: [ app_end ] --END-- [ RunTime:0.000943s ]

[ 2017-08-30T18:23:37+08:00 ] 127.0.0.1 /index.php?c=class
INFO: [ app_init ] --START--
INFO: Run Behavior\BuildLiteBehavior [ RunTime:0.000010s ]
INFO: [ app_init ] --END-- [ RunTime:0.000311s ]
INFO: [ app_begin ] --START--
INFO: Run Behavior\ReadHtmlCacheBehavior [ RunTime:0.000493s ]
INFO: [ app_begin ] --END-- [ RunTime:0.000538s ]
SQL: SHOW COLUMNS FROM `grade` [ RunTime:0.0163s ]
SQL: SELECT * FROM `grade`  [ RunTime:0.0002s ]
INFO: [ view_parse ] --START--
INFO: [ template_filter ] --START--
INFO: Run Behavior\ContentReplaceBehavior [ RunTime:0.000134s ]
INFO: [ template_filter ] --END-- [ RunTime:0.000181s ]
NOTIC: [8] Undefined variable: class_list D:\phpStudy\WWW\leave\Application\Runtime\Cache\Home\7fde59dcc6730b00f0ea2d8c62973961.php 第 377 行.
NOTIC: [8] Undefined variable: class_list D:\phpStudy\WWW\leave\Application\Runtime\Cache\Home\7fde59dcc6730b00f0ea2d8c62973961.php 第 424 行.
INFO: Run Behavior\ParseTemplateBehavior [ RunTime:0.045833s ]
INFO: [ view_parse ] --END-- [ RunTime:0.045866s ]
INFO: [ view_filter ] --START--
INFO: Run Behavior\WriteHtmlCacheBehavior [ RunTime:0.000265s ]
INFO: [ view_filter ] --END-- [ RunTime:0.000291s ]
INFO: [ app_end ] --START--
INFO: Run Behavior\ShowPageTraceBehavior [ RunTime:0.000557s ]
INFO: [ app_end ] --END-- [ RunTime:0.000601s ]

[ 2017-08-30T18:23:38+08:00 ] 127.0.0.1 /index.php?c=student
INFO: [ app_init ] --START--
INFO: Run Behavior\BuildLiteBehavior [ RunTime:0.000012s ]
INFO: [ app_init ] --END-- [ RunTime:0.000384s ]
INFO: [ app_begin ] --START--
INFO: Run Behavior\ReadHtmlCacheBehavior [ RunTime:0.000388s ]
INFO: [ app_begin ] --END-- [ RunTime:0.000426s ]
SQL: SHOW COLUMNS FROM `grade` [ RunTime:0.0153s ]
SQL: SELECT * FROM `grade`  [ RunTime:0.0002s ]
INFO: [ view_parse ] --START--
INFO: [ template_filter ] --START--
INFO: Run Behavior\ContentReplaceBehavior [ RunTime:0.000133s ]
INFO: [ template_filter ] --END-- [ RunTime:0.000172s ]
NOTIC: [8] Undefined variable: class_list D:\phpStudy\WWW\leave\Application\Runtime\Cache\Home\5e6caf1f921dc2090a81407240a42a8e.php 第 376 行.
NOTIC: [8] Undefined variable: student_list D:\phpStudy\WWW\leave\Application\Runtime\Cache\Home\5e6caf1f921dc2090a81407240a42a8e.php 第 422 行.
INFO: Run Behavior\ParseTemplateBehavior [ RunTime:0.051582s ]
INFO: [ view_parse ] --END-- [ RunTime:0.051640s ]
INFO: [ view_filter ] --START--
INFO: Run Behavior\WriteHtmlCacheBehavior [ RunTime:0.000285s ]
INFO: [ view_filter ] --END-- [ RunTime:0.000314s ]
INFO: [ app_end ] --START--
INFO: Run Behavior\ShowPageTraceBehavior [ RunTime:0.000471s ]
INFO: [ app_end ] --END-- [ RunTime:0.000516s ]

[ 2017-08-30T18:23:39+08:00 ] 127.0.0.1 /index.php?c=index
INFO: [ app_init ] --START--
INFO: Run Behavior\BuildLiteBehavior [ RunTime:0.000009s ]
INFO: [ app_init ] --END-- [ RunTime:0.000306s ]
INFO: [ app_begin ] --START--
INFO: Run Behavior\ReadHtmlCacheBehavior [ RunTime:0.000332s ]
INFO: [ app_begin ] --END-- [ RunTime:0.000366s ]
SQL: SHOW COLUMNS FROM `leave` [ RunTime:0.0161s ]
SQL: SELECT * FROM `leave` WHERE `l_addtime` = '2017-08-30'  [ RunTime:0.0003s ]
SQL: SELECT * FROM `leave` WHERE `l_addtime` = '2017-08-29'  [ RunTime:0.0003s ]
SQL: SELECT * FROM `leave` WHERE `l_addtime` = '2017-08-28'  [ RunTime:0.0003s ]
SQL: SELECT * FROM `leave` WHERE `l_addtime` = '2017-08-29'  [ RunTime:0.0003s ]
SQL: SELECT * FROM `leave` WHERE `l_addtime` = '2017-08-30'  [ RunTime:0.0002s ]
SQL: SELECT * FROM `leave` WHERE `l_addtime` = '2017-08-01'  [ RunTime:0.0002s ]
SQL: SELECT * FROM `leave` WHERE `l_addtime` = '2017-08-02'  [ RunTime:0.0002s ]
SQL: SELECT * FROM `leave` WHERE `l_addtime` = '2017-08-03'  [ RunTime:0.0002s ]
SQL: SELECT * FROM `leave` WHERE `l_addtime` = '2017-08-04'  [ RunTime:0.0002s ]
SQL: SELECT * FROM `leave` WHERE `l_addtime` = '2017-08-05'  [ RunTime:0.0002s ]
SQL: SELECT * FROM `leave` WHERE `l_addtime` = '2017-08-06'  [ RunTime:0.0002s ]
SQL: SELECT * FROM `leave` WHERE `l_addtime` = '2017-08-07'  [ RunTime:0.0003s ]
SQL: SELECT * FROM `leave` WHERE `l_addtime` = '2017-08-08'  [ RunTime:0.0002s ]
SQL: SELECT * FROM `leave` WHERE `l_addtime` = '2017-08-09'  [ RunTime:0.0003s ]
SQL: SELECT * FROM `leave` WHERE `l_addtime` = '2017-08-10'  [ RunTime:0.0002s ]
SQL: SELECT * FROM `leave` WHERE `l_addtime` = '2017-08-11'  [ RunTime:0.0002s ]
SQL: SELECT * FROM `leave` WHERE `l_addtime` = '2017-08-12'  [ RunTime:0.0002s ]
SQL: SELECT * FROM `leave` WHERE `l_addtime` = '2017-08-13'  [ RunTime:0.0002s ]
SQL: SELECT * FROM `leave` WHERE `l_addtime` = '2017-08-14'  [ RunTime:0.0002s ]
SQL: SELECT * FROM `leave` WHERE `l_addtime` = '2017-08-15'  [ RunTime:0.0002s ]
SQL: SELECT * FROM `leave` WHERE `l_addtime` = '2017-08-16'  [ RunTime:0.0002s ]
SQL: SELECT * FROM `leave` WHERE `l_addtime` = '2017-08-17'  [ RunTime:0.0002s ]
SQL: SELECT * FROM `leave` WHERE `l_addtime` = '2017-08-18'  [ RunTime:0.0002s ]
SQL: SELECT * FROM `leave` WHERE `l_addtime` = '2017-08-19'  [ RunTime:0.0002s ]
SQL: SELECT * FROM `leave` WHERE `l_addtime` = '2017-08-20'  [ RunTime:0.0002s ]
SQL: SELECT * FROM `leave` WHERE `l_addtime` = '2017-08-21'  [ RunTime:0.0002s ]
SQL: SELECT * FROM `leave` WHERE `l_addtime` = '2017-08-22'  [ RunTime:0.0002s ]
SQL: SELECT * FROM `leave` WHERE `l_addtime` = '2017-08-23'  [ RunTime:0.0002s ]
SQL: SELECT * FROM `leave` WHERE `l_addtime` = '2017-08-24'  [ RunTime:0.0002s ]
SQL: SELECT * FROM `leave` WHERE `l_addtime` = '2017-08-25'  [ RunTime:0.0002s ]
SQL: SELECT * FROM `leave` WHERE `l_addtime` = '2017-08-26'  [ RunTime:0.0002s ]
SQL: SELECT * FROM `leave` WHERE `l_addtime` = '2017-08-27'  [ RunTime:0.0002s ]
SQL: SELECT * FROM `leave` WHERE `l_addtime` = '2017-08-28'  [ RunTime:0.0002s ]
SQL: SELECT * FROM `leave` WHERE `l_addtime` = '2017-08-29'  [ RunTime:0.0002s ]
SQL: SELECT * FROM `leave` WHERE `l_addtime` = '2017-08-30'  [ RunTime:0.0002s ]
INFO: [ view_parse ] --START--
INFO: [ template_filter ] --START--
INFO: Run Behavior\ContentReplaceBehavior [ RunTime:0.000167s ]
INFO: [ template_filter ] --END-- [ RunTime:0.000209s ]
INFO: Run Behavior\ParseTemplateBehavior [ RunTime:0.023589s ]
INFO: [ view_parse ] --END-- [ RunTime:0.023631s ]
INFO: [ view_filter ] --START--
INFO: Run Behavior\WriteHtmlCacheBehavior [ RunTime:0.000222s ]
INFO: [ view_filter ] --END-- [ RunTime:0.000247s ]
INFO: [ app_end ] --START--
INFO: Run Behavior\ShowPageTraceBehavior [ RunTime:0.000482s ]
INFO: [ app_end ] --END-- [ RunTime:0.000515s ]

