[ 2017-08-29T16:16:34+08:00 ] 127.0.0.1 /
INFO: [ app_init ] --START--
INFO: Run Behavior\BuildLiteBehavior [ RunTime:0.000019s ]
INFO: [ app_init ] --END-- [ RunTime:0.101560s ]
INFO: [ app_begin ] --START--
INFO: Run Behavior\ReadHtmlCacheBehavior [ RunTime:0.032469s ]
INFO: [ app_begin ] --END-- [ RunTime:0.032521s ]
NOTIC: [8] Undefined variable: module D:\phpStudy\WWW\leave\ThinkPHP\Common\functions.php 第 990 行.
NOTIC: [8] Undefined variable: var D:\phpStudy\WWW\leave\ThinkPHP\Common\functions.php 第 990 行.
NOTIC: [2] array_reverse() expects parameter 1 to be array, null given D:\phpStudy\WWW\leave\ThinkPHP\Common\functions.php 第 990 行.
NOTIC: [2] http_build_query(): Parameter 1 expected to be Array or Object.  Incorrect value given D:\phpStudy\WWW\leave\ThinkPHP\Common\functions.php 第 990 行.

[ 2017-08-29T16:16:35+08:00 ] 127.0.0.1 /index.php?m=&&m=home&c=login
INFO: [ app_init ] --START--
INFO: Run Behavior\BuildLiteBehavior [ RunTime:0.000019s ]
INFO: [ app_init ] --END-- [ RunTime:0.000387s ]
INFO: [ app_begin ] --START--
INFO: Run Behavior\ReadHtmlCacheBehavior [ RunTime:0.000492s ]
INFO: [ app_begin ] --END-- [ RunTime:0.000534s ]
INFO: [ view_parse ] --START--
INFO: [ template_filter ] --START--
INFO: Run Behavior\ContentReplaceBehavior [ RunTime:0.000096s ]
INFO: [ template_filter ] --END-- [ RunTime:0.000200s ]
NOTIC: [8] Undefined variable: state D:\phpStudy\WWW\leave\Application\Runtime\Cache\Home\5b6adcb62ad2b5dfc2abc2cd5e11dc99.php 第 33 行.
INFO: Run Behavior\ParseTemplateBehavior [ RunTime:0.395387s ]
INFO: [ view_parse ] --END-- [ RunTime:0.395497s ]
INFO: [ view_filter ] --START--
INFO: Run Behavior\WriteHtmlCacheBehavior [ RunTime:0.031445s ]
INFO: [ view_filter ] --END-- [ RunTime:0.031544s ]
INFO: [ app_end ] --START--
INFO: Run Behavior\ShowPageTraceBehavior [ RunTime:0.022286s ]
INFO: [ app_end ] --END-- [ RunTime:0.022379s ]

[ 2017-08-29T16:16:41+08:00 ] 127.0.0.1 /index.php?m=home&c=login&a=index
INFO: [ app_init ] --START--
INFO: Run Behavior\BuildLiteBehavior [ RunTime:0.000009s ]
INFO: [ app_init ] --END-- [ RunTime:0.000284s ]
INFO: [ app_begin ] --START--
INFO: Run Behavior\ReadHtmlCacheBehavior [ RunTime:0.000357s ]
INFO: [ app_begin ] --END-- [ RunTime:0.000396s ]
SQL: SHOW COLUMNS FROM `admin` [ RunTime:0.1897s ]
SQL: SELECT * FROM `admin` WHERE `a_username` = 'admin' LIMIT 1   [ RunTime:0.0010s ]
NOTIC: [8] Undefined variable: module D:\phpStudy\WWW\leave\ThinkPHP\Common\functions.php 第 990 行.
NOTIC: [8] Undefined variable: var D:\phpStudy\WWW\leave\ThinkPHP\Common\functions.php 第 990 行.
NOTIC: [2] array_reverse() expects parameter 1 to be array, null given D:\phpStudy\WWW\leave\ThinkPHP\Common\functions.php 第 990 行.
NOTIC: [2] http_build_query(): Parameter 1 expected to be Array or Object.  Incorrect value given D:\phpStudy\WWW\leave\ThinkPHP\Common\functions.php 第 990 行.

[ 2017-08-29T16:16:41+08:00 ] 127.0.0.1 /index.php?m=&&c=index
INFO: [ app_init ] --START--
INFO: Run Behavior\BuildLiteBehavior [ RunTime:0.000049s ]
INFO: [ app_init ] --END-- [ RunTime:0.003765s ]
INFO: [ app_begin ] --START--
INFO: Run Behavior\ReadHtmlCacheBehavior [ RunTime:0.003368s ]
INFO: [ app_begin ] --END-- [ RunTime:0.003557s ]
SQL: SHOW COLUMNS FROM `leave` [ RunTime:0.1528s ]
SQL: SELECT * FROM `leave` WHERE `l_addtime` = '2017-08-29'  [ RunTime:0.0012s ]
SQL: SELECT * FROM `leave` WHERE `l_addtime` = '2017-08-28'  [ RunTime:0.0008s ]
SQL: SELECT * FROM `leave` WHERE `l_addtime` = '2017-08-28'  [ RunTime:0.0010s ]
SQL: SELECT * FROM `leave` WHERE `l_addtime` = '2017-08-29'  [ RunTime:0.0008s ]
SQL: SELECT * FROM `leave` WHERE `l_addtime` = '2017-08-01'  [ RunTime:0.0008s ]
SQL: SELECT * FROM `leave` WHERE `l_addtime` = '2017-08-02'  [ RunTime:0.0008s ]
SQL: SELECT * FROM `leave` WHERE `l_addtime` = '2017-08-03'  [ RunTime:0.0008s ]
SQL: SELECT * FROM `leave` WHERE `l_addtime` = '2017-08-04'  [ RunTime:0.0008s ]
SQL: SELECT * FROM `leave` WHERE `l_addtime` = '2017-08-05'  [ RunTime:0.0008s ]
SQL: SELECT * FROM `leave` WHERE `l_addtime` = '2017-08-06'  [ RunTime:0.0008s ]
SQL: SELECT * FROM `leave` WHERE `l_addtime` = '2017-08-07'  [ RunTime:0.0009s ]
SQL: SELECT * FROM `leave` WHERE `l_addtime` = '2017-08-08'  [ RunTime:0.0009s ]
SQL: SELECT * FROM `leave` WHERE `l_addtime` = '2017-08-09'  [ RunTime:0.0008s ]
SQL: SELECT * FROM `leave` WHERE `l_addtime` = '2017-08-10'  [ RunTime:0.0010s ]
SQL: SELECT * FROM `leave` WHERE `l_addtime` = '2017-08-11'  [ RunTime:0.0009s ]
SQL: SELECT * FROM `leave` WHERE `l_addtime` = '2017-08-12'  [ RunTime:0.0008s ]
SQL: SELECT * FROM `leave` WHERE `l_addtime` = '2017-08-13'  [ RunTime:0.0007s ]
SQL: SELECT * FROM `leave` WHERE `l_addtime` = '2017-08-14'  [ RunTime:0.0007s ]
SQL: SELECT * FROM `leave` WHERE `l_addtime` = '2017-08-15'  [ RunTime:0.0007s ]
SQL: SELECT * FROM `leave` WHERE `l_addtime` = '2017-08-16'  [ RunTime:0.0007s ]
SQL: SELECT * FROM `leave` WHERE `l_addtime` = '2017-08-17'  [ RunTime:0.0007s ]
SQL: SELECT * FROM `leave` WHERE `l_addtime` = '2017-08-18'  [ RunTime:0.0007s ]
SQL: SELECT * FROM `leave` WHERE `l_addtime` = '2017-08-19'  [ RunTime:0.0007s ]
SQL: SELECT * FROM `leave` WHERE `l_addtime` = '2017-08-20'  [ RunTime:0.0007s ]
SQL: SELECT * FROM `leave` WHERE `l_addtime` = '2017-08-21'  [ RunTime:0.0007s ]
SQL: SELECT * FROM `leave` WHERE `l_addtime` = '2017-08-22'  [ RunTime:0.0007s ]
SQL: SELECT * FROM `leave` WHERE `l_addtime` = '2017-08-23'  [ RunTime:0.0007s ]
SQL: SELECT * FROM `leave` WHERE `l_addtime` = '2017-08-24'  [ RunTime:0.0009s ]
SQL: SELECT * FROM `leave` WHERE `l_addtime` = '2017-08-25'  [ RunTime:0.0013s ]
SQL: SELECT * FROM `leave` WHERE `l_addtime` = '2017-08-26'  [ RunTime:0.0008s ]
SQL: SELECT * FROM `leave` WHERE `l_addtime` = '2017-08-27'  [ RunTime:0.0007s ]
SQL: SELECT * FROM `leave` WHERE `l_addtime` = '2017-08-28'  [ RunTime:0.0007s ]
SQL: SELECT * FROM `leave` WHERE `l_addtime` = '2017-08-29'  [ RunTime:0.0008s ]
INFO: [ view_parse ] --START--
INFO: [ template_filter ] --START--
INFO: Run Behavior\ContentReplaceBehavior [ RunTime:0.000576s ]
INFO: [ template_filter ] --END-- [ RunTime:0.000734s ]
INFO: Run Behavior\ParseTemplateBehavior [ RunTime:0.163673s ]
INFO: [ view_parse ] --END-- [ RunTime:0.163799s ]
INFO: [ view_filter ] --START--
INFO: Run Behavior\WriteHtmlCacheBehavior [ RunTime:0.000563s ]
INFO: [ view_filter ] --END-- [ RunTime:0.000625s ]
INFO: [ app_end ] --START--
INFO: Run Behavior\ShowPageTraceBehavior [ RunTime:0.001230s ]
INFO: [ app_end ] --END-- [ RunTime:0.001340s ]

[ 2017-08-29T16:16:53+08:00 ] 127.0.0.1 /index.php?c=class
INFO: [ app_init ] --START--
INFO: Run Behavior\BuildLiteBehavior [ RunTime:0.000009s ]
INFO: [ app_init ] --END-- [ RunTime:0.000283s ]
INFO: [ app_begin ] --START--
INFO: Run Behavior\ReadHtmlCacheBehavior [ RunTime:0.000332s ]
INFO: [ app_begin ] --END-- [ RunTime:0.000367s ]
SQL: SHOW COLUMNS FROM `grade` [ RunTime:0.1766s ]
SQL: SELECT * FROM `grade`  [ RunTime:0.0006s ]
INFO: [ view_parse ] --START--
INFO: [ template_filter ] --START--
INFO: Run Behavior\ContentReplaceBehavior [ RunTime:0.000405s ]
INFO: [ template_filter ] --END-- [ RunTime:0.000531s ]
NOTIC: [8] Undefined variable: class_list D:\phpStudy\WWW\leave\Application\Runtime\Cache\Home\7fde59dcc6730b00f0ea2d8c62973961.php 第 377 行.
NOTIC: [8] Undefined variable: class_list D:\phpStudy\WWW\leave\Application\Runtime\Cache\Home\7fde59dcc6730b00f0ea2d8c62973961.php 第 424 行.
INFO: Run Behavior\ParseTemplateBehavior [ RunTime:0.243220s ]
INFO: [ view_parse ] --END-- [ RunTime:0.243349s ]
INFO: [ view_filter ] --START--
INFO: Run Behavior\WriteHtmlCacheBehavior [ RunTime:0.000799s ]
INFO: [ view_filter ] --END-- [ RunTime:0.001009s ]
INFO: [ app_end ] --START--
INFO: Run Behavior\ShowPageTraceBehavior [ RunTime:0.001729s ]
INFO: [ app_end ] --END-- [ RunTime:0.001920s ]

[ 2017-08-29T16:16:54+08:00 ] 127.0.0.1 /index.php?c=student
INFO: [ app_init ] --START--
INFO: Run Behavior\BuildLiteBehavior [ RunTime:0.000009s ]
INFO: [ app_init ] --END-- [ RunTime:0.000321s ]
INFO: [ app_begin ] --START--
INFO: Run Behavior\ReadHtmlCacheBehavior [ RunTime:0.000355s ]
INFO: [ app_begin ] --END-- [ RunTime:0.000390s ]
SQL: SHOW COLUMNS FROM `grade` [ RunTime:0.0109s ]
SQL: SELECT * FROM `grade`  [ RunTime:0.0003s ]
INFO: [ view_parse ] --START--
INFO: [ template_filter ] --START--
INFO: Run Behavior\ContentReplaceBehavior [ RunTime:0.000252s ]
INFO: [ template_filter ] --END-- [ RunTime:0.000338s ]
NOTIC: [8] Undefined variable: class_list D:\phpStudy\WWW\leave\Application\Runtime\Cache\Home\5e6caf1f921dc2090a81407240a42a8e.php 第 376 行.
NOTIC: [8] Undefined variable: student_list D:\phpStudy\WWW\leave\Application\Runtime\Cache\Home\5e6caf1f921dc2090a81407240a42a8e.php 第 422 行.
INFO: Run Behavior\ParseTemplateBehavior [ RunTime:0.162305s ]
INFO: [ view_parse ] --END-- [ RunTime:0.162367s ]
INFO: [ view_filter ] --START--
INFO: Run Behavior\WriteHtmlCacheBehavior [ RunTime:0.000542s ]
INFO: [ view_filter ] --END-- [ RunTime:0.000602s ]
INFO: [ app_end ] --START--
INFO: Run Behavior\ShowPageTraceBehavior [ RunTime:0.000992s ]
INFO: [ app_end ] --END-- [ RunTime:0.003257s ]

[ 2017-08-29T16:16:56+08:00 ] 127.0.0.1 /index.php?c=student&a=apply_ajax&s_g_id=13
INFO: [ app_init ] --START--
INFO: Run Behavior\BuildLiteBehavior [ RunTime:0.000009s ]
INFO: [ app_init ] --END-- [ RunTime:0.000306s ]
INFO: [ app_begin ] --START--
INFO: Run Behavior\ReadHtmlCacheBehavior [ RunTime:0.000343s ]
INFO: [ app_begin ] --END-- [ RunTime:0.000375s ]
SQL: SHOW COLUMNS FROM `class` [ RunTime:0.1907s ]
SQL: SELECT * FROM `class` WHERE `c_g_id` = 13  [ RunTime:0.0006s ]
INFO: [ app_end ] --START--
INFO: Run Behavior\ShowPageTraceBehavior [ RunTime:0.001116s ]
INFO: [ app_end ] --END-- [ RunTime:0.001212s ]

[ 2017-08-29T16:16:59+08:00 ] 127.0.0.1 /index.php?c=student&a=index&s_g_id=13&s_c_id=28
INFO: [ app_init ] --START--
INFO: Run Behavior\BuildLiteBehavior [ RunTime:0.000008s ]
INFO: [ app_init ] --END-- [ RunTime:0.000285s ]
INFO: [ app_begin ] --START--
INFO: Run Behavior\ReadHtmlCacheBehavior [ RunTime:0.000330s ]
INFO: [ app_begin ] --END-- [ RunTime:0.000364s ]
SQL: SHOW COLUMNS FROM `student` [ RunTime:0.2014s ]
SQL: SELECT * FROM `student` WHERE `s_c_id` = 28 AND `s_g_id` = 13  [ RunTime:0.0191s ]
SQL: SHOW COLUMNS FROM `class` [ RunTime:0.0318s ]
SQL: SELECT * FROM `class` WHERE `c_g_id` = 13  [ RunTime:0.0007s ]
SQL: SHOW COLUMNS FROM `grade` [ RunTime:0.0375s ]
SQL: SELECT * FROM `grade`  [ RunTime:0.0006s ]
INFO: [ view_parse ] --START--
INFO: [ template_filter ] --START--
INFO: Run Behavior\ContentReplaceBehavior [ RunTime:0.000426s ]
INFO: [ template_filter ] --END-- [ RunTime:0.000567s ]
INFO: Run Behavior\ParseTemplateBehavior [ RunTime:0.207091s ]
INFO: [ view_parse ] --END-- [ RunTime:0.207283s ]
INFO: [ view_filter ] --START--
INFO: Run Behavior\WriteHtmlCacheBehavior [ RunTime:0.001165s ]
INFO: [ view_filter ] --END-- [ RunTime:0.001382s ]
INFO: [ app_end ] --START--
INFO: Run Behavior\ShowPageTraceBehavior [ RunTime:0.001700s ]
INFO: [ app_end ] --END-- [ RunTime:0.001879s ]

[ 2017-08-29T16:17:14+08:00 ] 127.0.0.1 /index.php?c=leave&a=apply
INFO: [ app_init ] --START--
INFO: Run Behavior\BuildLiteBehavior [ RunTime:0.000011s ]
INFO: [ app_init ] --END-- [ RunTime:0.000454s ]
INFO: [ app_begin ] --START--
INFO: Run Behavior\ReadHtmlCacheBehavior [ RunTime:0.000426s ]
INFO: [ app_begin ] --END-- [ RunTime:0.000463s ]
NOTIC: [2048] Declaration of Home\Controller\LeaveController::show() should be compatible with Think\Controller::show($content, $charset = '', $contentType = '', $prefix = '') D:\phpStudy\WWW\leave\Application\Home\Controller\LeaveController.class.php 第 12 行.
INFO: [ view_parse ] --START--
INFO: [ template_filter ] --START--
INFO: Run Behavior\ContentReplaceBehavior [ RunTime:0.000117s ]
INFO: [ template_filter ] --END-- [ RunTime:0.000161s ]
NOTIC: [8] Undefined variable: state D:\phpStudy\WWW\leave\Application\Runtime\Cache\Home\21b2dbac8fdcf0b9696ad1ac7742e75b.php 第 361 行.
INFO: Run Behavior\ParseTemplateBehavior [ RunTime:0.177552s ]
INFO: [ view_parse ] --END-- [ RunTime:0.177700s ]
INFO: [ view_filter ] --START--
INFO: Run Behavior\WriteHtmlCacheBehavior [ RunTime:0.001641s ]
INFO: [ view_filter ] --END-- [ RunTime:0.001786s ]
INFO: [ app_end ] --START--
INFO: Run Behavior\ShowPageTraceBehavior [ RunTime:0.002216s ]
INFO: [ app_end ] --END-- [ RunTime:0.002401s ]

[ 2017-08-29T16:17:17+08:00 ] 127.0.0.1 /index.php?c=leave&a=apply_ajax&l_s_card=122713010604
INFO: [ app_init ] --START--
INFO: Run Behavior\BuildLiteBehavior [ RunTime:0.000064s ]
INFO: [ app_init ] --END-- [ RunTime:0.000492s ]
INFO: [ app_begin ] --START--
INFO: Run Behavior\ReadHtmlCacheBehavior [ RunTime:0.000436s ]
INFO: [ app_begin ] --END-- [ RunTime:0.000473s ]
NOTIC: [2048] Declaration of Home\Controller\LeaveController::show() should be compatible with Think\Controller::show($content, $charset = '', $contentType = '', $prefix = '') D:\phpStudy\WWW\leave\Application\Home\Controller\LeaveController.class.php 第 12 行.
SQL: SHOW COLUMNS FROM `student` [ RunTime:0.0156s ]
SQL: SELECT * FROM `student` WHERE `s_card` = '122713010604'  [ RunTime:0.0007s ]
INFO: [ app_end ] --START--
INFO: Run Behavior\ShowPageTraceBehavior [ RunTime:0.000489s ]
INFO: [ app_end ] --END-- [ RunTime:0.000530s ]

[ 2017-08-29T16:18:07+08:00 ] 127.0.0.1 /index.php?c=leave&a=show
INFO: [ app_init ] --START--
INFO: Run Behavior\BuildLiteBehavior [ RunTime:0.000010s ]
INFO: [ app_init ] --END-- [ RunTime:0.000324s ]
INFO: [ app_begin ] --START--
INFO: Run Behavior\ReadHtmlCacheBehavior [ RunTime:0.000420s ]
INFO: [ app_begin ] --END-- [ RunTime:0.000460s ]
NOTIC: [2048] Declaration of Home\Controller\LeaveController::show() should be compatible with Think\Controller::show($content, $charset = '', $contentType = '', $prefix = '') D:\phpStudy\WWW\leave\Application\Home\Controller\LeaveController.class.php 第 12 行.
SQL: SHOW COLUMNS FROM `leave` [ RunTime:0.0159s ]
SQL: INSERT INTO `leave` (`l_s_card`,`l_s_username`,`l_s_grade`,`l_s_class`,`l_s_phone`,`l_begintime`,`l_endtime`,`l_day`,`l_address`,`l_cause`,`l_charge`,`l_addtime`,`l_state`,`l_status`,`l_s_id`,`l_c_id`,`l_g_id`) VALUES ('122713010604','王文科','2016','历史','13722071303','2017-08-24','2017-08-26','-1','233223','43324243','','2017-08-29','0','0','805','28','13') [ RunTime:0.0007s ]
SQL: SHOW COLUMNS FROM `student` [ RunTime:0.0496s ]
SQL: SELECT * FROM `student` WHERE `s_id` = 805 LIMIT 1   [ RunTime:0.0002s ]
SQL: UPDATE `student` SET `s_id`='805',`s_card`='122713010604',`s_username`='王文科',`s_phone`='13722071303',`s_addtime`='2017-08-16',`s_grade`='2016',`s_class`='历史',`s_lastleave`='2017-08-29',`s_state`='1',`s_c_id`='28',`s_g_id`='13' WHERE `s_id` = 805 [ RunTime:0.0003s ]
INFO: [ view_parse ] --START--
INFO: [ template_filter ] --START--
INFO: Run Behavior\ContentReplaceBehavior [ RunTime:0.000247s ]
INFO: [ template_filter ] --END-- [ RunTime:0.000342s ]
INFO: Run Behavior\ParseTemplateBehavior [ RunTime:0.102033s ]
INFO: [ view_parse ] --END-- [ RunTime:0.102143s ]
INFO: [ view_filter ] --START--
INFO: Run Behavior\WriteHtmlCacheBehavior [ RunTime:0.000836s ]
INFO: [ view_filter ] --END-- [ RunTime:0.000953s ]
INFO: [ app_end ] --START--
INFO: Run Behavior\ShowPageTraceBehavior [ RunTime:0.001459s ]
INFO: [ app_end ] --END-- [ RunTime:0.001596s ]

[ 2017-08-29T16:18:38+08:00 ] 127.0.0.1 /index.php?c=leave&a=index
INFO: [ app_init ] --START--
INFO: Run Behavior\BuildLiteBehavior [ RunTime:0.000009s ]
INFO: [ app_init ] --END-- [ RunTime:0.000381s ]
INFO: [ app_begin ] --START--
INFO: Run Behavior\ReadHtmlCacheBehavior [ RunTime:0.000398s ]
INFO: [ app_begin ] --END-- [ RunTime:0.000433s ]
NOTIC: [2048] Declaration of Home\Controller\LeaveController::show() should be compatible with Think\Controller::show($content, $charset = '', $contentType = '', $prefix = '') D:\phpStudy\WWW\leave\Application\Home\Controller\LeaveController.class.php 第 12 行.
SQL: SHOW COLUMNS FROM `leave` [ RunTime:0.0118s ]
SQL: SELECT * FROM `leave` WHERE `l_state` = 0 LIMIT 0,9   [ RunTime:0.0003s ]
INFO: [ view_parse ] --START--
INFO: [ template_filter ] --START--
INFO: Run Behavior\ContentReplaceBehavior [ RunTime:0.000365s ]
INFO: [ template_filter ] --END-- [ RunTime:0.000452s ]
NOTIC: [8] Undefined variable: grade_list D:\phpStudy\WWW\leave\Application\Runtime\Cache\Home\78ed1e545b0c3b8f40acf61593016fb2.php 第 371 行.
INFO: Run Behavior\ParseTemplateBehavior [ RunTime:0.156521s ]
INFO: [ view_parse ] --END-- [ RunTime:0.156571s ]
INFO: [ view_filter ] --START--
INFO: Run Behavior\WriteHtmlCacheBehavior [ RunTime:0.000481s ]
INFO: [ view_filter ] --END-- [ RunTime:0.000526s ]
INFO: [ app_end ] --START--
INFO: Run Behavior\ShowPageTraceBehavior [ RunTime:0.001282s ]
INFO: [ app_end ] --END-- [ RunTime:0.001371s ]

[ 2017-08-29T16:18:58+08:00 ] 127.0.0.1 /index.php?c=leave&a=show
INFO: [ app_init ] --START--
INFO: Run Behavior\BuildLiteBehavior [ RunTime:0.000009s ]
INFO: [ app_init ] --END-- [ RunTime:0.000294s ]
INFO: [ app_begin ] --START--
INFO: Run Behavior\ReadHtmlCacheBehavior [ RunTime:0.000347s ]
INFO: [ app_begin ] --END-- [ RunTime:0.000391s ]
NOTIC: [2048] Declaration of Home\Controller\LeaveController::show() should be compatible with Think\Controller::show($content, $charset = '', $contentType = '', $prefix = '') D:\phpStudy\WWW\leave\Application\Home\Controller\LeaveController.class.php 第 12 行.
INFO: [ view_parse ] --START--
INFO: [ template_filter ] --START--
INFO: Run Behavior\ContentReplaceBehavior [ RunTime:0.000166s ]
INFO: [ template_filter ] --END-- [ RunTime:0.000230s ]
NOTIC: [8] Undefined variable: leave D:\phpStudy\WWW\leave\Application\Runtime\Cache\Home\0470e15d63797818108559945bd3c448.php 第 389 行.
NOTIC: [8] Undefined variable: leave D:\phpStudy\WWW\leave\Application\Runtime\Cache\Home\0470e15d63797818108559945bd3c448.php 第 397 行.
NOTIC: [8] Undefined variable: leave D:\phpStudy\WWW\leave\Application\Runtime\Cache\Home\0470e15d63797818108559945bd3c448.php 第 411 行.
NOTIC: [8] Undefined variable: leave D:\phpStudy\WWW\leave\Application\Runtime\Cache\Home\0470e15d63797818108559945bd3c448.php 第 411 行.
NOTIC: [8] Undefined variable: leave D:\phpStudy\WWW\leave\Application\Runtime\Cache\Home\0470e15d63797818108559945bd3c448.php 第 411 行.
NOTIC: [8] Undefined variable: leave D:\phpStudy\WWW\leave\Application\Runtime\Cache\Home\0470e15d63797818108559945bd3c448.php 第 417 行.
NOTIC: [8] Undefined variable: leave D:\phpStudy\WWW\leave\Application\Runtime\Cache\Home\0470e15d63797818108559945bd3c448.php 第 417 行.
INFO: Run Behavior\ParseTemplateBehavior [ RunTime:0.019109s ]
INFO: [ view_parse ] --END-- [ RunTime:0.019144s ]
INFO: [ view_filter ] --START--
INFO: Run Behavior\WriteHtmlCacheBehavior [ RunTime:0.000324s ]
INFO: [ view_filter ] --END-- [ RunTime:0.000351s ]
INFO: [ app_end ] --START--
INFO: Run Behavior\ShowPageTraceBehavior [ RunTime:0.000610s ]
INFO: [ app_end ] --END-- [ RunTime:0.000667s ]

[ 2017-08-29T16:19:08+08:00 ] 127.0.0.1 /index.php?c=leave&a=index
INFO: [ app_init ] --START--
INFO: Run Behavior\BuildLiteBehavior [ RunTime:0.000010s ]
INFO: [ app_init ] --END-- [ RunTime:0.000361s ]
INFO: [ app_begin ] --START--
INFO: Run Behavior\ReadHtmlCacheBehavior [ RunTime:0.000359s ]
INFO: [ app_begin ] --END-- [ RunTime:0.000404s ]
NOTIC: [2048] Declaration of Home\Controller\LeaveController::show() should be compatible with Think\Controller::show($content, $charset = '', $contentType = '', $prefix = '') D:\phpStudy\WWW\leave\Application\Home\Controller\LeaveController.class.php 第 12 行.
SQL: SHOW COLUMNS FROM `leave` [ RunTime:0.0114s ]
SQL: SELECT * FROM `leave` WHERE `l_state` = 0 LIMIT 0,9   [ RunTime:0.0003s ]
INFO: [ view_parse ] --START--
INFO: [ template_filter ] --START--
INFO: Run Behavior\ContentReplaceBehavior [ RunTime:0.000130s ]
INFO: [ template_filter ] --END-- [ RunTime:0.000167s ]
NOTIC: [8] Undefined variable: grade_list D:\phpStudy\WWW\leave\Application\Runtime\Cache\Home\78ed1e545b0c3b8f40acf61593016fb2.php 第 371 行.
INFO: Run Behavior\ParseTemplateBehavior [ RunTime:0.037041s ]
INFO: [ view_parse ] --END-- [ RunTime:0.037076s ]
INFO: [ view_filter ] --START--
INFO: Run Behavior\WriteHtmlCacheBehavior [ RunTime:0.000219s ]
INFO: [ view_filter ] --END-- [ RunTime:0.000244s ]
INFO: [ app_end ] --START--
INFO: Run Behavior\ShowPageTraceBehavior [ RunTime:0.000603s ]
INFO: [ app_end ] --END-- [ RunTime:0.000662s ]

[ 2017-08-29T16:19:13+08:00 ] 127.0.0.1 /index.php?c=student
INFO: [ app_init ] --START--
INFO: Run Behavior\BuildLiteBehavior [ RunTime:0.000009s ]
INFO: [ app_init ] --END-- [ RunTime:0.000322s ]
INFO: [ app_begin ] --START--
INFO: Run Behavior\ReadHtmlCacheBehavior [ RunTime:0.000466s ]
INFO: [ app_begin ] --END-- [ RunTime:0.000513s ]
SQL: SHOW COLUMNS FROM `grade` [ RunTime:0.0142s ]
SQL: SELECT * FROM `grade`  [ RunTime:0.0003s ]
INFO: [ view_parse ] --START--
INFO: [ template_filter ] --START--
INFO: Run Behavior\ContentReplaceBehavior [ RunTime:0.000152s ]
INFO: [ template_filter ] --END-- [ RunTime:0.000231s ]
NOTIC: [8] Undefined variable: class_list D:\phpStudy\WWW\leave\Application\Runtime\Cache\Home\5e6caf1f921dc2090a81407240a42a8e.php 第 376 行.
NOTIC: [8] Undefined variable: student_list D:\phpStudy\WWW\leave\Application\Runtime\Cache\Home\5e6caf1f921dc2090a81407240a42a8e.php 第 422 行.
INFO: Run Behavior\ParseTemplateBehavior [ RunTime:0.049551s ]
INFO: [ view_parse ] --END-- [ RunTime:0.049588s ]
INFO: [ view_filter ] --START--
INFO: Run Behavior\WriteHtmlCacheBehavior [ RunTime:0.000245s ]
INFO: [ view_filter ] --END-- [ RunTime:0.000275s ]
INFO: [ app_end ] --START--
INFO: Run Behavior\ShowPageTraceBehavior [ RunTime:0.000597s ]
INFO: [ app_end ] --END-- [ RunTime:0.000649s ]

[ 2017-08-29T16:19:15+08:00 ] 127.0.0.1 /index.php?c=index
INFO: [ app_init ] --START--
INFO: Run Behavior\BuildLiteBehavior [ RunTime:0.000009s ]
INFO: [ app_init ] --END-- [ RunTime:0.000291s ]
INFO: [ app_begin ] --START--
INFO: Run Behavior\ReadHtmlCacheBehavior [ RunTime:0.000358s ]
INFO: [ app_begin ] --END-- [ RunTime:0.000393s ]
SQL: SHOW COLUMNS FROM `leave` [ RunTime:0.0110s ]
SQL: SELECT * FROM `leave` WHERE `l_addtime` = '2017-08-29'  [ RunTime:0.0003s ]
SQL: SELECT * FROM `leave` WHERE `l_addtime` = '2017-08-28'  [ RunTime:0.0003s ]
SQL: SELECT * FROM `leave` WHERE `l_addtime` = '2017-08-28'  [ RunTime:0.0003s ]
SQL: SELECT * FROM `leave` WHERE `l_addtime` = '2017-08-29'  [ RunTime:0.0005s ]
SQL: SELECT * FROM `leave` WHERE `l_addtime` = '2017-08-01'  [ RunTime:0.0003s ]
SQL: SELECT * FROM `leave` WHERE `l_addtime` = '2017-08-02'  [ RunTime:0.0003s ]
SQL: SELECT * FROM `leave` WHERE `l_addtime` = '2017-08-03'  [ RunTime:0.0003s ]
SQL: SELECT * FROM `leave` WHERE `l_addtime` = '2017-08-04'  [ RunTime:0.0002s ]
SQL: SELECT * FROM `leave` WHERE `l_addtime` = '2017-08-05'  [ RunTime:0.0002s ]
SQL: SELECT * FROM `leave` WHERE `l_addtime` = '2017-08-06'  [ RunTime:0.0003s ]
SQL: SELECT * FROM `leave` WHERE `l_addtime` = '2017-08-07'  [ RunTime:0.0002s ]
SQL: SELECT * FROM `leave` WHERE `l_addtime` = '2017-08-08'  [ RunTime:0.0002s ]
SQL: SELECT * FROM `leave` WHERE `l_addtime` = '2017-08-09'  [ RunTime:0.0002s ]
SQL: SELECT * FROM `leave` WHERE `l_addtime` = '2017-08-10'  [ RunTime:0.0002s ]
SQL: SELECT * FROM `leave` WHERE `l_addtime` = '2017-08-11'  [ RunTime:0.0003s ]
SQL: SELECT * FROM `leave` WHERE `l_addtime` = '2017-08-12'  [ RunTime:0.0002s ]
SQL: SELECT * FROM `leave` WHERE `l_addtime` = '2017-08-13'  [ RunTime:0.0002s ]
SQL: SELECT * FROM `leave` WHERE `l_addtime` = '2017-08-14'  [ RunTime:0.0002s ]
SQL: SELECT * FROM `leave` WHERE `l_addtime` = '2017-08-15'  [ RunTime:0.0002s ]
SQL: SELECT * FROM `leave` WHERE `l_addtime` = '2017-08-16'  [ RunTime:0.0003s ]
SQL: SELECT * FROM `leave` WHERE `l_addtime` = '2017-08-17'  [ RunTime:0.0003s ]
SQL: SELECT * FROM `leave` WHERE `l_addtime` = '2017-08-18'  [ RunTime:0.0003s ]
SQL: SELECT * FROM `leave` WHERE `l_addtime` = '2017-08-19'  [ RunTime:0.0002s ]
SQL: SELECT * FROM `leave` WHERE `l_addtime` = '2017-08-20'  [ RunTime:0.0002s ]
SQL: SELECT * FROM `leave` WHERE `l_addtime` = '2017-08-21'  [ RunTime:0.0002s ]
SQL: SELECT * FROM `leave` WHERE `l_addtime` = '2017-08-22'  [ RunTime:0.0002s ]
SQL: SELECT * FROM `leave` WHERE `l_addtime` = '2017-08-23'  [ RunTime:0.0002s ]
SQL: SELECT * FROM `leave` WHERE `l_addtime` = '2017-08-24'  [ RunTime:0.0002s ]
SQL: SELECT * FROM `leave` WHERE `l_addtime` = '2017-08-25'  [ RunTime:0.0002s ]
SQL: SELECT * FROM `leave` WHERE `l_addtime` = '2017-08-26'  [ RunTime:0.0002s ]
SQL: SELECT * FROM `leave` WHERE `l_addtime` = '2017-08-27'  [ RunTime:0.0002s ]
SQL: SELECT * FROM `leave` WHERE `l_addtime` = '2017-08-28'  [ RunTime:0.0002s ]
SQL: SELECT * FROM `leave` WHERE `l_addtime` = '2017-08-29'  [ RunTime:0.0002s ]
INFO: [ view_parse ] --START--
INFO: [ template_filter ] --START--
INFO: Run Behavior\ContentReplaceBehavior [ RunTime:0.000131s ]
INFO: [ template_filter ] --END-- [ RunTime:0.000171s ]
INFO: Run Behavior\ParseTemplateBehavior [ RunTime:0.021946s ]
INFO: [ view_parse ] --END-- [ RunTime:0.022005s ]
INFO: [ view_filter ] --START--
INFO: Run Behavior\WriteHtmlCacheBehavior [ RunTime:0.000304s ]
INFO: [ view_filter ] --END-- [ RunTime:0.000334s ]
INFO: [ app_end ] --START--
INFO: Run Behavior\ShowPageTraceBehavior [ RunTime:0.000568s ]
INFO: [ app_end ] --END-- [ RunTime:0.000630s ]

[ 2017-08-29T16:19:23+08:00 ] 127.0.0.1 /index.php?c=student
INFO: [ app_init ] --START--
INFO: Run Behavior\BuildLiteBehavior [ RunTime:0.000009s ]
INFO: [ app_init ] --END-- [ RunTime:0.000303s ]
INFO: [ app_begin ] --START--
INFO: Run Behavior\ReadHtmlCacheBehavior [ RunTime:0.000468s ]
INFO: [ app_begin ] --END-- [ RunTime:0.000527s ]
SQL: SHOW COLUMNS FROM `grade` [ RunTime:0.1925s ]
SQL: SELECT * FROM `grade`  [ RunTime:0.0006s ]
INFO: [ view_parse ] --START--
INFO: [ template_filter ] --START--
INFO: Run Behavior\ContentReplaceBehavior [ RunTime:0.000423s ]
INFO: [ template_filter ] --END-- [ RunTime:0.000554s ]
NOTIC: [8] Undefined variable: class_list D:\phpStudy\WWW\leave\Application\Runtime\Cache\Home\5e6caf1f921dc2090a81407240a42a8e.php 第 376 行.
NOTIC: [8] Undefined variable: student_list D:\phpStudy\WWW\leave\Application\Runtime\Cache\Home\5e6caf1f921dc2090a81407240a42a8e.php 第 422 行.
INFO: Run Behavior\ParseTemplateBehavior [ RunTime:0.186381s ]
INFO: [ view_parse ] --END-- [ RunTime:0.186496s ]
INFO: [ view_filter ] --START--
INFO: Run Behavior\WriteHtmlCacheBehavior [ RunTime:0.000959s ]
INFO: [ view_filter ] --END-- [ RunTime:0.001060s ]
INFO: [ app_end ] --START--
INFO: Run Behavior\ShowPageTraceBehavior [ RunTime:0.001288s ]
INFO: [ app_end ] --END-- [ RunTime:0.001413s ]

[ 2017-08-29T16:19:26+08:00 ] 127.0.0.1 /index.php?c=index
INFO: [ app_init ] --START--
INFO: Run Behavior\BuildLiteBehavior [ RunTime:0.000009s ]
INFO: [ app_init ] --END-- [ RunTime:0.000335s ]
INFO: [ app_begin ] --START--
INFO: Run Behavior\ReadHtmlCacheBehavior [ RunTime:0.000348s ]
INFO: [ app_begin ] --END-- [ RunTime:0.000402s ]
SQL: SHOW COLUMNS FROM `leave` [ RunTime:0.1385s ]
SQL: SELECT * FROM `leave` WHERE `l_addtime` = '2017-08-29'  [ RunTime:0.0008s ]
SQL: SELECT * FROM `leave` WHERE `l_addtime` = '2017-08-28'  [ RunTime:0.0007s ]
SQL: SELECT * FROM `leave` WHERE `l_addtime` = '2017-08-28'  [ RunTime:0.0009s ]
SQL: SELECT * FROM `leave` WHERE `l_addtime` = '2017-08-29'  [ RunTime:0.0006s ]
SQL: SELECT * FROM `leave` WHERE `l_addtime` = '2017-08-01'  [ RunTime:0.0005s ]
SQL: SELECT * FROM `leave` WHERE `l_addtime` = '2017-08-02'  [ RunTime:0.0005s ]
SQL: SELECT * FROM `leave` WHERE `l_addtime` = '2017-08-03'  [ RunTime:0.0005s ]
SQL: SELECT * FROM `leave` WHERE `l_addtime` = '2017-08-04'  [ RunTime:0.0004s ]
SQL: SELECT * FROM `leave` WHERE `l_addtime` = '2017-08-05'  [ RunTime:0.0004s ]
SQL: SELECT * FROM `leave` WHERE `l_addtime` = '2017-08-06'  [ RunTime:0.0003s ]
SQL: SELECT * FROM `leave` WHERE `l_addtime` = '2017-08-07'  [ RunTime:0.0003s ]
SQL: SELECT * FROM `leave` WHERE `l_addtime` = '2017-08-08'  [ RunTime:0.0003s ]
SQL: SELECT * FROM `leave` WHERE `l_addtime` = '2017-08-09'  [ RunTime:0.0004s ]
SQL: SELECT * FROM `leave` WHERE `l_addtime` = '2017-08-10'  [ RunTime:0.0004s ]
SQL: SELECT * FROM `leave` WHERE `l_addtime` = '2017-08-11'  [ RunTime:0.0004s ]
SQL: SELECT * FROM `leave` WHERE `l_addtime` = '2017-08-12'  [ RunTime:0.0004s ]
SQL: SELECT * FROM `leave` WHERE `l_addtime` = '2017-08-13'  [ RunTime:0.0004s ]
SQL: SELECT * FROM `leave` WHERE `l_addtime` = '2017-08-14'  [ RunTime:0.0004s ]
SQL: SELECT * FROM `leave` WHERE `l_addtime` = '2017-08-15'  [ RunTime:0.0005s ]
SQL: SELECT * FROM `leave` WHERE `l_addtime` = '2017-08-16'  [ RunTime:0.0006s ]
SQL: SELECT * FROM `leave` WHERE `l_addtime` = '2017-08-17'  [ RunTime:0.0004s ]
SQL: SELECT * FROM `leave` WHERE `l_addtime` = '2017-08-18'  [ RunTime:0.0003s ]
SQL: SELECT * FROM `leave` WHERE `l_addtime` = '2017-08-19'  [ RunTime:0.0004s ]
SQL: SELECT * FROM `leave` WHERE `l_addtime` = '2017-08-20'  [ RunTime:0.0004s ]
SQL: SELECT * FROM `leave` WHERE `l_addtime` = '2017-08-21'  [ RunTime:0.0011s ]
SQL: SELECT * FROM `leave` WHERE `l_addtime` = '2017-08-22'  [ RunTime:0.0011s ]
SQL: SELECT * FROM `leave` WHERE `l_addtime` = '2017-08-23'  [ RunTime:0.0006s ]
SQL: SELECT * FROM `leave` WHERE `l_addtime` = '2017-08-24'  [ RunTime:0.0005s ]
SQL: SELECT * FROM `leave` WHERE `l_addtime` = '2017-08-25'  [ RunTime:0.0004s ]
SQL: SELECT * FROM `leave` WHERE `l_addtime` = '2017-08-26'  [ RunTime:0.0004s ]
SQL: SELECT * FROM `leave` WHERE `l_addtime` = '2017-08-27'  [ RunTime:0.0004s ]
SQL: SELECT * FROM `leave` WHERE `l_addtime` = '2017-08-28'  [ RunTime:0.0006s ]
SQL: SELECT * FROM `leave` WHERE `l_addtime` = '2017-08-29'  [ RunTime:0.0007s ]
INFO: [ view_parse ] --START--
INFO: [ template_filter ] --START--
INFO: Run Behavior\ContentReplaceBehavior [ RunTime:0.000308s ]
INFO: [ template_filter ] --END-- [ RunTime:0.000398s ]
INFO: Run Behavior\ParseTemplateBehavior [ RunTime:0.054883s ]
INFO: [ view_parse ] --END-- [ RunTime:0.054995s ]
INFO: [ view_filter ] --START--
INFO: Run Behavior\WriteHtmlCacheBehavior [ RunTime:0.000513s ]
INFO: [ view_filter ] --END-- [ RunTime:0.000575s ]
INFO: [ app_end ] --START--
INFO: Run Behavior\ShowPageTraceBehavior [ RunTime:0.001792s ]
INFO: [ app_end ] --END-- [ RunTime:0.001938s ]

[ 2017-08-29T16:19:29+08:00 ] 127.0.0.1 /index.php?c=leave&a=apply
INFO: [ app_init ] --START--
INFO: Run Behavior\BuildLiteBehavior [ RunTime:0.000016s ]
INFO: [ app_init ] --END-- [ RunTime:0.000423s ]
INFO: [ app_begin ] --START--
INFO: Run Behavior\ReadHtmlCacheBehavior [ RunTime:0.000442s ]
INFO: [ app_begin ] --END-- [ RunTime:0.000502s ]
NOTIC: [2048] Declaration of Home\Controller\LeaveController::show() should be compatible with Think\Controller::show($content, $charset = '', $contentType = '', $prefix = '') D:\phpStudy\WWW\leave\Application\Home\Controller\LeaveController.class.php 第 12 行.
INFO: [ view_parse ] --START--
INFO: [ template_filter ] --START--
INFO: Run Behavior\ContentReplaceBehavior [ RunTime:0.000120s ]
INFO: [ template_filter ] --END-- [ RunTime:0.000168s ]
NOTIC: [8] Undefined variable: state D:\phpStudy\WWW\leave\Application\Runtime\Cache\Home\21b2dbac8fdcf0b9696ad1ac7742e75b.php 第 361 行.
INFO: Run Behavior\ParseTemplateBehavior [ RunTime:0.032911s ]
INFO: [ view_parse ] --END-- [ RunTime:0.032953s ]
INFO: [ view_filter ] --START--
INFO: Run Behavior\WriteHtmlCacheBehavior [ RunTime:0.000269s ]
INFO: [ view_filter ] --END-- [ RunTime:0.000298s ]
INFO: [ app_end ] --START--
INFO: Run Behavior\ShowPageTraceBehavior [ RunTime:0.000598s ]
INFO: [ app_end ] --END-- [ RunTime:0.000656s ]

[ 2017-08-29T16:19:33+08:00 ] 127.0.0.1 /index.php?c=leave&a=apply_ajax&l_s_card=12271301060
INFO: [ app_init ] --START--
INFO: Run Behavior\BuildLiteBehavior [ RunTime:0.000009s ]
INFO: [ app_init ] --END-- [ RunTime:0.000289s ]
INFO: [ app_begin ] --START--
INFO: Run Behavior\ReadHtmlCacheBehavior [ RunTime:0.000335s ]
INFO: [ app_begin ] --END-- [ RunTime:0.000368s ]
NOTIC: [2048] Declaration of Home\Controller\LeaveController::show() should be compatible with Think\Controller::show($content, $charset = '', $contentType = '', $prefix = '') D:\phpStudy\WWW\leave\Application\Home\Controller\LeaveController.class.php 第 12 行.
SQL: SHOW COLUMNS FROM `student` [ RunTime:0.0162s ]
SQL: SELECT * FROM `student` WHERE `s_card` = '12271301060'  [ RunTime:0.0007s ]
INFO: [ app_end ] --START--
INFO: Run Behavior\ShowPageTraceBehavior [ RunTime:0.000684s ]
INFO: [ app_end ] --END-- [ RunTime:0.000735s ]

[ 2017-08-29T16:19:36+08:00 ] 127.0.0.1 /index.php?c=leave&a=apply_ajax&l_s_card=122713010608
INFO: [ app_init ] --START--
INFO: Run Behavior\BuildLiteBehavior [ RunTime:0.000011s ]
INFO: [ app_init ] --END-- [ RunTime:0.000364s ]
INFO: [ app_begin ] --START--
INFO: Run Behavior\ReadHtmlCacheBehavior [ RunTime:0.000656s ]
INFO: [ app_begin ] --END-- [ RunTime:0.000725s ]
NOTIC: [2048] Declaration of Home\Controller\LeaveController::show() should be compatible with Think\Controller::show($content, $charset = '', $contentType = '', $prefix = '') D:\phpStudy\WWW\leave\Application\Home\Controller\LeaveController.class.php 第 12 行.
SQL: SHOW COLUMNS FROM `student` [ RunTime:0.0152s ]
SQL: SELECT * FROM `student` WHERE `s_card` = '122713010608'  [ RunTime:0.0011s ]
INFO: [ app_end ] --START--
INFO: Run Behavior\ShowPageTraceBehavior [ RunTime:0.000700s ]
INFO: [ app_end ] --END-- [ RunTime:0.000758s ]

[ 2017-08-29T16:19:54+08:00 ] 127.0.0.1 /index.php?c=leave&a=show
INFO: [ app_init ] --START--
INFO: Run Behavior\BuildLiteBehavior [ RunTime:0.000017s ]
INFO: [ app_init ] --END-- [ RunTime:0.000650s ]
INFO: [ app_begin ] --START--
INFO: Run Behavior\ReadHtmlCacheBehavior [ RunTime:0.000702s ]
INFO: [ app_begin ] --END-- [ RunTime:0.000779s ]
NOTIC: [2048] Declaration of Home\Controller\LeaveController::show() should be compatible with Think\Controller::show($content, $charset = '', $contentType = '', $prefix = '') D:\phpStudy\WWW\leave\Application\Home\Controller\LeaveController.class.php 第 12 行.
SQL: SHOW COLUMNS FROM `leave` [ RunTime:0.0154s ]
SQL: INSERT INTO `leave` (`l_s_card`,`l_s_username`,`l_s_grade`,`l_s_class`,`l_s_phone`,`l_begintime`,`l_endtime`,`l_day`,`l_address`,`l_cause`,`l_charge`,`l_addtime`,`l_state`,`l_status`,`l_s_id`,`l_c_id`,`l_g_id`) VALUES ('122713010608','高云峰','2015','化学','13847971873','2017-08-29','2017-08-30','0','132','456465','','2017-08-29','0','0','626','23','12') [ RunTime:0.0006s ]
SQL: SHOW COLUMNS FROM `student` [ RunTime:0.0116s ]
SQL: SELECT * FROM `student` WHERE `s_id` = 626 LIMIT 1   [ RunTime:0.0002s ]
SQL: UPDATE `student` SET `s_id`='626',`s_card`='122713010608',`s_username`='高云峰',`s_phone`='13847971873',`s_addtime`='2017-08-16',`s_grade`='2015',`s_class`='化学',`s_lastleave`='2017-08-29',`s_state`='1',`s_c_id`='23',`s_g_id`='12' WHERE `s_id` = 626 [ RunTime:0.0002s ]
INFO: [ view_parse ] --START--
INFO: [ template_filter ] --START--
INFO: Run Behavior\ContentReplaceBehavior [ RunTime:0.000122s ]
INFO: [ template_filter ] --END-- [ RunTime:0.000170s ]
INFO: Run Behavior\ParseTemplateBehavior [ RunTime:0.021310s ]
INFO: [ view_parse ] --END-- [ RunTime:0.021356s ]
INFO: [ view_filter ] --START--
INFO: Run Behavior\WriteHtmlCacheBehavior [ RunTime:0.000271s ]
INFO: [ view_filter ] --END-- [ RunTime:0.000302s ]
INFO: [ app_end ] --START--
INFO: Run Behavior\ShowPageTraceBehavior [ RunTime:0.000601s ]
INFO: [ app_end ] --END-- [ RunTime:0.000649s ]

[ 2017-08-29T16:20:11+08:00 ] 127.0.0.1 /index.php?c=student
INFO: [ app_init ] --START--
INFO: Run Behavior\BuildLiteBehavior [ RunTime:0.000009s ]
INFO: [ app_init ] --END-- [ RunTime:0.000295s ]
INFO: [ app_begin ] --START--
INFO: Run Behavior\ReadHtmlCacheBehavior [ RunTime:0.000342s ]
INFO: [ app_begin ] --END-- [ RunTime:0.000378s ]
SQL: SHOW COLUMNS FROM `grade` [ RunTime:0.0103s ]
SQL: SELECT * FROM `grade`  [ RunTime:0.0004s ]
INFO: [ view_parse ] --START--
INFO: [ template_filter ] --START--
INFO: Run Behavior\ContentReplaceBehavior [ RunTime:0.000106s ]
INFO: [ template_filter ] --END-- [ RunTime:0.000144s ]
NOTIC: [8] Undefined variable: class_list D:\phpStudy\WWW\leave\Application\Runtime\Cache\Home\5e6caf1f921dc2090a81407240a42a8e.php 第 376 行.
NOTIC: [8] Undefined variable: student_list D:\phpStudy\WWW\leave\Application\Runtime\Cache\Home\5e6caf1f921dc2090a81407240a42a8e.php 第 422 行.
INFO: Run Behavior\ParseTemplateBehavior [ RunTime:0.048479s ]
INFO: [ view_parse ] --END-- [ RunTime:0.048521s ]
INFO: [ view_filter ] --START--
INFO: Run Behavior\WriteHtmlCacheBehavior [ RunTime:0.000265s ]
INFO: [ view_filter ] --END-- [ RunTime:0.000297s ]
INFO: [ app_end ] --START--
INFO: Run Behavior\ShowPageTraceBehavior [ RunTime:0.000657s ]
INFO: [ app_end ] --END-- [ RunTime:0.000713s ]

[ 2017-08-29T16:20:14+08:00 ] 127.0.0.1 /index.php?c=leave&a=index
INFO: [ app_init ] --START--
INFO: Run Behavior\BuildLiteBehavior [ RunTime:0.000009s ]
INFO: [ app_init ] --END-- [ RunTime:0.000309s ]
INFO: [ app_begin ] --START--
INFO: Run Behavior\ReadHtmlCacheBehavior [ RunTime:0.000367s ]
INFO: [ app_begin ] --END-- [ RunTime:0.000413s ]
NOTIC: [2048] Declaration of Home\Controller\LeaveController::show() should be compatible with Think\Controller::show($content, $charset = '', $contentType = '', $prefix = '') D:\phpStudy\WWW\leave\Application\Home\Controller\LeaveController.class.php 第 12 行.
SQL: SHOW COLUMNS FROM `leave` [ RunTime:0.0114s ]
SQL: SELECT * FROM `leave` WHERE `l_state` = 0 LIMIT 0,9   [ RunTime:0.0003s ]
INFO: [ view_parse ] --START--
INFO: [ template_filter ] --START--
INFO: Run Behavior\ContentReplaceBehavior [ RunTime:0.000109s ]
INFO: [ template_filter ] --END-- [ RunTime:0.000156s ]
NOTIC: [8] Undefined variable: grade_list D:\phpStudy\WWW\leave\Application\Runtime\Cache\Home\78ed1e545b0c3b8f40acf61593016fb2.php 第 371 行.
INFO: Run Behavior\ParseTemplateBehavior [ RunTime:0.035588s ]
INFO: [ view_parse ] --END-- [ RunTime:0.035630s ]
INFO: [ view_filter ] --START--
INFO: Run Behavior\WriteHtmlCacheBehavior [ RunTime:0.000249s ]
INFO: [ view_filter ] --END-- [ RunTime:0.000282s ]
INFO: [ app_end ] --START--
INFO: Run Behavior\ShowPageTraceBehavior [ RunTime:0.000622s ]
INFO: [ app_end ] --END-- [ RunTime:0.000681s ]

[ 2017-08-29T16:20:15+08:00 ] 127.0.0.1 /index.php?c=index
INFO: [ app_init ] --START--
INFO: Run Behavior\BuildLiteBehavior [ RunTime:0.000022s ]
INFO: [ app_init ] --END-- [ RunTime:0.000457s ]
INFO: [ app_begin ] --START--
INFO: Run Behavior\ReadHtmlCacheBehavior [ RunTime:0.000409s ]
INFO: [ app_begin ] --END-- [ RunTime:0.000454s ]
SQL: SHOW COLUMNS FROM `leave` [ RunTime:0.0114s ]
SQL: SELECT * FROM `leave` WHERE `l_addtime` = '2017-08-29'  [ RunTime:0.0003s ]
SQL: SELECT * FROM `leave` WHERE `l_addtime` = '2017-08-28'  [ RunTime:0.0003s ]
SQL: SELECT * FROM `leave` WHERE `l_addtime` = '2017-08-28'  [ RunTime:0.0003s ]
SQL: SELECT * FROM `leave` WHERE `l_addtime` = '2017-08-29'  [ RunTime:0.0003s ]
SQL: SELECT * FROM `leave` WHERE `l_addtime` = '2017-08-01'  [ RunTime:0.0002s ]
SQL: SELECT * FROM `leave` WHERE `l_addtime` = '2017-08-02'  [ RunTime:0.0002s ]
SQL: SELECT * FROM `leave` WHERE `l_addtime` = '2017-08-03'  [ RunTime:0.0002s ]
SQL: SELECT * FROM `leave` WHERE `l_addtime` = '2017-08-04'  [ RunTime:0.0002s ]
SQL: SELECT * FROM `leave` WHERE `l_addtime` = '2017-08-05'  [ RunTime:0.0002s ]
SQL: SELECT * FROM `leave` WHERE `l_addtime` = '2017-08-06'  [ RunTime:0.0003s ]
SQL: SELECT * FROM `leave` WHERE `l_addtime` = '2017-08-07'  [ RunTime:0.0003s ]
SQL: SELECT * FROM `leave` WHERE `l_addtime` = '2017-08-08'  [ RunTime:0.0002s ]
SQL: SELECT * FROM `leave` WHERE `l_addtime` = '2017-08-09'  [ RunTime:0.0002s ]
SQL: SELECT * FROM `leave` WHERE `l_addtime` = '2017-08-10'  [ RunTime:0.0002s ]
SQL: SELECT * FROM `leave` WHERE `l_addtime` = '2017-08-11'  [ RunTime:0.0003s ]
SQL: SELECT * FROM `leave` WHERE `l_addtime` = '2017-08-12'  [ RunTime:0.0002s ]
SQL: SELECT * FROM `leave` WHERE `l_addtime` = '2017-08-13'  [ RunTime:0.0002s ]
SQL: SELECT * FROM `leave` WHERE `l_addtime` = '2017-08-14'  [ RunTime:0.0002s ]
SQL: SELECT * FROM `leave` WHERE `l_addtime` = '2017-08-15'  [ RunTime:0.0002s ]
SQL: SELECT * FROM `leave` WHERE `l_addtime` = '2017-08-16'  [ RunTime:0.0002s ]
SQL: SELECT * FROM `leave` WHERE `l_addtime` = '2017-08-17'  [ RunTime:0.0002s ]
SQL: SELECT * FROM `leave` WHERE `l_addtime` = '2017-08-18'  [ RunTime:0.0002s ]
SQL: SELECT * FROM `leave` WHERE `l_addtime` = '2017-08-19'  [ RunTime:0.0002s ]
SQL: SELECT * FROM `leave` WHERE `l_addtime` = '2017-08-20'  [ RunTime:0.0002s ]
SQL: SELECT * FROM `leave` WHERE `l_addtime` = '2017-08-21'  [ RunTime:0.0002s ]
SQL: SELECT * FROM `leave` WHERE `l_addtime` = '2017-08-22'  [ RunTime:0.0003s ]
SQL: SELECT * FROM `leave` WHERE `l_addtime` = '2017-08-23'  [ RunTime:0.0002s ]
SQL: SELECT * FROM `leave` WHERE `l_addtime` = '2017-08-24'  [ RunTime:0.0002s ]
SQL: SELECT * FROM `leave` WHERE `l_addtime` = '2017-08-25'  [ RunTime:0.0002s ]
SQL: SELECT * FROM `leave` WHERE `l_addtime` = '2017-08-26'  [ RunTime:0.0003s ]
SQL: SELECT * FROM `leave` WHERE `l_addtime` = '2017-08-27'  [ RunTime:0.0003s ]
SQL: SELECT * FROM `leave` WHERE `l_addtime` = '2017-08-28'  [ RunTime:0.0003s ]
SQL: SELECT * FROM `leave` WHERE `l_addtime` = '2017-08-29'  [ RunTime:0.0003s ]
INFO: [ view_parse ] --START--
INFO: [ template_filter ] --START--
INFO: Run Behavior\ContentReplaceBehavior [ RunTime:0.000173s ]
INFO: [ template_filter ] --END-- [ RunTime:0.000211s ]
INFO: Run Behavior\ParseTemplateBehavior [ RunTime:0.021761s ]
INFO: [ view_parse ] --END-- [ RunTime:0.021814s ]
INFO: [ view_filter ] --START--
INFO: Run Behavior\WriteHtmlCacheBehavior [ RunTime:0.000250s ]
INFO: [ view_filter ] --END-- [ RunTime:0.000276s ]
INFO: [ app_end ] --START--
INFO: Run Behavior\ShowPageTraceBehavior [ RunTime:0.000495s ]
INFO: [ app_end ] --END-- [ RunTime:0.000539s ]

[ 2017-08-29T16:20:48+08:00 ] 127.0.0.1 /index.php?c=student&a=delete
INFO: [ app_init ] --START--
INFO: Run Behavior\BuildLiteBehavior [ RunTime:0.000017s ]
INFO: [ app_init ] --END-- [ RunTime:0.000557s ]
INFO: [ app_begin ] --START--
INFO: Run Behavior\ReadHtmlCacheBehavior [ RunTime:0.000437s ]
INFO: [ app_begin ] --END-- [ RunTime:0.000478s ]
SQL: SHOW COLUMNS FROM `grade` [ RunTime:0.0116s ]
SQL: SELECT * FROM `grade`  [ RunTime:0.0003s ]
INFO: [ view_parse ] --START--
INFO: [ template_filter ] --START--
INFO: Run Behavior\ContentReplaceBehavior [ RunTime:0.000111s ]
INFO: [ template_filter ] --END-- [ RunTime:0.000154s ]
NOTIC: [8] Undefined variable: class_list D:\phpStudy\WWW\leave\Application\Runtime\Cache\Home\d89add365fb43c0af4d19e46e3a2df8f.php 第 377 行.
NOTIC: [8] Undefined variable: student_list D:\phpStudy\WWW\leave\Application\Runtime\Cache\Home\d89add365fb43c0af4d19e46e3a2df8f.php 第 423 行.
INFO: Run Behavior\ParseTemplateBehavior [ RunTime:0.077179s ]
INFO: [ view_parse ] --END-- [ RunTime:0.077221s ]
INFO: [ view_filter ] --START--
INFO: Run Behavior\WriteHtmlCacheBehavior [ RunTime:0.000322s ]
INFO: [ view_filter ] --END-- [ RunTime:0.000352s ]
INFO: [ app_end ] --START--
INFO: Run Behavior\ShowPageTraceBehavior [ RunTime:0.000725s ]
INFO: [ app_end ] --END-- [ RunTime:0.000779s ]

[ 2017-08-29T16:20:50+08:00 ] 127.0.0.1 /index.php?c=student&a=apply_ajax&s_g_id=13
INFO: [ app_init ] --START--
INFO: Run Behavior\BuildLiteBehavior [ RunTime:0.000009s ]
INFO: [ app_init ] --END-- [ RunTime:0.000311s ]
INFO: [ app_begin ] --START--
INFO: Run Behavior\ReadHtmlCacheBehavior [ RunTime:0.000357s ]
INFO: [ app_begin ] --END-- [ RunTime:0.000412s ]
SQL: SHOW COLUMNS FROM `class` [ RunTime:0.0136s ]
SQL: SELECT * FROM `class` WHERE `c_g_id` = 13  [ RunTime:0.0003s ]
INFO: [ app_end ] --START--
INFO: Run Behavior\ShowPageTraceBehavior [ RunTime:0.000516s ]
INFO: [ app_end ] --END-- [ RunTime:0.000557s ]

[ 2017-08-29T16:20:53+08:00 ] 127.0.0.1 /index.php?c=student&a=delete&s_g_id=13&s_c_id=28
INFO: [ app_init ] --START--
INFO: Run Behavior\BuildLiteBehavior [ RunTime:0.000013s ]
INFO: [ app_init ] --END-- [ RunTime:0.000456s ]
INFO: [ app_begin ] --START--
INFO: Run Behavior\ReadHtmlCacheBehavior [ RunTime:0.000937s ]
INFO: [ app_begin ] --END-- [ RunTime:0.001045s ]
SQL: SHOW COLUMNS FROM `student` [ RunTime:0.0116s ]
SQL: SELECT * FROM `student` WHERE `s_c_id` = 28 AND `s_g_id` = 13  [ RunTime:0.0008s ]
SQL: SHOW COLUMNS FROM `class` [ RunTime:0.0086s ]
SQL: SELECT * FROM `class` WHERE `c_g_id` = 13  [ RunTime:0.0003s ]
SQL: SHOW COLUMNS FROM `grade` [ RunTime:0.0258s ]
SQL: SELECT * FROM `grade`  [ RunTime:0.0002s ]
INFO: [ view_parse ] --START--
INFO: [ template_filter ] --START--
INFO: Run Behavior\ContentReplaceBehavior [ RunTime:0.000123s ]
INFO: [ template_filter ] --END-- [ RunTime:0.000178s ]
INFO: Run Behavior\ParseTemplateBehavior [ RunTime:0.049081s ]
INFO: [ view_parse ] --END-- [ RunTime:0.049174s ]
INFO: [ view_filter ] --START--
INFO: Run Behavior\WriteHtmlCacheBehavior [ RunTime:0.000255s ]
INFO: [ view_filter ] --END-- [ RunTime:0.000288s ]
INFO: [ app_end ] --START--
INFO: Run Behavior\ShowPageTraceBehavior [ RunTime:0.000699s ]
INFO: [ app_end ] --END-- [ RunTime:0.000763s ]

[ 2017-08-29T16:20:57+08:00 ] 127.0.0.1 /index.php?c=student&a=delete&s_id=803
INFO: [ app_init ] --START--
INFO: Run Behavior\BuildLiteBehavior [ RunTime:0.000014s ]
INFO: [ app_init ] --END-- [ RunTime:0.000471s ]
INFO: [ app_begin ] --START--
INFO: Run Behavior\ReadHtmlCacheBehavior [ RunTime:0.001056s ]
INFO: [ app_begin ] --END-- [ RunTime:0.001125s ]
SQL: SHOW COLUMNS FROM `student` [ RunTime:0.0117s ]
SQL: SELECT * FROM `student` WHERE `s_id` = 803 LIMIT 1   [ RunTime:0.0003s ]
SQL: DELETE FROM `student` WHERE `s_id` = 803 [ RunTime:0.0457s ]
INFO: [ view_parse ] --START--
INFO: [ template_filter ] --START--
INFO: Run Behavior\ContentReplaceBehavior [ RunTime:0.000134s ]
INFO: [ template_filter ] --END-- [ RunTime:0.000313s ]
INFO: Run Behavior\ParseTemplateBehavior [ RunTime:0.111386s ]
INFO: [ view_parse ] --END-- [ RunTime:0.111604s ]
INFO: [ view_filter ] --START--
INFO: Run Behavior\WriteHtmlCacheBehavior [ RunTime:0.000875s ]
INFO: [ view_filter ] --END-- [ RunTime:0.000972s ]

[ 2017-08-29T16:20:58+08:00 ] 127.0.0.1 /index.php?c=student&a=delete&s_g_id=13&s_c_id=28
INFO: [ app_init ] --START--
INFO: Run Behavior\BuildLiteBehavior [ RunTime:0.000026s ]
INFO: [ app_init ] --END-- [ RunTime:0.000836s ]
INFO: [ app_begin ] --START--
INFO: Run Behavior\ReadHtmlCacheBehavior [ RunTime:0.002342s ]
INFO: [ app_begin ] --END-- [ RunTime:0.002469s ]
SQL: SHOW COLUMNS FROM `student` [ RunTime:0.0225s ]
SQL: SELECT * FROM `student` WHERE `s_c_id` = 28 AND `s_g_id` = 13  [ RunTime:0.0014s ]
SQL: SHOW COLUMNS FROM `class` [ RunTime:0.0156s ]
SQL: SELECT * FROM `class` WHERE `c_g_id` = 13  [ RunTime:0.0005s ]
SQL: SHOW COLUMNS FROM `grade` [ RunTime:0.0171s ]
SQL: SELECT * FROM `grade`  [ RunTime:0.0004s ]
INFO: [ view_parse ] --START--
INFO: [ template_filter ] --START--
INFO: Run Behavior\ContentReplaceBehavior [ RunTime:0.000248s ]
INFO: [ template_filter ] --END-- [ RunTime:0.000328s ]
INFO: Run Behavior\ParseTemplateBehavior [ RunTime:0.106411s ]
INFO: [ view_parse ] --END-- [ RunTime:0.106523s ]
INFO: [ view_filter ] --START--
INFO: Run Behavior\WriteHtmlCacheBehavior [ RunTime:0.000531s ]
INFO: [ view_filter ] --END-- [ RunTime:0.000595s ]
INFO: [ app_end ] --START--
INFO: Run Behavior\ShowPageTraceBehavior [ RunTime:0.001010s ]
INFO: [ app_end ] --END-- [ RunTime:0.001122s ]

[ 2017-08-29T16:21:03+08:00 ] 127.0.0.1 /index.php?c=class&a=delete
INFO: [ app_init ] --START--
INFO: Run Behavior\BuildLiteBehavior [ RunTime:0.000009s ]
INFO: [ app_init ] --END-- [ RunTime:0.000288s ]
INFO: [ app_begin ] --START--
INFO: Run Behavior\ReadHtmlCacheBehavior [ RunTime:0.000336s ]
INFO: [ app_begin ] --END-- [ RunTime:0.000371s ]
SQL: SHOW COLUMNS FROM `grade` [ RunTime:0.1706s ]
SQL: SELECT * FROM `grade`  [ RunTime:0.0006s ]
INFO: [ view_parse ] --START--
INFO: [ template_filter ] --START--
INFO: Run Behavior\ContentReplaceBehavior [ RunTime:0.000231s ]
INFO: [ template_filter ] --END-- [ RunTime:0.000311s ]
NOTIC: [8] Undefined variable: class_list D:\phpStudy\WWW\leave\Application\Runtime\Cache\Home\640035d712ebe4e3bfc1b016bbc0ca9f.php 第 379 行.
NOTIC: [8] Undefined variable: class_list D:\phpStudy\WWW\leave\Application\Runtime\Cache\Home\640035d712ebe4e3bfc1b016bbc0ca9f.php 第 427 行.
INFO: Run Behavior\ParseTemplateBehavior [ RunTime:0.176209s ]
INFO: [ view_parse ] --END-- [ RunTime:0.176304s ]
INFO: [ view_filter ] --START--
INFO: Run Behavior\WriteHtmlCacheBehavior [ RunTime:0.000494s ]
INFO: [ view_filter ] --END-- [ RunTime:0.000554s ]
INFO: [ app_end ] --START--
INFO: Run Behavior\ShowPageTraceBehavior [ RunTime:0.000956s ]
INFO: [ app_end ] --END-- [ RunTime:0.001028s ]

[ 2017-08-29T16:21:08+08:00 ] 127.0.0.1 /index.php?c=class&a=delete&c_g_id=13
INFO: [ app_init ] --START--
INFO: Run Behavior\BuildLiteBehavior [ RunTime:0.000009s ]
INFO: [ app_init ] --END-- [ RunTime:0.000288s ]
INFO: [ app_begin ] --START--
INFO: Run Behavior\ReadHtmlCacheBehavior [ RunTime:0.000362s ]
INFO: [ app_begin ] --END-- [ RunTime:0.000401s ]
SQL: SHOW COLUMNS FROM `class` [ RunTime:0.0171s ]
SQL: SELECT * FROM `class` WHERE `c_g_id` = 13  [ RunTime:0.0003s ]
SQL: SHOW COLUMNS FROM `leave` [ RunTime:0.0097s ]
SQL: SELECT * FROM `leave` WHERE `l_c_id` = 28 AND `l_g_id` = 13 AND `l_addtime` = '2017-08-29'  [ RunTime:0.0004s ]
SQL: SELECT * FROM `leave` WHERE `l_c_id` = 28 AND `l_g_id` = 13 AND `l_addtime` = '2017-08-28'  [ RunTime:0.0003s ]
SQL: SELECT * FROM `leave` WHERE `l_c_id` = 28 AND `l_g_id` = 13 AND `l_addtime` = '2017-08-28'  [ RunTime:0.0002s ]
SQL: SELECT * FROM `leave` WHERE `l_c_id` = 28 AND `l_g_id` = 13 AND `l_addtime` = '2017-08-29'  [ RunTime:0.0003s ]
SQL: SELECT * FROM `leave` WHERE `l_c_id` = 28 AND `l_g_id` = 13 AND `l_addtime` = '2017-08-01'  [ RunTime:0.0006s ]
SQL: SELECT * FROM `leave` WHERE `l_c_id` = 28 AND `l_g_id` = 13 AND `l_addtime` = '2017-08-02'  [ RunTime:0.0003s ]
SQL: SELECT * FROM `leave` WHERE `l_c_id` = 28 AND `l_g_id` = 13 AND `l_addtime` = '2017-08-03'  [ RunTime:0.0003s ]
SQL: SELECT * FROM `leave` WHERE `l_c_id` = 28 AND `l_g_id` = 13 AND `l_addtime` = '2017-08-04'  [ RunTime:0.0003s ]
SQL: SELECT * FROM `leave` WHERE `l_c_id` = 28 AND `l_g_id` = 13 AND `l_addtime` = '2017-08-05'  [ RunTime:0.0003s ]
SQL: SELECT * FROM `leave` WHERE `l_c_id` = 28 AND `l_g_id` = 13 AND `l_addtime` = '2017-08-06'  [ RunTime:0.0003s ]
SQL: SELECT * FROM `leave` WHERE `l_c_id` = 28 AND `l_g_id` = 13 AND `l_addtime` = '2017-08-07'  [ RunTime:0.0003s ]
SQL: SELECT * FROM `leave` WHERE `l_c_id` = 28 AND `l_g_id` = 13 AND `l_addtime` = '2017-08-08'  [ RunTime:0.0003s ]
SQL: SELECT * FROM `leave` WHERE `l_c_id` = 28 AND `l_g_id` = 13 AND `l_addtime` = '2017-08-09'  [ RunTime:0.0003s ]
SQL: SELECT * FROM `leave` WHERE `l_c_id` = 28 AND `l_g_id` = 13 AND `l_addtime` = '2017-08-10'  [ RunTime:0.0003s ]
SQL: SELECT * FROM `leave` WHERE `l_c_id` = 28 AND `l_g_id` = 13 AND `l_addtime` = '2017-08-11'  [ RunTime:0.0003s ]
SQL: SELECT * FROM `leave` WHERE `l_c_id` = 28 AND `l_g_id` = 13 AND `l_addtime` = '2017-08-12'  [ RunTime:0.0003s ]
SQL: SELECT * FROM `leave` WHERE `l_c_id` = 28 AND `l_g_id` = 13 AND `l_addtime` = '2017-08-13'  [ RunTime:0.0002s ]
SQL: SELECT * FROM `leave` WHERE `l_c_id` = 28 AND `l_g_id` = 13 AND `l_addtime` = '2017-08-14'  [ RunTime:0.0003s ]
SQL: SELECT * FROM `leave` WHERE `l_c_id` = 28 AND `l_g_id` = 13 AND `l_addtime` = '2017-08-15'  [ RunTime:0.0003s ]
SQL: SELECT * FROM `leave` WHERE `l_c_id` = 28 AND `l_g_id` = 13 AND `l_addtime` = '2017-08-16'  [ RunTime:0.0002s ]
SQL: SELECT * FROM `leave` WHERE `l_c_id` = 28 AND `l_g_id` = 13 AND `l_addtime` = '2017-08-17'  [ RunTime:0.0002s ]
SQL: SELECT * FROM `leave` WHERE `l_c_id` = 28 AND `l_g_id` = 13 AND `l_addtime` = '2017-08-18'  [ RunTime:0.0002s ]
SQL: SELECT * FROM `leave` WHERE `l_c_id` = 28 AND `l_g_id` = 13 AND `l_addtime` = '2017-08-19'  [ RunTime:0.0002s ]
SQL: SELECT * FROM `leave` WHERE `l_c_id` = 28 AND `l_g_id` = 13 AND `l_addtime` = '2017-08-20'  [ RunTime:0.0002s ]
SQL: SELECT * FROM `leave` WHERE `l_c_id` = 28 AND `l_g_id` = 13 AND `l_addtime` = '2017-08-21'  [ RunTime:0.0003s ]
SQL: SELECT * FROM `leave` WHERE `l_c_id` = 28 AND `l_g_id` = 13 AND `l_addtime` = '2017-08-22'  [ RunTime:0.0002s ]
SQL: SELECT * FROM `leave` WHERE `l_c_id` = 28 AND `l_g_id` = 13 AND `l_addtime` = '2017-08-23'  [ RunTime:0.0002s ]
SQL: SELECT * FROM `leave` WHERE `l_c_id` = 28 AND `l_g_id` = 13 AND `l_addtime` = '2017-08-24'  [ RunTime:0.0003s ]
SQL: SELECT * FROM `leave` WHERE `l_c_id` = 28 AND `l_g_id` = 13 AND `l_addtime` = '2017-08-25'  [ RunTime:0.0003s ]
SQL: SELECT * FROM `leave` WHERE `l_c_id` = 28 AND `l_g_id` = 13 AND `l_addtime` = '2017-08-26'  [ RunTime:0.0002s ]
SQL: SELECT * FROM `leave` WHERE `l_c_id` = 28 AND `l_g_id` = 13 AND `l_addtime` = '2017-08-27'  [ RunTime:0.0002s ]
SQL: SELECT * FROM `leave` WHERE `l_c_id` = 28 AND `l_g_id` = 13 AND `l_addtime` = '2017-08-28'  [ RunTime:0.0003s ]
SQL: SELECT * FROM `leave` WHERE `l_c_id` = 28 AND `l_g_id` = 13 AND `l_addtime` = '2017-08-29'  [ RunTime:0.0003s ]
SQL: SELECT * FROM `leave` WHERE `l_c_id` = 27 AND `l_g_id` = 13 AND `l_addtime` = '2017-08-29'  [ RunTime:0.0003s ]
SQL: SELECT * FROM `leave` WHERE `l_c_id` = 27 AND `l_g_id` = 13 AND `l_addtime` = '2017-08-28'  [ RunTime:0.0002s ]
SQL: SELECT * FROM `leave` WHERE `l_c_id` = 27 AND `l_g_id` = 13 AND `l_addtime` = '2017-08-28'  [ RunTime:0.0003s ]
SQL: SELECT * FROM `leave` WHERE `l_c_id` = 27 AND `l_g_id` = 13 AND `l_addtime` = '2017-08-29'  [ RunTime:0.0003s ]
SQL: SELECT * FROM `leave` WHERE `l_c_id` = 27 AND `l_g_id` = 13 AND `l_addtime` = '2017-08-01'  [ RunTime:0.0002s ]
SQL: SELECT * FROM `leave` WHERE `l_c_id` = 27 AND `l_g_id` = 13 AND `l_addtime` = '2017-08-02'  [ RunTime:0.0004s ]
SQL: SELECT * FROM `leave` WHERE `l_c_id` = 27 AND `l_g_id` = 13 AND `l_addtime` = '2017-08-03'  [ RunTime:0.0003s ]
SQL: SELECT * FROM `leave` WHERE `l_c_id` = 27 AND `l_g_id` = 13 AND `l_addtime` = '2017-08-04'  [ RunTime:0.0003s ]
SQL: SELECT * FROM `leave` WHERE `l_c_id` = 27 AND `l_g_id` = 13 AND `l_addtime` = '2017-08-05'  [ RunTime:0.0003s ]
SQL: SELECT * FROM `leave` WHERE `l_c_id` = 27 AND `l_g_id` = 13 AND `l_addtime` = '2017-08-06'  [ RunTime:0.0003s ]
SQL: SELECT * FROM `leave` WHERE `l_c_id` = 27 AND `l_g_id` = 13 AND `l_addtime` = '2017-08-07'  [ RunTime:0.0003s ]
SQL: SELECT * FROM `leave` WHERE `l_c_id` = 27 AND `l_g_id` = 13 AND `l_addtime` = '2017-08-08'  [ RunTime:0.0003s ]
SQL: SELECT * FROM `leave` WHERE `l_c_id` = 27 AND `l_g_id` = 13 AND `l_addtime` = '2017-08-09'  [ RunTime:0.0003s ]
SQL: SELECT * FROM `leave` WHERE `l_c_id` = 27 AND `l_g_id` = 13 AND `l_addtime` = '2017-08-10'  [ RunTime:0.0005s ]
SQL: SELECT * FROM `leave` WHERE `l_c_id` = 27 AND `l_g_id` = 13 AND `l_addtime` = '2017-08-11'  [ RunTime:0.0003s ]
SQL: SELECT * FROM `leave` WHERE `l_c_id` = 27 AND `l_g_id` = 13 AND `l_addtime` = '2017-08-12'  [ RunTime:0.0002s ]
SQL: SELECT * FROM `leave` WHERE `l_c_id` = 27 AND `l_g_id` = 13 AND `l_addtime` = '2017-08-13'  [ RunTime:0.0003s ]
SQL: SELECT * FROM `leave` WHERE `l_c_id` = 27 AND `l_g_id` = 13 AND `l_addtime` = '2017-08-14'  [ RunTime:0.0002s ]
SQL: SELECT * FROM `leave` WHERE `l_c_id` = 27 AND `l_g_id` = 13 AND `l_addtime` = '2017-08-15'  [ RunTime:0.0003s ]
SQL: SELECT * FROM `leave` WHERE `l_c_id` = 27 AND `l_g_id` = 13 AND `l_addtime` = '2017-08-16'  [ RunTime:0.0003s ]
SQL: SELECT * FROM `leave` WHERE `l_c_id` = 27 AND `l_g_id` = 13 AND `l_addtime` = '2017-08-17'  [ RunTime:0.0003s ]
SQL: SELECT * FROM `leave` WHERE `l_c_id` = 27 AND `l_g_id` = 13 AND `l_addtime` = '2017-08-18'  [ RunTime:0.0003s ]
SQL: SELECT * FROM `leave` WHERE `l_c_id` = 27 AND `l_g_id` = 13 AND `l_addtime` = '2017-08-19'  [ RunTime:0.0003s ]
SQL: SELECT * FROM `leave` WHERE `l_c_id` = 27 AND `l_g_id` = 13 AND `l_addtime` = '2017-08-20'  [ RunTime:0.0003s ]
SQL: SELECT * FROM `leave` WHERE `l_c_id` = 27 AND `l_g_id` = 13 AND `l_addtime` = '2017-08-21'  [ RunTime:0.0003s ]
SQL: SELECT * FROM `leave` WHERE `l_c_id` = 27 AND `l_g_id` = 13 AND `l_addtime` = '2017-08-22'  [ RunTime:0.0002s ]
SQL: SELECT * FROM `leave` WHERE `l_c_id` = 27 AND `l_g_id` = 13 AND `l_addtime` = '2017-08-23'  [ RunTime:0.0002s ]
SQL: SELECT * FROM `leave` WHERE `l_c_id` = 27 AND `l_g_id` = 13 AND `l_addtime` = '2017-08-24'  [ RunTime:0.0002s ]
SQL: SELECT * FROM `leave` WHERE `l_c_id` = 27 AND `l_g_id` = 13 AND `l_addtime` = '2017-08-25'  [ RunTime:0.0003s ]
SQL: SELECT * FROM `leave` WHERE `l_c_id` = 27 AND `l_g_id` = 13 AND `l_addtime` = '2017-08-26'  [ RunTime:0.0002s ]
SQL: SELECT * FROM `leave` WHERE `l_c_id` = 27 AND `l_g_id` = 13 AND `l_addtime` = '2017-08-27'  [ RunTime:0.0003s ]
SQL: SELECT * FROM `leave` WHERE `l_c_id` = 27 AND `l_g_id` = 13 AND `l_addtime` = '2017-08-28'  [ RunTime:0.0003s ]
SQL: SELECT * FROM `leave` WHERE `l_c_id` = 27 AND `l_g_id` = 13 AND `l_addtime` = '2017-08-29'  [ RunTime:0.0003s ]
SQL: SHOW COLUMNS FROM `grade` [ RunTime:0.0198s ]
SQL: SELECT * FROM `grade`  [ RunTime:0.0003s ]
INFO: [ view_parse ] --START--
INFO: [ template_filter ] --START--
INFO: Run Behavior\ContentReplaceBehavior [ RunTime:0.000110s ]
INFO: [ template_filter ] --END-- [ RunTime:0.000176s ]
INFO: Run Behavior\ParseTemplateBehavior [ RunTime:0.045082s ]
INFO: [ view_parse ] --END-- [ RunTime:0.045129s ]
INFO: [ view_filter ] --START--
INFO: Run Behavior\WriteHtmlCacheBehavior [ RunTime:0.000237s ]
INFO: [ view_filter ] --END-- [ RunTime:0.000267s ]
INFO: [ app_end ] --START--
INFO: Run Behavior\ShowPageTraceBehavior [ RunTime:0.000460s ]
INFO: [ app_end ] --END-- [ RunTime:0.000501s ]

[ 2017-08-29T16:21:26+08:00 ] 127.0.0.1 /index.php?c=grade&a=delete
INFO: [ app_init ] --START--
INFO: Run Behavior\BuildLiteBehavior [ RunTime:0.000009s ]
INFO: [ app_init ] --END-- [ RunTime:0.000294s ]
INFO: [ app_begin ] --START--
INFO: Run Behavior\ReadHtmlCacheBehavior [ RunTime:0.000388s ]
INFO: [ app_begin ] --END-- [ RunTime:0.000441s ]
SQL: SHOW COLUMNS FROM `grade` [ RunTime:0.0132s ]
SQL: SELECT * FROM `grade`  [ RunTime:0.0003s ]
INFO: [ view_parse ] --START--
INFO: [ template_filter ] --START--
INFO: Run Behavior\ContentReplaceBehavior [ RunTime:0.000471s ]
INFO: [ template_filter ] --END-- [ RunTime:0.000607s ]
NOTIC: [8] Undefined index: day D:\phpStudy\WWW\leave\Application\Runtime\Cache\Home\727e983bf9ce33ed1378be4ca2995cc4.php 第 437 行.
NOTIC: [8] Undefined index: last_day D:\phpStudy\WWW\leave\Application\Runtime\Cache\Home\727e983bf9ce33ed1378be4ca2995cc4.php 第 438 行.
NOTIC: [8] Undefined index: month D:\phpStudy\WWW\leave\Application\Runtime\Cache\Home\727e983bf9ce33ed1378be4ca2995cc4.php 第 440 行.
NOTIC: [8] Undefined index: day D:\phpStudy\WWW\leave\Application\Runtime\Cache\Home\727e983bf9ce33ed1378be4ca2995cc4.php 第 437 行.
NOTIC: [8] Undefined index: last_day D:\phpStudy\WWW\leave\Application\Runtime\Cache\Home\727e983bf9ce33ed1378be4ca2995cc4.php 第 438 行.
NOTIC: [8] Undefined index: month D:\phpStudy\WWW\leave\Application\Runtime\Cache\Home\727e983bf9ce33ed1378be4ca2995cc4.php 第 440 行.
INFO: Run Behavior\ParseTemplateBehavior [ RunTime:0.108042s ]
INFO: [ view_parse ] --END-- [ RunTime:0.108121s ]
INFO: [ view_filter ] --START--
INFO: Run Behavior\WriteHtmlCacheBehavior [ RunTime:0.000703s ]
INFO: [ view_filter ] --END-- [ RunTime:0.000802s ]
INFO: [ app_end ] --START--
INFO: Run Behavior\ShowPageTraceBehavior [ RunTime:0.001769s ]
INFO: [ app_end ] --END-- [ RunTime:0.001943s ]

[ 2017-08-29T16:21:33+08:00 ] 127.0.0.1 /index.php?c=admin&a=log
INFO: [ app_init ] --START--
INFO: Run Behavior\BuildLiteBehavior [ RunTime:0.000010s ]
INFO: [ app_init ] --END-- [ RunTime:0.000332s ]
INFO: [ app_begin ] --START--
INFO: Run Behavior\ReadHtmlCacheBehavior [ RunTime:0.000414s ]
INFO: [ app_begin ] --END-- [ RunTime:0.000458s ]
INFO: [ view_parse ] --START--
INFO: [ template_filter ] --START--
INFO: Run Behavior\ContentReplaceBehavior [ RunTime:0.000094s ]
INFO: [ template_filter ] --END-- [ RunTime:0.000156s ]
INFO: Run Behavior\ParseTemplateBehavior [ RunTime:0.025454s ]
INFO: [ view_parse ] --END-- [ RunTime:0.025505s ]
INFO: [ view_filter ] --START--
INFO: Run Behavior\WriteHtmlCacheBehavior [ RunTime:0.000234s ]
INFO: [ view_filter ] --END-- [ RunTime:0.000263s ]
INFO: [ app_end ] --START--
INFO: Run Behavior\ShowPageTraceBehavior [ RunTime:0.000693s ]
INFO: [ app_end ] --END-- [ RunTime:0.000752s ]

[ 2017-08-29T16:21:38+08:00 ] 127.0.0.1 /index.php?c=grade
INFO: [ app_init ] --START--
INFO: Run Behavior\BuildLiteBehavior [ RunTime:0.000010s ]
INFO: [ app_init ] --END-- [ RunTime:0.000316s ]
INFO: [ app_begin ] --START--
INFO: Run Behavior\ReadHtmlCacheBehavior [ RunTime:0.000354s ]
INFO: [ app_begin ] --END-- [ RunTime:0.000392s ]
SQL: SHOW COLUMNS FROM `grade` [ RunTime:0.1777s ]
SQL: SELECT * FROM `grade`  [ RunTime:0.0007s ]
SQL: SHOW COLUMNS FROM `leave` [ RunTime:0.0280s ]
SQL: SELECT * FROM `leave` WHERE `l_g_id` = 13 AND `l_addtime` = '2017-08-29'  [ RunTime:0.0011s ]
SQL: SELECT * FROM `leave` WHERE `l_g_id` = 13 AND `l_addtime` = '2017-08-28'  [ RunTime:0.0010s ]
SQL: SELECT * FROM `leave` WHERE `l_g_id` = 13 AND `l_addtime` = '2017-08-28'  [ RunTime:0.0008s ]
SQL: SELECT * FROM `leave` WHERE `l_g_id` = 13 AND `l_addtime` = '2017-08-29'  [ RunTime:0.0008s ]
SQL: SELECT * FROM `leave` WHERE `l_g_id` = 13 AND `l_addtime` = '2017-08-01'  [ RunTime:0.0008s ]
SQL: SELECT * FROM `leave` WHERE `l_g_id` = 13 AND `l_addtime` = '2017-08-02'  [ RunTime:0.0008s ]
SQL: SELECT * FROM `leave` WHERE `l_g_id` = 13 AND `l_addtime` = '2017-08-03'  [ RunTime:0.0009s ]
SQL: SELECT * FROM `leave` WHERE `l_g_id` = 13 AND `l_addtime` = '2017-08-04'  [ RunTime:0.0008s ]
SQL: SELECT * FROM `leave` WHERE `l_g_id` = 13 AND `l_addtime` = '2017-08-05'  [ RunTime:0.0008s ]
SQL: SELECT * FROM `leave` WHERE `l_g_id` = 13 AND `l_addtime` = '2017-08-06'  [ RunTime:0.0009s ]
SQL: SELECT * FROM `leave` WHERE `l_g_id` = 13 AND `l_addtime` = '2017-08-07'  [ RunTime:0.0008s ]
SQL: SELECT * FROM `leave` WHERE `l_g_id` = 13 AND `l_addtime` = '2017-08-08'  [ RunTime:0.0007s ]
SQL: SELECT * FROM `leave` WHERE `l_g_id` = 13 AND `l_addtime` = '2017-08-09'  [ RunTime:0.0007s ]
SQL: SELECT * FROM `leave` WHERE `l_g_id` = 13 AND `l_addtime` = '2017-08-10'  [ RunTime:0.0008s ]
SQL: SELECT * FROM `leave` WHERE `l_g_id` = 13 AND `l_addtime` = '2017-08-11'  [ RunTime:0.0007s ]
SQL: SELECT * FROM `leave` WHERE `l_g_id` = 13 AND `l_addtime` = '2017-08-12'  [ RunTime:0.0008s ]
SQL: SELECT * FROM `leave` WHERE `l_g_id` = 13 AND `l_addtime` = '2017-08-13'  [ RunTime:0.0007s ]
SQL: SELECT * FROM `leave` WHERE `l_g_id` = 13 AND `l_addtime` = '2017-08-14'  [ RunTime:0.0009s ]
SQL: SELECT * FROM `leave` WHERE `l_g_id` = 13 AND `l_addtime` = '2017-08-15'  [ RunTime:0.0008s ]
SQL: SELECT * FROM `leave` WHERE `l_g_id` = 13 AND `l_addtime` = '2017-08-16'  [ RunTime:0.0010s ]
SQL: SELECT * FROM `leave` WHERE `l_g_id` = 13 AND `l_addtime` = '2017-08-17'  [ RunTime:0.0007s ]
SQL: SELECT * FROM `leave` WHERE `l_g_id` = 13 AND `l_addtime` = '2017-08-18'  [ RunTime:0.0008s ]
SQL: SELECT * FROM `leave` WHERE `l_g_id` = 13 AND `l_addtime` = '2017-08-19'  [ RunTime:0.0008s ]
SQL: SELECT * FROM `leave` WHERE `l_g_id` = 13 AND `l_addtime` = '2017-08-20'  [ RunTime:0.0013s ]
SQL: SELECT * FROM `leave` WHERE `l_g_id` = 13 AND `l_addtime` = '2017-08-21'  [ RunTime:0.0012s ]
SQL: SELECT * FROM `leave` WHERE `l_g_id` = 13 AND `l_addtime` = '2017-08-22'  [ RunTime:0.0008s ]
SQL: SELECT * FROM `leave` WHERE `l_g_id` = 13 AND `l_addtime` = '2017-08-23'  [ RunTime:0.0008s ]
SQL: SELECT * FROM `leave` WHERE `l_g_id` = 13 AND `l_addtime` = '2017-08-24'  [ RunTime:0.0008s ]
SQL: SELECT * FROM `leave` WHERE `l_g_id` = 13 AND `l_addtime` = '2017-08-25'  [ RunTime:0.0009s ]
SQL: SELECT * FROM `leave` WHERE `l_g_id` = 13 AND `l_addtime` = '2017-08-26'  [ RunTime:0.0009s ]
SQL: SELECT * FROM `leave` WHERE `l_g_id` = 13 AND `l_addtime` = '2017-08-27'  [ RunTime:0.0007s ]
SQL: SELECT * FROM `leave` WHERE `l_g_id` = 13 AND `l_addtime` = '2017-08-28'  [ RunTime:0.0009s ]
SQL: SELECT * FROM `leave` WHERE `l_g_id` = 13 AND `l_addtime` = '2017-08-29'  [ RunTime:0.0011s ]
SQL: SELECT * FROM `leave` WHERE `l_g_id` = 12 AND `l_addtime` = '2017-08-29'  [ RunTime:0.0012s ]
SQL: SELECT * FROM `leave` WHERE `l_g_id` = 12 AND `l_addtime` = '2017-08-28'  [ RunTime:0.0008s ]
SQL: SELECT * FROM `leave` WHERE `l_g_id` = 12 AND `l_addtime` = '2017-08-28'  [ RunTime:0.0009s ]
SQL: SELECT * FROM `leave` WHERE `l_g_id` = 12 AND `l_addtime` = '2017-08-29'  [ RunTime:0.0009s ]
SQL: SELECT * FROM `leave` WHERE `l_g_id` = 12 AND `l_addtime` = '2017-08-01'  [ RunTime:0.0008s ]
SQL: SELECT * FROM `leave` WHERE `l_g_id` = 12 AND `l_addtime` = '2017-08-02'  [ RunTime:0.0007s ]
SQL: SELECT * FROM `leave` WHERE `l_g_id` = 12 AND `l_addtime` = '2017-08-03'  [ RunTime:0.0007s ]
SQL: SELECT * FROM `leave` WHERE `l_g_id` = 12 AND `l_addtime` = '2017-08-04'  [ RunTime:0.0008s ]
SQL: SELECT * FROM `leave` WHERE `l_g_id` = 12 AND `l_addtime` = '2017-08-05'  [ RunTime:0.0009s ]
SQL: SELECT * FROM `leave` WHERE `l_g_id` = 12 AND `l_addtime` = '2017-08-06'  [ RunTime:0.0008s ]
SQL: SELECT * FROM `leave` WHERE `l_g_id` = 12 AND `l_addtime` = '2017-08-07'  [ RunTime:0.0007s ]
SQL: SELECT * FROM `leave` WHERE `l_g_id` = 12 AND `l_addtime` = '2017-08-08'  [ RunTime:0.0007s ]
SQL: SELECT * FROM `leave` WHERE `l_g_id` = 12 AND `l_addtime` = '2017-08-09'  [ RunTime:0.0010s ]
SQL: SELECT * FROM `leave` WHERE `l_g_id` = 12 AND `l_addtime` = '2017-08-10'  [ RunTime:0.0007s ]
SQL: SELECT * FROM `leave` WHERE `l_g_id` = 12 AND `l_addtime` = '2017-08-11'  [ RunTime:0.0008s ]
SQL: SELECT * FROM `leave` WHERE `l_g_id` = 12 AND `l_addtime` = '2017-08-12'  [ RunTime:0.0011s ]
SQL: SELECT * FROM `leave` WHERE `l_g_id` = 12 AND `l_addtime` = '2017-08-13'  [ RunTime:0.0008s ]
SQL: SELECT * FROM `leave` WHERE `l_g_id` = 12 AND `l_addtime` = '2017-08-14'  [ RunTime:0.0007s ]
SQL: SELECT * FROM `leave` WHERE `l_g_id` = 12 AND `l_addtime` = '2017-08-15'  [ RunTime:0.0007s ]
SQL: SELECT * FROM `leave` WHERE `l_g_id` = 12 AND `l_addtime` = '2017-08-16'  [ RunTime:0.0007s ]
SQL: SELECT * FROM `leave` WHERE `l_g_id` = 12 AND `l_addtime` = '2017-08-17'  [ RunTime:0.0007s ]
SQL: SELECT * FROM `leave` WHERE `l_g_id` = 12 AND `l_addtime` = '2017-08-18'  [ RunTime:0.0008s ]
SQL: SELECT * FROM `leave` WHERE `l_g_id` = 12 AND `l_addtime` = '2017-08-19'  [ RunTime:0.0008s ]
SQL: SELECT * FROM `leave` WHERE `l_g_id` = 12 AND `l_addtime` = '2017-08-20'  [ RunTime:0.0007s ]
SQL: SELECT * FROM `leave` WHERE `l_g_id` = 12 AND `l_addtime` = '2017-08-21'  [ RunTime:0.0008s ]
SQL: SELECT * FROM `leave` WHERE `l_g_id` = 12 AND `l_addtime` = '2017-08-22'  [ RunTime:0.0008s ]
SQL: SELECT * FROM `leave` WHERE `l_g_id` = 12 AND `l_addtime` = '2017-08-23'  [ RunTime:0.0007s ]
SQL: SELECT * FROM `leave` WHERE `l_g_id` = 12 AND `l_addtime` = '2017-08-24'  [ RunTime:0.0007s ]
SQL: SELECT * FROM `leave` WHERE `l_g_id` = 12 AND `l_addtime` = '2017-08-25'  [ RunTime:0.0008s ]
SQL: SELECT * FROM `leave` WHERE `l_g_id` = 12 AND `l_addtime` = '2017-08-26'  [ RunTime:0.0008s ]
SQL: SELECT * FROM `leave` WHERE `l_g_id` = 12 AND `l_addtime` = '2017-08-27'  [ RunTime:0.0007s ]
SQL: SELECT * FROM `leave` WHERE `l_g_id` = 12 AND `l_addtime` = '2017-08-28'  [ RunTime:0.0007s ]
SQL: SELECT * FROM `leave` WHERE `l_g_id` = 12 AND `l_addtime` = '2017-08-29'  [ RunTime:0.0007s ]
INFO: [ view_parse ] --START--
INFO: [ template_filter ] --START--
INFO: Run Behavior\ContentReplaceBehavior [ RunTime:0.000367s ]
INFO: [ template_filter ] --END-- [ RunTime:0.000505s ]
INFO: Run Behavior\ParseTemplateBehavior [ RunTime:0.119721s ]
INFO: [ view_parse ] --END-- [ RunTime:0.119882s ]
INFO: [ view_filter ] --START--
INFO: Run Behavior\WriteHtmlCacheBehavior [ RunTime:0.000855s ]
INFO: [ view_filter ] --END-- [ RunTime:0.000962s ]
INFO: [ app_end ] --START--
INFO: Run Behavior\ShowPageTraceBehavior [ RunTime:0.002555s ]
INFO: [ app_end ] --END-- [ RunTime:0.002881s ]

[ 2017-08-29T16:21:38+08:00 ] 127.0.0.1 /index.php?c=class
INFO: [ app_init ] --START--
INFO: Run Behavior\BuildLiteBehavior [ RunTime:0.000010s ]
INFO: [ app_init ] --END-- [ RunTime:0.000308s ]
INFO: [ app_begin ] --START--
INFO: Run Behavior\ReadHtmlCacheBehavior [ RunTime:0.000349s ]
INFO: [ app_begin ] --END-- [ RunTime:0.000386s ]
SQL: SHOW COLUMNS FROM `grade` [ RunTime:0.0106s ]
SQL: SELECT * FROM `grade`  [ RunTime:0.0003s ]
INFO: [ view_parse ] --START--
INFO: [ template_filter ] --START--
INFO: Run Behavior\ContentReplaceBehavior [ RunTime:0.000110s ]
INFO: [ template_filter ] --END-- [ RunTime:0.000159s ]
NOTIC: [8] Undefined variable: class_list D:\phpStudy\WWW\leave\Application\Runtime\Cache\Home\7fde59dcc6730b00f0ea2d8c62973961.php 第 377 行.
NOTIC: [8] Undefined variable: class_list D:\phpStudy\WWW\leave\Application\Runtime\Cache\Home\7fde59dcc6730b00f0ea2d8c62973961.php 第 424 行.
INFO: Run Behavior\ParseTemplateBehavior [ RunTime:0.044996s ]
INFO: [ view_parse ] --END-- [ RunTime:0.045035s ]
INFO: [ view_filter ] --START--
INFO: Run Behavior\WriteHtmlCacheBehavior [ RunTime:0.000255s ]
INFO: [ view_filter ] --END-- [ RunTime:0.000291s ]
INFO: [ app_end ] --START--
INFO: Run Behavior\ShowPageTraceBehavior [ RunTime:0.000531s ]
INFO: [ app_end ] --END-- [ RunTime:0.000590s ]

[ 2017-08-29T16:21:40+08:00 ] 127.0.0.1 /index.php?c=student
INFO: [ app_init ] --START--
INFO: Run Behavior\BuildLiteBehavior [ RunTime:0.000008s ]
INFO: [ app_init ] --END-- [ RunTime:0.000305s ]
INFO: [ app_begin ] --START--
INFO: Run Behavior\ReadHtmlCacheBehavior [ RunTime:0.000383s ]
INFO: [ app_begin ] --END-- [ RunTime:0.000420s ]
SQL: SHOW COLUMNS FROM `grade` [ RunTime:0.0136s ]
SQL: SELECT * FROM `grade`  [ RunTime:0.0002s ]
INFO: [ view_parse ] --START--
INFO: [ template_filter ] --START--
INFO: Run Behavior\ContentReplaceBehavior [ RunTime:0.000110s ]
INFO: [ template_filter ] --END-- [ RunTime:0.000152s ]
NOTIC: [8] Undefined variable: class_list D:\phpStudy\WWW\leave\Application\Runtime\Cache\Home\5e6caf1f921dc2090a81407240a42a8e.php 第 376 行.
NOTIC: [8] Undefined variable: student_list D:\phpStudy\WWW\leave\Application\Runtime\Cache\Home\5e6caf1f921dc2090a81407240a42a8e.php 第 422 行.
INFO: Run Behavior\ParseTemplateBehavior [ RunTime:0.047178s ]
INFO: [ view_parse ] --END-- [ RunTime:0.047218s ]
INFO: [ view_filter ] --START--
INFO: Run Behavior\WriteHtmlCacheBehavior [ RunTime:0.000248s ]
INFO: [ view_filter ] --END-- [ RunTime:0.000277s ]
INFO: [ app_end ] --START--
INFO: Run Behavior\ShowPageTraceBehavior [ RunTime:0.000564s ]
INFO: [ app_end ] --END-- [ RunTime:0.000608s ]

[ 2017-08-29T16:21:42+08:00 ] 127.0.0.1 /index.php?c=index
INFO: [ app_init ] --START--
INFO: Run Behavior\BuildLiteBehavior [ RunTime:0.000009s ]
INFO: [ app_init ] --END-- [ RunTime:0.000289s ]
INFO: [ app_begin ] --START--
INFO: Run Behavior\ReadHtmlCacheBehavior [ RunTime:0.000332s ]
INFO: [ app_begin ] --END-- [ RunTime:0.000367s ]
SQL: SHOW COLUMNS FROM `leave` [ RunTime:0.0117s ]
SQL: SELECT * FROM `leave` WHERE `l_addtime` = '2017-08-29'  [ RunTime:0.0003s ]
SQL: SELECT * FROM `leave` WHERE `l_addtime` = '2017-08-28'  [ RunTime:0.0003s ]
SQL: SELECT * FROM `leave` WHERE `l_addtime` = '2017-08-28'  [ RunTime:0.0003s ]
SQL: SELECT * FROM `leave` WHERE `l_addtime` = '2017-08-29'  [ RunTime:0.0003s ]
SQL: SELECT * FROM `leave` WHERE `l_addtime` = '2017-08-01'  [ RunTime:0.0002s ]
SQL: SELECT * FROM `leave` WHERE `l_addtime` = '2017-08-02'  [ RunTime:0.0002s ]
SQL: SELECT * FROM `leave` WHERE `l_addtime` = '2017-08-03'  [ RunTime:0.0002s ]
SQL: SELECT * FROM `leave` WHERE `l_addtime` = '2017-08-04'  [ RunTime:0.0003s ]
SQL: SELECT * FROM `leave` WHERE `l_addtime` = '2017-08-05'  [ RunTime:0.0003s ]
SQL: SELECT * FROM `leave` WHERE `l_addtime` = '2017-08-06'  [ RunTime:0.0003s ]
SQL: SELECT * FROM `leave` WHERE `l_addtime` = '2017-08-07'  [ RunTime:0.0002s ]
SQL: SELECT * FROM `leave` WHERE `l_addtime` = '2017-08-08'  [ RunTime:0.0002s ]
SQL: SELECT * FROM `leave` WHERE `l_addtime` = '2017-08-09'  [ RunTime:0.0003s ]
SQL: SELECT * FROM `leave` WHERE `l_addtime` = '2017-08-10'  [ RunTime:0.0003s ]
SQL: SELECT * FROM `leave` WHERE `l_addtime` = '2017-08-11'  [ RunTime:0.0003s ]
SQL: SELECT * FROM `leave` WHERE `l_addtime` = '2017-08-12'  [ RunTime:0.0002s ]
SQL: SELECT * FROM `leave` WHERE `l_addtime` = '2017-08-13'  [ RunTime:0.0002s ]
SQL: SELECT * FROM `leave` WHERE `l_addtime` = '2017-08-14'  [ RunTime:0.0002s ]
SQL: SELECT * FROM `leave` WHERE `l_addtime` = '2017-08-15'  [ RunTime:0.0002s ]
SQL: SELECT * FROM `leave` WHERE `l_addtime` = '2017-08-16'  [ RunTime:0.0002s ]
SQL: SELECT * FROM `leave` WHERE `l_addtime` = '2017-08-17'  [ RunTime:0.0002s ]
SQL: SELECT * FROM `leave` WHERE `l_addtime` = '2017-08-18'  [ RunTime:0.0002s ]
SQL: SELECT * FROM `leave` WHERE `l_addtime` = '2017-08-19'  [ RunTime:0.0002s ]
SQL: SELECT * FROM `leave` WHERE `l_addtime` = '2017-08-20'  [ RunTime:0.0002s ]
SQL: SELECT * FROM `leave` WHERE `l_addtime` = '2017-08-21'  [ RunTime:0.0002s ]
SQL: SELECT * FROM `leave` WHERE `l_addtime` = '2017-08-22'  [ RunTime:0.0002s ]
SQL: SELECT * FROM `leave` WHERE `l_addtime` = '2017-08-23'  [ RunTime:0.0002s ]
SQL: SELECT * FROM `leave` WHERE `l_addtime` = '2017-08-24'  [ RunTime:0.0002s ]
SQL: SELECT * FROM `leave` WHERE `l_addtime` = '2017-08-25'  [ RunTime:0.0002s ]
SQL: SELECT * FROM `leave` WHERE `l_addtime` = '2017-08-26'  [ RunTime:0.0002s ]
SQL: SELECT * FROM `leave` WHERE `l_addtime` = '2017-08-27'  [ RunTime:0.0002s ]
SQL: SELECT * FROM `leave` WHERE `l_addtime` = '2017-08-28'  [ RunTime:0.0002s ]
SQL: SELECT * FROM `leave` WHERE `l_addtime` = '2017-08-29'  [ RunTime:0.0002s ]
INFO: [ view_parse ] --START--
INFO: [ template_filter ] --START--
INFO: Run Behavior\ContentReplaceBehavior [ RunTime:0.000141s ]
INFO: [ template_filter ] --END-- [ RunTime:0.000180s ]
INFO: Run Behavior\ParseTemplateBehavior [ RunTime:0.022242s ]
INFO: [ view_parse ] --END-- [ RunTime:0.022290s ]
INFO: [ view_filter ] --START--
INFO: Run Behavior\WriteHtmlCacheBehavior [ RunTime:0.000251s ]
INFO: [ view_filter ] --END-- [ RunTime:0.000285s ]
INFO: [ app_end ] --START--
INFO: Run Behavior\ShowPageTraceBehavior [ RunTime:0.000492s ]
INFO: [ app_end ] --END-- [ RunTime:0.000534s ]

[ 2017-08-29T16:22:08+08:00 ] 127.0.0.1 /index.php?c=login&a=logout
INFO: [ app_init ] --START--
INFO: Run Behavior\BuildLiteBehavior [ RunTime:0.000008s ]
INFO: [ app_init ] --END-- [ RunTime:0.000307s ]
INFO: [ app_begin ] --START--
INFO: Run Behavior\ReadHtmlCacheBehavior [ RunTime:0.000379s ]
INFO: [ app_begin ] --END-- [ RunTime:0.000414s ]
NOTIC: [8] Undefined variable: module D:\phpStudy\WWW\leave\ThinkPHP\Common\functions.php 第 990 行.
NOTIC: [8] Undefined variable: var D:\phpStudy\WWW\leave\ThinkPHP\Common\functions.php 第 990 行.
NOTIC: [2] array_reverse() expects parameter 1 to be array, null given D:\phpStudy\WWW\leave\ThinkPHP\Common\functions.php 第 990 行.
NOTIC: [2] http_build_query(): Parameter 1 expected to be Array or Object.  Incorrect value given D:\phpStudy\WWW\leave\ThinkPHP\Common\functions.php 第 990 行.

[ 2017-08-29T16:22:08+08:00 ] 127.0.0.1 /index.php?m=&&c=index
INFO: [ app_init ] --START--
INFO: Run Behavior\BuildLiteBehavior [ RunTime:0.000009s ]
INFO: [ app_init ] --END-- [ RunTime:0.000285s ]
INFO: [ app_begin ] --START--
INFO: Run Behavior\ReadHtmlCacheBehavior [ RunTime:0.000329s ]
INFO: [ app_begin ] --END-- [ RunTime:0.000364s ]
NOTIC: [8] Undefined variable: module D:\phpStudy\WWW\leave\ThinkPHP\Common\functions.php 第 990 行.
NOTIC: [8] Undefined variable: var D:\phpStudy\WWW\leave\ThinkPHP\Common\functions.php 第 990 行.
NOTIC: [2] array_reverse() expects parameter 1 to be array, null given D:\phpStudy\WWW\leave\ThinkPHP\Common\functions.php 第 990 行.
NOTIC: [2] http_build_query(): Parameter 1 expected to be Array or Object.  Incorrect value given D:\phpStudy\WWW\leave\ThinkPHP\Common\functions.php 第 990 行.

[ 2017-08-29T16:22:08+08:00 ] 127.0.0.1 /index.php?m=&&m=home&c=login
INFO: [ app_init ] --START--
INFO: Run Behavior\BuildLiteBehavior [ RunTime:0.000009s ]
INFO: [ app_init ] --END-- [ RunTime:0.000290s ]
INFO: [ app_begin ] --START--
INFO: Run Behavior\ReadHtmlCacheBehavior [ RunTime:0.000359s ]
INFO: [ app_begin ] --END-- [ RunTime:0.000394s ]
INFO: [ view_parse ] --START--
INFO: [ template_filter ] --START--
INFO: Run Behavior\ContentReplaceBehavior [ RunTime:0.000025s ]
INFO: [ template_filter ] --END-- [ RunTime:0.000058s ]
NOTIC: [8] Undefined variable: state D:\phpStudy\WWW\leave\Application\Runtime\Cache\Home\5b6adcb62ad2b5dfc2abc2cd5e11dc99.php 第 33 行.
INFO: Run Behavior\ParseTemplateBehavior [ RunTime:0.005195s ]
INFO: [ view_parse ] --END-- [ RunTime:0.005236s ]
INFO: [ view_filter ] --START--
INFO: Run Behavior\WriteHtmlCacheBehavior [ RunTime:0.000254s ]
INFO: [ view_filter ] --END-- [ RunTime:0.000279s ]
INFO: [ app_end ] --START--
INFO: Run Behavior\ShowPageTraceBehavior [ RunTime:0.000463s ]
INFO: [ app_end ] --END-- [ RunTime:0.000492s ]

