[ 2017-11-20T20:51:09+08:00 ] 127.0.0.1 /
INFO: [ app_init ] --START--
INFO: Run Behavior\BuildLiteBehavior [ RunTime:0.000013s ]
INFO: [ app_init ] --END-- [ RunTime:0.001041s ]
INFO: [ app_begin ] --START--
INFO: Run Behavior\ReadHtmlCacheBehavior [ RunTime:0.000939s ]
INFO: [ app_begin ] --END-- [ RunTime:0.001014s ]
NOTIC: [8] Undefined variable: module C:\phpStudy\WWW\leave\ThinkPHP\Common\functions.php 第 990 行.
NOTIC: [8] Undefined variable: var C:\phpStudy\WWW\leave\ThinkPHP\Common\functions.php 第 990 行.
NOTIC: [2] array_reverse() expects parameter 1 to be array, null given C:\phpStudy\WWW\leave\ThinkPHP\Common\functions.php 第 990 行.
NOTIC: [2] http_build_query(): Parameter 1 expected to be Array or Object.  Incorrect value given C:\phpStudy\WWW\leave\ThinkPHP\Common\functions.php 第 990 行.

[ 2017-11-20T20:51:09+08:00 ] 127.0.0.1 /index.php?m=&&m=home&c=login
INFO: [ app_init ] --START--
INFO: Run Behavior\BuildLiteBehavior [ RunTime:0.000016s ]
INFO: [ app_init ] --END-- [ RunTime:0.000427s ]
INFO: [ app_begin ] --START--
INFO: Run Behavior\ReadHtmlCacheBehavior [ RunTime:0.000877s ]
INFO: [ app_begin ] --END-- [ RunTime:0.000952s ]
INFO: [ view_parse ] --START--
INFO: [ template_filter ] --START--
INFO: Run Behavior\ContentReplaceBehavior [ RunTime:0.000050s ]
INFO: [ template_filter ] --END-- [ RunTime:0.000129s ]
NOTIC: [8] Undefined variable: state C:\phpStudy\WWW\leave\Application\Runtime\Cache\Home\5b6adcb62ad2b5dfc2abc2cd5e11dc99.php 第 33 行.
INFO: Run Behavior\ParseTemplateBehavior [ RunTime:0.014708s ]
INFO: [ view_parse ] --END-- [ RunTime:0.014902s ]
INFO: [ view_filter ] --START--
INFO: Run Behavior\WriteHtmlCacheBehavior [ RunTime:0.001131s ]
INFO: [ view_filter ] --END-- [ RunTime:0.001192s ]
INFO: [ app_end ] --START--
INFO: Run Behavior\ShowPageTraceBehavior [ RunTime:0.001039s ]
INFO: [ app_end ] --END-- [ RunTime:0.001119s ]

[ 2017-11-20T20:51:11+08:00 ] 127.0.0.1 /index.php?m=home&c=login&a=index
INFO: [ app_init ] --START--
INFO: Run Behavior\BuildLiteBehavior [ RunTime:0.000010s ]
INFO: [ app_init ] --END-- [ RunTime:0.000292s ]
INFO: [ app_begin ] --START--
INFO: Run Behavior\ReadHtmlCacheBehavior [ RunTime:0.000598s ]
INFO: [ app_begin ] --END-- [ RunTime:0.000643s ]
SQL: SHOW COLUMNS FROM `admin` [ RunTime:0.0085s ]
SQL: SELECT * FROM `admin` WHERE `a_username` = 'admin' LIMIT 1   [ RunTime:0.0009s ]
NOTIC: [8] Undefined variable: module C:\phpStudy\WWW\leave\ThinkPHP\Common\functions.php 第 990 行.
NOTIC: [8] Undefined variable: var C:\phpStudy\WWW\leave\ThinkPHP\Common\functions.php 第 990 行.
NOTIC: [2] array_reverse() expects parameter 1 to be array, null given C:\phpStudy\WWW\leave\ThinkPHP\Common\functions.php 第 990 行.
NOTIC: [2] http_build_query(): Parameter 1 expected to be Array or Object.  Incorrect value given C:\phpStudy\WWW\leave\ThinkPHP\Common\functions.php 第 990 行.

[ 2017-11-20T20:51:11+08:00 ] 127.0.0.1 /index.php?m=&&c=index
INFO: [ app_init ] --START--
INFO: Run Behavior\BuildLiteBehavior [ RunTime:0.000009s ]
INFO: [ app_init ] --END-- [ RunTime:0.000303s ]
INFO: [ app_begin ] --START--
INFO: Run Behavior\ReadHtmlCacheBehavior [ RunTime:0.000546s ]
INFO: [ app_begin ] --END-- [ RunTime:0.000591s ]
SQL: SHOW COLUMNS FROM `leave` [ RunTime:0.0090s ]
SQL: SELECT * FROM `leave` WHERE `l_addtime` = '2017-11-20'  [ RunTime:0.0007s ]
SQL: SELECT * FROM `leave` WHERE `l_addtime` = '2017-11-19'  [ RunTime:0.0004s ]
SQL: SELECT * FROM `leave` WHERE `l_addtime` = '2017-11-20'  [ RunTime:0.0003s ]
SQL: SELECT * FROM `leave` WHERE `l_addtime` = '2017-11-01'  [ RunTime:0.0003s ]
SQL: SELECT * FROM `leave` WHERE `l_addtime` = '2017-11-02'  [ RunTime:0.0003s ]
SQL: SELECT * FROM `leave` WHERE `l_addtime` = '2017-11-03'  [ RunTime:0.0003s ]
SQL: SELECT * FROM `leave` WHERE `l_addtime` = '2017-11-04'  [ RunTime:0.0003s ]
SQL: SELECT * FROM `leave` WHERE `l_addtime` = '2017-11-05'  [ RunTime:0.0003s ]
SQL: SELECT * FROM `leave` WHERE `l_addtime` = '2017-11-06'  [ RunTime:0.0003s ]
SQL: SELECT * FROM `leave` WHERE `l_addtime` = '2017-11-07'  [ RunTime:0.0003s ]
SQL: SELECT * FROM `leave` WHERE `l_addtime` = '2017-11-08'  [ RunTime:0.0004s ]
SQL: SELECT * FROM `leave` WHERE `l_addtime` = '2017-11-09'  [ RunTime:0.0004s ]
SQL: SELECT * FROM `leave` WHERE `l_addtime` = '2017-11-10'  [ RunTime:0.0003s ]
SQL: SELECT * FROM `leave` WHERE `l_addtime` = '2017-11-11'  [ RunTime:0.0003s ]
SQL: SELECT * FROM `leave` WHERE `l_addtime` = '2017-11-12'  [ RunTime:0.0003s ]
SQL: SELECT * FROM `leave` WHERE `l_addtime` = '2017-11-13'  [ RunTime:0.0003s ]
SQL: SELECT * FROM `leave` WHERE `l_addtime` = '2017-11-14'  [ RunTime:0.0003s ]
SQL: SELECT * FROM `leave` WHERE `l_addtime` = '2017-11-15'  [ RunTime:0.0003s ]
SQL: SELECT * FROM `leave` WHERE `l_addtime` = '2017-11-16'  [ RunTime:0.0003s ]
SQL: SELECT * FROM `leave` WHERE `l_addtime` = '2017-11-17'  [ RunTime:0.0003s ]
SQL: SELECT * FROM `leave` WHERE `l_addtime` = '2017-11-18'  [ RunTime:0.0003s ]
SQL: SELECT * FROM `leave` WHERE `l_addtime` = '2017-11-19'  [ RunTime:0.0003s ]
SQL: SELECT * FROM `leave` WHERE `l_addtime` = '2017-11-20'  [ RunTime:0.0003s ]
INFO: [ view_parse ] --START--
INFO: [ template_filter ] --START--
INFO: Run Behavior\ContentReplaceBehavior [ RunTime:0.000181s ]
INFO: [ template_filter ] --END-- [ RunTime:0.000224s ]
INFO: Run Behavior\ParseTemplateBehavior [ RunTime:0.025846s ]
INFO: [ view_parse ] --END-- [ RunTime:0.025896s ]
INFO: [ view_filter ] --START--
INFO: Run Behavior\WriteHtmlCacheBehavior [ RunTime:0.000438s ]
INFO: [ view_filter ] --END-- [ RunTime:0.000478s ]
INFO: [ app_end ] --START--
INFO: Run Behavior\ShowPageTraceBehavior [ RunTime:0.000915s ]
INFO: [ app_end ] --END-- [ RunTime:0.000979s ]

