[ 2018-04-18T10:55:01+08:00 ] 127.0.0.1 /
INFO: [ app_init ] --START--
INFO: Run Behavior\BuildLiteBehavior [ RunTime:0.000022s ]
INFO: [ app_init ] --END-- [ RunTime:0.003372s ]
INFO: [ app_begin ] --START--
INFO: Run Behavior\ReadHtmlCacheBehavior [ RunTime:0.002313s ]
INFO: [ app_begin ] --END-- [ RunTime:0.002447s ]
NOTIC: [8] Undefined variable: module C:\phpStudy\WWW\leave\ThinkPHP\Common\functions.php 第 990 行.
NOTIC: [8] Undefined variable: var C:\phpStudy\WWW\leave\ThinkPHP\Common\functions.php 第 990 行.
NOTIC: [2] array_reverse() expects parameter 1 to be array, null given C:\phpStudy\WWW\leave\ThinkPHP\Common\functions.php 第 990 行.
NOTIC: [2] http_build_query(): Parameter 1 expected to be Array or Object.  Incorrect value given C:\phpStudy\WWW\leave\ThinkPHP\Common\functions.php 第 990 行.

[ 2018-04-18T10:55:01+08:00 ] 127.0.0.1 /index.php?m=&&m=home&c=login
INFO: [ app_init ] --START--
INFO: Run Behavior\BuildLiteBehavior [ RunTime:0.000023s ]
INFO: [ app_init ] --END-- [ RunTime:0.000911s ]
INFO: [ app_begin ] --START--
INFO: Run Behavior\ReadHtmlCacheBehavior [ RunTime:0.005091s ]
INFO: [ app_begin ] --END-- [ RunTime:0.005196s ]
INFO: [ view_parse ] --START--
INFO: [ template_filter ] --START--
INFO: Run Behavior\ContentReplaceBehavior [ RunTime:0.000059s ]
INFO: [ template_filter ] --END-- [ RunTime:0.000141s ]
NOTIC: [8] Undefined variable: state C:\phpStudy\WWW\leave\Application\Runtime\Cache\Home\5b6adcb62ad2b5dfc2abc2cd5e11dc99.php 第 33 行.
INFO: Run Behavior\ParseTemplateBehavior [ RunTime:0.024895s ]
INFO: [ view_parse ] --END-- [ RunTime:0.024997s ]
INFO: [ view_filter ] --START--
INFO: Run Behavior\WriteHtmlCacheBehavior [ RunTime:0.002144s ]
INFO: [ view_filter ] --END-- [ RunTime:0.002219s ]
INFO: [ app_end ] --START--
INFO: Run Behavior\ShowPageTraceBehavior [ RunTime:0.002075s ]
INFO: [ app_end ] --END-- [ RunTime:0.002153s ]

[ 2018-04-18T10:55:03+08:00 ] 127.0.0.1 /index.php?m=home&c=login&a=index
INFO: [ app_init ] --START--
INFO: Run Behavior\BuildLiteBehavior [ RunTime:0.000021s ]
INFO: [ app_init ] --END-- [ RunTime:0.000857s ]
INFO: [ app_begin ] --START--
INFO: Run Behavior\ReadHtmlCacheBehavior [ RunTime:0.000921s ]
INFO: [ app_begin ] --END-- [ RunTime:0.001020s ]
SQL: SHOW COLUMNS FROM `admin` [ RunTime:0.0135s ]
SQL: SELECT * FROM `admin` WHERE `a_username` = 'admin' LIMIT 1   [ RunTime:0.0009s ]
NOTIC: [8] Undefined variable: module C:\phpStudy\WWW\leave\ThinkPHP\Common\functions.php 第 990 行.
NOTIC: [8] Undefined variable: var C:\phpStudy\WWW\leave\ThinkPHP\Common\functions.php 第 990 行.
NOTIC: [2] array_reverse() expects parameter 1 to be array, null given C:\phpStudy\WWW\leave\ThinkPHP\Common\functions.php 第 990 行.
NOTIC: [2] http_build_query(): Parameter 1 expected to be Array or Object.  Incorrect value given C:\phpStudy\WWW\leave\ThinkPHP\Common\functions.php 第 990 行.

[ 2018-04-18T10:55:03+08:00 ] 127.0.0.1 /index.php?m=&&c=index
INFO: [ app_init ] --START--
INFO: Run Behavior\BuildLiteBehavior [ RunTime:0.000028s ]
INFO: [ app_init ] --END-- [ RunTime:0.000678s ]
INFO: [ app_begin ] --START--
INFO: Run Behavior\ReadHtmlCacheBehavior [ RunTime:0.001307s ]
INFO: [ app_begin ] --END-- [ RunTime:0.001444s ]
SQL: SHOW COLUMNS FROM `leave` [ RunTime:0.0253s ]
SQL: SELECT * FROM `leave` WHERE `l_addtime` = '2018-04-18'  [ RunTime:0.0008s ]
SQL: SELECT * FROM `leave` WHERE `l_addtime` = '2018-04-17'  [ RunTime:0.0005s ]
SQL: SELECT * FROM `leave` WHERE `l_addtime` = '2018-04-16'  [ RunTime:0.0006s ]
SQL: SELECT * FROM `leave` WHERE `l_addtime` = '2018-04-17'  [ RunTime:0.0005s ]
SQL: SELECT * FROM `leave` WHERE `l_addtime` = '2018-04-18'  [ RunTime:0.0006s ]
SQL: SELECT * FROM `leave` WHERE `l_addtime` = '2018-04-01'  [ RunTime:0.0007s ]
SQL: SELECT * FROM `leave` WHERE `l_addtime` = '2018-04-02'  [ RunTime:0.0006s ]
SQL: SELECT * FROM `leave` WHERE `l_addtime` = '2018-04-03'  [ RunTime:0.0005s ]
SQL: SELECT * FROM `leave` WHERE `l_addtime` = '2018-04-04'  [ RunTime:0.0005s ]
SQL: SELECT * FROM `leave` WHERE `l_addtime` = '2018-04-05'  [ RunTime:0.0005s ]
SQL: SELECT * FROM `leave` WHERE `l_addtime` = '2018-04-06'  [ RunTime:0.0005s ]
SQL: SELECT * FROM `leave` WHERE `l_addtime` = '2018-04-07'  [ RunTime:0.0004s ]
SQL: SELECT * FROM `leave` WHERE `l_addtime` = '2018-04-08'  [ RunTime:0.0005s ]
SQL: SELECT * FROM `leave` WHERE `l_addtime` = '2018-04-09'  [ RunTime:0.0004s ]
SQL: SELECT * FROM `leave` WHERE `l_addtime` = '2018-04-10'  [ RunTime:0.0004s ]
SQL: SELECT * FROM `leave` WHERE `l_addtime` = '2018-04-11'  [ RunTime:0.0006s ]
SQL: SELECT * FROM `leave` WHERE `l_addtime` = '2018-04-12'  [ RunTime:0.0008s ]
SQL: SELECT * FROM `leave` WHERE `l_addtime` = '2018-04-13'  [ RunTime:0.0006s ]
SQL: SELECT * FROM `leave` WHERE `l_addtime` = '2018-04-14'  [ RunTime:0.0008s ]
SQL: SELECT * FROM `leave` WHERE `l_addtime` = '2018-04-15'  [ RunTime:0.0005s ]
SQL: SELECT * FROM `leave` WHERE `l_addtime` = '2018-04-16'  [ RunTime:0.0004s ]
SQL: SELECT * FROM `leave` WHERE `l_addtime` = '2018-04-17'  [ RunTime:0.0004s ]
SQL: SELECT * FROM `leave` WHERE `l_addtime` = '2018-04-18'  [ RunTime:0.0004s ]
INFO: [ view_parse ] --START--
INFO: [ template_filter ] --START--
INFO: Run Behavior\ContentReplaceBehavior [ RunTime:0.000331s ]
INFO: [ template_filter ] --END-- [ RunTime:0.000452s ]
INFO: Run Behavior\ParseTemplateBehavior [ RunTime:0.043374s ]
INFO: [ view_parse ] --END-- [ RunTime:0.043496s ]
INFO: [ view_filter ] --START--
INFO: Run Behavior\WriteHtmlCacheBehavior [ RunTime:0.000732s ]
INFO: [ view_filter ] --END-- [ RunTime:0.000822s ]
INFO: [ app_end ] --START--
INFO: Run Behavior\ShowPageTraceBehavior [ RunTime:0.001271s ]
INFO: [ app_end ] --END-- [ RunTime:0.001370s ]

[ 2018-04-18T10:55:06+08:00 ] 127.0.0.1 /index.php?c=student
INFO: [ app_init ] --START--
INFO: Run Behavior\BuildLiteBehavior [ RunTime:0.000019s ]
INFO: [ app_init ] --END-- [ RunTime:0.000473s ]
INFO: [ app_begin ] --START--
INFO: Run Behavior\ReadHtmlCacheBehavior [ RunTime:0.000807s ]
INFO: [ app_begin ] --END-- [ RunTime:0.000911s ]
SQL: SHOW COLUMNS FROM `grade` [ RunTime:0.0129s ]
SQL: SELECT * FROM `grade`  [ RunTime:0.0011s ]
INFO: [ view_parse ] --START--
INFO: [ template_filter ] --START--
INFO: Run Behavior\ContentReplaceBehavior [ RunTime:0.000425s ]
INFO: [ template_filter ] --END-- [ RunTime:0.000716s ]
NOTIC: [8] Undefined variable: class_list C:\phpStudy\WWW\leave\Application\Runtime\Cache\Home\5e6caf1f921dc2090a81407240a42a8e.php 第 381 行.
NOTIC: [8] Undefined variable: student_list C:\phpStudy\WWW\leave\Application\Runtime\Cache\Home\5e6caf1f921dc2090a81407240a42a8e.php 第 427 行.
INFO: Run Behavior\ParseTemplateBehavior [ RunTime:0.032855s ]
INFO: [ view_parse ] --END-- [ RunTime:0.032965s ]
INFO: [ view_filter ] --START--
INFO: Run Behavior\WriteHtmlCacheBehavior [ RunTime:0.000549s ]
INFO: [ view_filter ] --END-- [ RunTime:0.000626s ]
INFO: [ app_end ] --START--
INFO: Run Behavior\ShowPageTraceBehavior [ RunTime:0.001120s ]
INFO: [ app_end ] --END-- [ RunTime:0.001227s ]

[ 2018-04-18T10:55:14+08:00 ] 127.0.0.1 /index.php?c=class
INFO: [ app_init ] --START--
INFO: Run Behavior\BuildLiteBehavior [ RunTime:0.000013s ]
INFO: [ app_init ] --END-- [ RunTime:0.000316s ]
INFO: [ app_begin ] --START--
INFO: Run Behavior\ReadHtmlCacheBehavior [ RunTime:0.000444s ]
INFO: [ app_begin ] --END-- [ RunTime:0.000495s ]
SQL: SHOW COLUMNS FROM `grade` [ RunTime:0.0289s ]
SQL: SELECT * FROM `grade`  [ RunTime:0.0003s ]
INFO: [ view_parse ] --START--
INFO: [ template_filter ] --START--
INFO: Run Behavior\ContentReplaceBehavior [ RunTime:0.000202s ]
INFO: [ template_filter ] --END-- [ RunTime:0.000285s ]
NOTIC: [8] Undefined variable: class_list C:\phpStudy\WWW\leave\Application\Runtime\Cache\Home\7fde59dcc6730b00f0ea2d8c62973961.php 第 382 行.
NOTIC: [8] Undefined variable: class_list C:\phpStudy\WWW\leave\Application\Runtime\Cache\Home\7fde59dcc6730b00f0ea2d8c62973961.php 第 429 行.
INFO: Run Behavior\ParseTemplateBehavior [ RunTime:0.030664s ]
INFO: [ view_parse ] --END-- [ RunTime:0.030751s ]
INFO: [ view_filter ] --START--
INFO: Run Behavior\WriteHtmlCacheBehavior [ RunTime:0.000544s ]
INFO: [ view_filter ] --END-- [ RunTime:0.000638s ]
INFO: [ app_end ] --START--
INFO: Run Behavior\ShowPageTraceBehavior [ RunTime:0.002160s ]
INFO: [ app_end ] --END-- [ RunTime:0.002790s ]

[ 2018-04-18T10:55:16+08:00 ] 127.0.0.1 /index.php?c=grade
INFO: [ app_init ] --START--
INFO: Run Behavior\BuildLiteBehavior [ RunTime:0.000024s ]
INFO: [ app_init ] --END-- [ RunTime:0.000588s ]
INFO: [ app_begin ] --START--
INFO: Run Behavior\ReadHtmlCacheBehavior [ RunTime:0.000920s ]
INFO: [ app_begin ] --END-- [ RunTime:0.001065s ]
SQL: SHOW COLUMNS FROM `grade` [ RunTime:0.0097s ]
SQL: SELECT * FROM `grade`  [ RunTime:0.0003s ]
SQL: SELECT * FROM `grade`  [ RunTime:0.0002s ]
SQL: SHOW COLUMNS FROM `leave` [ RunTime:0.0268s ]
SQL: SELECT * FROM `leave` WHERE `l_g_id` = 15 AND `l_addtime` = '2018-04-18'  [ RunTime:0.0009s ]
SQL: SELECT * FROM `leave` WHERE `l_g_id` = 15 AND `l_addtime` = '2018-04-17'  [ RunTime:0.0005s ]
SQL: SELECT * FROM `leave` WHERE `l_g_id` = 15 AND `l_addtime` = '2018-04-16'  [ RunTime:0.0005s ]
SQL: SELECT * FROM `leave` WHERE `l_g_id` = 15 AND `l_addtime` = '2018-04-17'  [ RunTime:0.0009s ]
SQL: SELECT * FROM `leave` WHERE `l_g_id` = 15 AND `l_addtime` = '2018-04-18'  [ RunTime:0.0006s ]
SQL: SELECT * FROM `leave` WHERE `l_g_id` = 15 AND `l_addtime` = '2018-04-01'  [ RunTime:0.0006s ]
SQL: SELECT * FROM `leave` WHERE `l_g_id` = 15 AND `l_addtime` = '2018-04-02'  [ RunTime:0.0004s ]
SQL: SELECT * FROM `leave` WHERE `l_g_id` = 15 AND `l_addtime` = '2018-04-03'  [ RunTime:0.0003s ]
SQL: SELECT * FROM `leave` WHERE `l_g_id` = 15 AND `l_addtime` = '2018-04-04'  [ RunTime:0.0003s ]
SQL: SELECT * FROM `leave` WHERE `l_g_id` = 15 AND `l_addtime` = '2018-04-05'  [ RunTime:0.0003s ]
SQL: SELECT * FROM `leave` WHERE `l_g_id` = 15 AND `l_addtime` = '2018-04-06'  [ RunTime:0.0003s ]
SQL: SELECT * FROM `leave` WHERE `l_g_id` = 15 AND `l_addtime` = '2018-04-07'  [ RunTime:0.0003s ]
SQL: SELECT * FROM `leave` WHERE `l_g_id` = 15 AND `l_addtime` = '2018-04-08'  [ RunTime:0.0005s ]
SQL: SELECT * FROM `leave` WHERE `l_g_id` = 15 AND `l_addtime` = '2018-04-09'  [ RunTime:0.0005s ]
SQL: SELECT * FROM `leave` WHERE `l_g_id` = 15 AND `l_addtime` = '2018-04-10'  [ RunTime:0.0018s ]
SQL: SELECT * FROM `leave` WHERE `l_g_id` = 15 AND `l_addtime` = '2018-04-11'  [ RunTime:0.0011s ]
SQL: SELECT * FROM `leave` WHERE `l_g_id` = 15 AND `l_addtime` = '2018-04-12'  [ RunTime:0.0006s ]
SQL: SELECT * FROM `leave` WHERE `l_g_id` = 15 AND `l_addtime` = '2018-04-13'  [ RunTime:0.0006s ]
SQL: SELECT * FROM `leave` WHERE `l_g_id` = 15 AND `l_addtime` = '2018-04-14'  [ RunTime:0.0005s ]
SQL: SELECT * FROM `leave` WHERE `l_g_id` = 15 AND `l_addtime` = '2018-04-15'  [ RunTime:0.0005s ]
SQL: SELECT * FROM `leave` WHERE `l_g_id` = 15 AND `l_addtime` = '2018-04-16'  [ RunTime:0.0006s ]
SQL: SELECT * FROM `leave` WHERE `l_g_id` = 15 AND `l_addtime` = '2018-04-17'  [ RunTime:0.0006s ]
SQL: SELECT * FROM `leave` WHERE `l_g_id` = 15 AND `l_addtime` = '2018-04-18'  [ RunTime:0.0014s ]
SQL: SELECT * FROM `leave` WHERE `l_g_id` = 14 AND `l_addtime` = '2018-04-18'  [ RunTime:0.0007s ]
SQL: SELECT * FROM `leave` WHERE `l_g_id` = 14 AND `l_addtime` = '2018-04-17'  [ RunTime:0.0007s ]
SQL: SELECT * FROM `leave` WHERE `l_g_id` = 14 AND `l_addtime` = '2018-04-16'  [ RunTime:0.0006s ]
SQL: SELECT * FROM `leave` WHERE `l_g_id` = 14 AND `l_addtime` = '2018-04-17'  [ RunTime:0.0005s ]
SQL: SELECT * FROM `leave` WHERE `l_g_id` = 14 AND `l_addtime` = '2018-04-18'  [ RunTime:0.0004s ]
SQL: SELECT * FROM `leave` WHERE `l_g_id` = 14 AND `l_addtime` = '2018-04-01'  [ RunTime:0.0009s ]
SQL: SELECT * FROM `leave` WHERE `l_g_id` = 14 AND `l_addtime` = '2018-04-02'  [ RunTime:0.0009s ]
SQL: SELECT * FROM `leave` WHERE `l_g_id` = 14 AND `l_addtime` = '2018-04-03'  [ RunTime:0.0013s ]
SQL: SELECT * FROM `leave` WHERE `l_g_id` = 14 AND `l_addtime` = '2018-04-04'  [ RunTime:0.0009s ]
SQL: SELECT * FROM `leave` WHERE `l_g_id` = 14 AND `l_addtime` = '2018-04-05'  [ RunTime:0.0006s ]
SQL: SELECT * FROM `leave` WHERE `l_g_id` = 14 AND `l_addtime` = '2018-04-06'  [ RunTime:0.0008s ]
SQL: SELECT * FROM `leave` WHERE `l_g_id` = 14 AND `l_addtime` = '2018-04-07'  [ RunTime:0.0025s ]
SQL: SELECT * FROM `leave` WHERE `l_g_id` = 14 AND `l_addtime` = '2018-04-08'  [ RunTime:0.0010s ]
SQL: SELECT * FROM `leave` WHERE `l_g_id` = 14 AND `l_addtime` = '2018-04-09'  [ RunTime:0.0012s ]
SQL: SELECT * FROM `leave` WHERE `l_g_id` = 14 AND `l_addtime` = '2018-04-10'  [ RunTime:0.0007s ]
SQL: SELECT * FROM `leave` WHERE `l_g_id` = 14 AND `l_addtime` = '2018-04-11'  [ RunTime:0.0006s ]
SQL: SELECT * FROM `leave` WHERE `l_g_id` = 14 AND `l_addtime` = '2018-04-12'  [ RunTime:0.0006s ]
SQL: SELECT * FROM `leave` WHERE `l_g_id` = 14 AND `l_addtime` = '2018-04-13'  [ RunTime:0.0005s ]
SQL: SELECT * FROM `leave` WHERE `l_g_id` = 14 AND `l_addtime` = '2018-04-14'  [ RunTime:0.0004s ]
SQL: SELECT * FROM `leave` WHERE `l_g_id` = 14 AND `l_addtime` = '2018-04-15'  [ RunTime:0.0004s ]
SQL: SELECT * FROM `leave` WHERE `l_g_id` = 14 AND `l_addtime` = '2018-04-16'  [ RunTime:0.0004s ]
SQL: SELECT * FROM `leave` WHERE `l_g_id` = 14 AND `l_addtime` = '2018-04-17'  [ RunTime:0.0009s ]
SQL: SELECT * FROM `leave` WHERE `l_g_id` = 14 AND `l_addtime` = '2018-04-18'  [ RunTime:0.0008s ]
SQL: SELECT * FROM `leave` WHERE `l_g_id` = 16 AND `l_addtime` = '2018-04-18'  [ RunTime:0.0006s ]
SQL: SELECT * FROM `leave` WHERE `l_g_id` = 16 AND `l_addtime` = '2018-04-17'  [ RunTime:0.0006s ]
SQL: SELECT * FROM `leave` WHERE `l_g_id` = 16 AND `l_addtime` = '2018-04-16'  [ RunTime:0.0005s ]
SQL: SELECT * FROM `leave` WHERE `l_g_id` = 16 AND `l_addtime` = '2018-04-17'  [ RunTime:0.0005s ]
SQL: SELECT * FROM `leave` WHERE `l_g_id` = 16 AND `l_addtime` = '2018-04-18'  [ RunTime:0.0005s ]
SQL: SELECT * FROM `leave` WHERE `l_g_id` = 16 AND `l_addtime` = '2018-04-01'  [ RunTime:0.0004s ]
SQL: SELECT * FROM `leave` WHERE `l_g_id` = 16 AND `l_addtime` = '2018-04-02'  [ RunTime:0.0004s ]
SQL: SELECT * FROM `leave` WHERE `l_g_id` = 16 AND `l_addtime` = '2018-04-03'  [ RunTime:0.0006s ]
SQL: SELECT * FROM `leave` WHERE `l_g_id` = 16 AND `l_addtime` = '2018-04-04'  [ RunTime:0.0006s ]
SQL: SELECT * FROM `leave` WHERE `l_g_id` = 16 AND `l_addtime` = '2018-04-05'  [ RunTime:0.0005s ]
SQL: SELECT * FROM `leave` WHERE `l_g_id` = 16 AND `l_addtime` = '2018-04-06'  [ RunTime:0.0004s ]
SQL: SELECT * FROM `leave` WHERE `l_g_id` = 16 AND `l_addtime` = '2018-04-07'  [ RunTime:0.0004s ]
SQL: SELECT * FROM `leave` WHERE `l_g_id` = 16 AND `l_addtime` = '2018-04-08'  [ RunTime:0.0004s ]
SQL: SELECT * FROM `leave` WHERE `l_g_id` = 16 AND `l_addtime` = '2018-04-09'  [ RunTime:0.0005s ]
SQL: SELECT * FROM `leave` WHERE `l_g_id` = 16 AND `l_addtime` = '2018-04-10'  [ RunTime:0.0005s ]
SQL: SELECT * FROM `leave` WHERE `l_g_id` = 16 AND `l_addtime` = '2018-04-11'  [ RunTime:0.0005s ]
SQL: SELECT * FROM `leave` WHERE `l_g_id` = 16 AND `l_addtime` = '2018-04-12'  [ RunTime:0.0005s ]
SQL: SELECT * FROM `leave` WHERE `l_g_id` = 16 AND `l_addtime` = '2018-04-13'  [ RunTime:0.0004s ]
SQL: SELECT * FROM `leave` WHERE `l_g_id` = 16 AND `l_addtime` = '2018-04-14'  [ RunTime:0.0004s ]
SQL: SELECT * FROM `leave` WHERE `l_g_id` = 16 AND `l_addtime` = '2018-04-15'  [ RunTime:0.0004s ]
SQL: SELECT * FROM `leave` WHERE `l_g_id` = 16 AND `l_addtime` = '2018-04-16'  [ RunTime:0.0005s ]
SQL: SELECT * FROM `leave` WHERE `l_g_id` = 16 AND `l_addtime` = '2018-04-17'  [ RunTime:0.0003s ]
SQL: SELECT * FROM `leave` WHERE `l_g_id` = 16 AND `l_addtime` = '2018-04-18'  [ RunTime:0.0004s ]
SQL: SELECT * FROM `leave` WHERE `l_g_id` = 17 AND `l_addtime` = '2018-04-18'  [ RunTime:0.0007s ]
SQL: SELECT * FROM `leave` WHERE `l_g_id` = 17 AND `l_addtime` = '2018-04-17'  [ RunTime:0.0006s ]
SQL: SELECT * FROM `leave` WHERE `l_g_id` = 17 AND `l_addtime` = '2018-04-16'  [ RunTime:0.0006s ]
SQL: SELECT * FROM `leave` WHERE `l_g_id` = 17 AND `l_addtime` = '2018-04-17'  [ RunTime:0.0006s ]
SQL: SELECT * FROM `leave` WHERE `l_g_id` = 17 AND `l_addtime` = '2018-04-18'  [ RunTime:0.0009s ]
SQL: SELECT * FROM `leave` WHERE `l_g_id` = 17 AND `l_addtime` = '2018-04-01'  [ RunTime:0.0005s ]
SQL: SELECT * FROM `leave` WHERE `l_g_id` = 17 AND `l_addtime` = '2018-04-02'  [ RunTime:0.0005s ]
SQL: SELECT * FROM `leave` WHERE `l_g_id` = 17 AND `l_addtime` = '2018-04-03'  [ RunTime:0.0005s ]
SQL: SELECT * FROM `leave` WHERE `l_g_id` = 17 AND `l_addtime` = '2018-04-04'  [ RunTime:0.0005s ]
SQL: SELECT * FROM `leave` WHERE `l_g_id` = 17 AND `l_addtime` = '2018-04-05'  [ RunTime:0.0008s ]
SQL: SELECT * FROM `leave` WHERE `l_g_id` = 17 AND `l_addtime` = '2018-04-06'  [ RunTime:0.0008s ]
SQL: SELECT * FROM `leave` WHERE `l_g_id` = 17 AND `l_addtime` = '2018-04-07'  [ RunTime:0.0007s ]
SQL: SELECT * FROM `leave` WHERE `l_g_id` = 17 AND `l_addtime` = '2018-04-08'  [ RunTime:0.0005s ]
SQL: SELECT * FROM `leave` WHERE `l_g_id` = 17 AND `l_addtime` = '2018-04-09'  [ RunTime:0.0004s ]
SQL: SELECT * FROM `leave` WHERE `l_g_id` = 17 AND `l_addtime` = '2018-04-10'  [ RunTime:0.0004s ]
SQL: SELECT * FROM `leave` WHERE `l_g_id` = 17 AND `l_addtime` = '2018-04-11'  [ RunTime:0.0004s ]
SQL: SELECT * FROM `leave` WHERE `l_g_id` = 17 AND `l_addtime` = '2018-04-12'  [ RunTime:0.0007s ]
SQL: SELECT * FROM `leave` WHERE `l_g_id` = 17 AND `l_addtime` = '2018-04-13'  [ RunTime:0.0005s ]
SQL: SELECT * FROM `leave` WHERE `l_g_id` = 17 AND `l_addtime` = '2018-04-14'  [ RunTime:0.0005s ]
SQL: SELECT * FROM `leave` WHERE `l_g_id` = 17 AND `l_addtime` = '2018-04-15'  [ RunTime:0.0005s ]
SQL: SELECT * FROM `leave` WHERE `l_g_id` = 17 AND `l_addtime` = '2018-04-16'  [ RunTime:0.0007s ]
SQL: SELECT * FROM `leave` WHERE `l_g_id` = 17 AND `l_addtime` = '2018-04-17'  [ RunTime:0.0006s ]
SQL: SELECT * FROM `leave` WHERE `l_g_id` = 17 AND `l_addtime` = '2018-04-18'  [ RunTime:0.0008s ]
INFO: [ view_parse ] --START--
INFO: [ template_filter ] --START--
INFO: Run Behavior\ContentReplaceBehavior [ RunTime:0.000135s ]
INFO: [ template_filter ] --END-- [ RunTime:0.000204s ]
INFO: Run Behavior\ParseTemplateBehavior [ RunTime:0.034378s ]
INFO: [ view_parse ] --END-- [ RunTime:0.034479s ]
INFO: [ view_filter ] --START--
INFO: Run Behavior\WriteHtmlCacheBehavior [ RunTime:0.000450s ]
INFO: [ view_filter ] --END-- [ RunTime:0.000540s ]
INFO: [ app_end ] --START--
INFO: Run Behavior\ShowPageTraceBehavior [ RunTime:0.001986s ]
INFO: [ app_end ] --END-- [ RunTime:0.002126s ]

[ 2018-04-18T10:55:19+08:00 ] 127.0.0.1 /index.php?c=student&a=apply
INFO: [ app_init ] --START--
INFO: Run Behavior\BuildLiteBehavior [ RunTime:0.000020s ]
INFO: [ app_init ] --END-- [ RunTime:0.000491s ]
INFO: [ app_begin ] --START--
INFO: Run Behavior\ReadHtmlCacheBehavior [ RunTime:0.000712s ]
INFO: [ app_begin ] --END-- [ RunTime:0.000801s ]
SQL: SHOW COLUMNS FROM `grade` [ RunTime:0.0416s ]
SQL: SELECT * FROM `grade`  [ RunTime:0.0006s ]
INFO: [ view_parse ] --START--
INFO: [ template_filter ] --START--
INFO: Run Behavior\ContentReplaceBehavior [ RunTime:0.000279s ]
INFO: [ template_filter ] --END-- [ RunTime:0.000386s ]
NOTIC: [8] Undefined variable: state C:\phpStudy\WWW\leave\Application\Runtime\Cache\Home\bc9df78a4b02579df502fe60401eeb33.php 第 368 行.
NOTIC: [8] Undefined variable: l_charge C:\phpStudy\WWW\leave\Application\Runtime\Cache\Home\bc9df78a4b02579df502fe60401eeb33.php 第 476 行.
INFO: Run Behavior\ParseTemplateBehavior [ RunTime:0.029943s ]
INFO: [ view_parse ] --END-- [ RunTime:0.030028s ]
INFO: [ view_filter ] --START--
INFO: Run Behavior\WriteHtmlCacheBehavior [ RunTime:0.000605s ]
INFO: [ view_filter ] --END-- [ RunTime:0.000674s ]
INFO: [ app_end ] --START--
INFO: Run Behavior\ShowPageTraceBehavior [ RunTime:0.000932s ]
INFO: [ app_end ] --END-- [ RunTime:0.001065s ]

[ 2018-04-18T10:55:39+08:00 ] 127.0.0.1 /index.php?c=student&a=delete
INFO: [ app_init ] --START--
INFO: Run Behavior\BuildLiteBehavior [ RunTime:0.000025s ]
INFO: [ app_init ] --END-- [ RunTime:0.000567s ]
INFO: [ app_begin ] --START--
INFO: Run Behavior\ReadHtmlCacheBehavior [ RunTime:0.000848s ]
INFO: [ app_begin ] --END-- [ RunTime:0.001858s ]
SQL: SHOW COLUMNS FROM `grade` [ RunTime:0.0119s ]
SQL: SELECT * FROM `grade`  [ RunTime:0.0003s ]
INFO: [ view_parse ] --START--
INFO: [ template_filter ] --START--
INFO: Run Behavior\ContentReplaceBehavior [ RunTime:0.000326s ]
INFO: [ template_filter ] --END-- [ RunTime:0.000504s ]
NOTIC: [8] Undefined variable: class_list C:\phpStudy\WWW\leave\Application\Runtime\Cache\Home\d89add365fb43c0af4d19e46e3a2df8f.php 第 382 行.
NOTIC: [8] Undefined variable: student_list C:\phpStudy\WWW\leave\Application\Runtime\Cache\Home\d89add365fb43c0af4d19e46e3a2df8f.php 第 428 行.
INFO: Run Behavior\ParseTemplateBehavior [ RunTime:0.033147s ]
INFO: [ view_parse ] --END-- [ RunTime:0.033230s ]
INFO: [ view_filter ] --START--
INFO: Run Behavior\WriteHtmlCacheBehavior [ RunTime:0.000475s ]
INFO: [ view_filter ] --END-- [ RunTime:0.000541s ]
INFO: [ app_end ] --START--
INFO: Run Behavior\ShowPageTraceBehavior [ RunTime:0.000968s ]
INFO: [ app_end ] --END-- [ RunTime:0.001048s ]

[ 2018-04-18T10:55:42+08:00 ] 127.0.0.1 /index.php?c=student
INFO: [ app_init ] --START--
INFO: Run Behavior\BuildLiteBehavior [ RunTime:0.000030s ]
INFO: [ app_init ] --END-- [ RunTime:0.000570s ]
INFO: [ app_begin ] --START--
INFO: Run Behavior\ReadHtmlCacheBehavior [ RunTime:0.001035s ]
INFO: [ app_begin ] --END-- [ RunTime:0.001188s ]
SQL: SHOW COLUMNS FROM `grade` [ RunTime:0.0149s ]
SQL: SELECT * FROM `grade`  [ RunTime:0.0012s ]
INFO: [ view_parse ] --START--
INFO: [ template_filter ] --START--
INFO: Run Behavior\ContentReplaceBehavior [ RunTime:0.000245s ]
INFO: [ template_filter ] --END-- [ RunTime:0.000346s ]
NOTIC: [8] Undefined variable: class_list C:\phpStudy\WWW\leave\Application\Runtime\Cache\Home\5e6caf1f921dc2090a81407240a42a8e.php 第 381 行.
NOTIC: [8] Undefined variable: student_list C:\phpStudy\WWW\leave\Application\Runtime\Cache\Home\5e6caf1f921dc2090a81407240a42a8e.php 第 427 行.
INFO: Run Behavior\ParseTemplateBehavior [ RunTime:0.031394s ]
INFO: [ view_parse ] --END-- [ RunTime:0.031514s ]
INFO: [ view_filter ] --START--
INFO: Run Behavior\WriteHtmlCacheBehavior [ RunTime:0.000548s ]
INFO: [ view_filter ] --END-- [ RunTime:0.000617s ]
INFO: [ app_end ] --START--
INFO: Run Behavior\ShowPageTraceBehavior [ RunTime:0.001244s ]
INFO: [ app_end ] --END-- [ RunTime:0.001467s ]

[ 2018-04-18T10:55:48+08:00 ] 127.0.0.1 /index.php?c=student&a=apply_ajax&s_g_id=14
INFO: [ app_init ] --START--
INFO: Run Behavior\BuildLiteBehavior [ RunTime:0.000024s ]
INFO: [ app_init ] --END-- [ RunTime:0.000657s ]
INFO: [ app_begin ] --START--
INFO: Run Behavior\ReadHtmlCacheBehavior [ RunTime:0.000797s ]
INFO: [ app_begin ] --END-- [ RunTime:0.000890s ]
SQL: SHOW COLUMNS FROM `grade` [ RunTime:0.0280s ]
SQL: SELECT * FROM `grade`  [ RunTime:0.0003s ]
SQL: SHOW COLUMNS FROM `class` [ RunTime:0.0123s ]
SQL: SELECT * FROM `class` WHERE `c_g_id` = 14  [ RunTime:0.0013s ]
INFO: [ app_end ] --START--
INFO: Run Behavior\ShowPageTraceBehavior [ RunTime:0.001357s ]
INFO: [ app_end ] --END-- [ RunTime:0.001436s ]

[ 2018-04-18T21:07:59+08:00 ] 127.0.0.1 /index.php?c=student&a=apply_ajax&s_g_id=16
INFO: [ app_init ] --START--
INFO: Run Behavior\BuildLiteBehavior [ RunTime:0.000018s ]
INFO: [ app_init ] --END-- [ RunTime:0.000908s ]
INFO: [ app_begin ] --START--
INFO: Run Behavior\ReadHtmlCacheBehavior [ RunTime:0.001248s ]
INFO: [ app_begin ] --END-- [ RunTime:0.001349s ]
SQL: SHOW COLUMNS FROM `grade` [ RunTime:0.0291s ]
SQL: SELECT * FROM `grade`  [ RunTime:0.0007s ]
SQL: SHOW COLUMNS FROM `class` [ RunTime:0.0126s ]
SQL: SELECT * FROM `class` WHERE `c_g_id` = 16  [ RunTime:0.0012s ]
INFO: [ app_end ] --START--
INFO: Run Behavior\ShowPageTraceBehavior [ RunTime:0.001364s ]
INFO: [ app_end ] --END-- [ RunTime:0.001449s ]

[ 2018-04-18T21:08:06+08:00 ] 127.0.0.1 /index.php?c=student&a=apply_ajax&s_g_id=15
INFO: [ app_init ] --START--
INFO: Run Behavior\BuildLiteBehavior [ RunTime:0.000033s ]
INFO: [ app_init ] --END-- [ RunTime:0.000711s ]
INFO: [ app_begin ] --START--
INFO: Run Behavior\ReadHtmlCacheBehavior [ RunTime:0.000703s ]
INFO: [ app_begin ] --END-- [ RunTime:0.000794s ]
SQL: SHOW COLUMNS FROM `grade` [ RunTime:0.0361s ]
SQL: SELECT * FROM `grade`  [ RunTime:0.0004s ]
SQL: SHOW COLUMNS FROM `class` [ RunTime:0.0282s ]
SQL: SELECT * FROM `class` WHERE `c_g_id` = 15  [ RunTime:0.0005s ]
INFO: [ app_end ] --START--
INFO: Run Behavior\ShowPageTraceBehavior [ RunTime:0.000942s ]
INFO: [ app_end ] --END-- [ RunTime:0.001043s ]

[ 2018-04-18T21:08:13+08:00 ] 127.0.0.1 /index.php?c=student&a=apply_ajax&s_g_id=17
INFO: [ app_init ] --START--
INFO: Run Behavior\BuildLiteBehavior [ RunTime:0.000020s ]
INFO: [ app_init ] --END-- [ RunTime:0.000800s ]
INFO: [ app_begin ] --START--
INFO: Run Behavior\ReadHtmlCacheBehavior [ RunTime:0.000807s ]
INFO: [ app_begin ] --END-- [ RunTime:0.000920s ]
SQL: SHOW COLUMNS FROM `grade` [ RunTime:0.0105s ]
SQL: SELECT * FROM `grade`  [ RunTime:0.0004s ]
SQL: SHOW COLUMNS FROM `class` [ RunTime:0.0192s ]
SQL: SELECT * FROM `class` WHERE `c_g_id` = 17  [ RunTime:0.0004s ]
INFO: [ app_end ] --START--
INFO: Run Behavior\ShowPageTraceBehavior [ RunTime:0.000834s ]
INFO: [ app_end ] --END-- [ RunTime:0.000943s ]

[ 2018-04-18T21:08:16+08:00 ] 127.0.0.1 /index.php?c=student&a=apply_ajax&s_g_id=14
INFO: [ app_init ] --START--
INFO: Run Behavior\BuildLiteBehavior [ RunTime:0.000025s ]
INFO: [ app_init ] --END-- [ RunTime:0.000728s ]
INFO: [ app_begin ] --START--
INFO: Run Behavior\ReadHtmlCacheBehavior [ RunTime:0.000723s ]
INFO: [ app_begin ] --END-- [ RunTime:0.000821s ]
SQL: SHOW COLUMNS FROM `grade` [ RunTime:0.0254s ]
SQL: SELECT * FROM `grade`  [ RunTime:0.0006s ]
SQL: SHOW COLUMNS FROM `class` [ RunTime:0.0134s ]
SQL: SELECT * FROM `class` WHERE `c_g_id` = 14  [ RunTime:0.0004s ]
INFO: [ app_end ] --START--
INFO: Run Behavior\ShowPageTraceBehavior [ RunTime:0.000948s ]
INFO: [ app_end ] --END-- [ RunTime:0.001017s ]

[ 2018-04-18T21:08:26+08:00 ] 127.0.0.1 /index.php?c=student&a=apply_ajax&s_g_id=15
INFO: [ app_init ] --START--
INFO: Run Behavior\BuildLiteBehavior [ RunTime:0.000020s ]
INFO: [ app_init ] --END-- [ RunTime:0.000549s ]
INFO: [ app_begin ] --START--
INFO: Run Behavior\ReadHtmlCacheBehavior [ RunTime:0.000650s ]
INFO: [ app_begin ] --END-- [ RunTime:0.000728s ]
SQL: SHOW COLUMNS FROM `grade` [ RunTime:0.0223s ]
SQL: SELECT * FROM `grade`  [ RunTime:0.0003s ]
SQL: SHOW COLUMNS FROM `class` [ RunTime:0.0151s ]
SQL: SELECT * FROM `class` WHERE `c_g_id` = 15  [ RunTime:0.0006s ]
INFO: [ app_end ] --START--
INFO: Run Behavior\ShowPageTraceBehavior [ RunTime:0.000716s ]
INFO: [ app_end ] --END-- [ RunTime:0.000812s ]

[ 2018-04-18T21:08:40+08:00 ] 127.0.0.1 /index.php?c=student&a=apply_ajax&s_g_id=14
INFO: [ app_init ] --START--
INFO: Run Behavior\BuildLiteBehavior [ RunTime:0.000020s ]
INFO: [ app_init ] --END-- [ RunTime:0.000566s ]
INFO: [ app_begin ] --START--
INFO: Run Behavior\ReadHtmlCacheBehavior [ RunTime:0.000696s ]
INFO: [ app_begin ] --END-- [ RunTime:0.000782s ]
SQL: SHOW COLUMNS FROM `grade` [ RunTime:0.0205s ]
SQL: SELECT * FROM `grade`  [ RunTime:0.0006s ]
SQL: SHOW COLUMNS FROM `class` [ RunTime:0.0228s ]
SQL: SELECT * FROM `class` WHERE `c_g_id` = 14  [ RunTime:0.0004s ]
INFO: [ app_end ] --START--
INFO: Run Behavior\ShowPageTraceBehavior [ RunTime:0.000922s ]
INFO: [ app_end ] --END-- [ RunTime:0.001022s ]

