[ 2018-09-29T16:05:35+08:00 ] 127.0.0.1 /index.php?m=&&m=home&c=login
INFO: [ app_init ] --START--
INFO: Run Behavior\BuildLiteBehavior [ RunTime:0.000012s ]
INFO: [ app_init ] --END-- [ RunTime:0.000407s ]
INFO: [ app_begin ] --START--
INFO: Run Behavior\ReadHtmlCacheBehavior [ RunTime:0.000527s ]
INFO: [ app_begin ] --END-- [ RunTime:0.000543s ]
INFO: [ view_parse ] --START--
INFO: [ template_filter ] --START--
INFO: Run Behavior\ContentReplaceBehavior [ RunTime:0.000040s ]
INFO: [ template_filter ] --END-- [ RunTime:0.000061s ]
NOTIC: [8] Undefined variable: state /Library/WebServer/Documents/leave/Application/Runtime/Cache/Home/5b6adcb62ad2b5dfc2abc2cd5e11dc99.php 第 33 行.
INFO: Run Behavior\ParseTemplateBehavior [ RunTime:0.004437s ]
INFO: [ view_parse ] --END-- [ RunTime:0.004452s ]
INFO: [ view_filter ] --START--
INFO: Run Behavior\WriteHtmlCacheBehavior [ RunTime:0.000253s ]
INFO: [ view_filter ] --END-- [ RunTime:0.000274s ]
INFO: [ app_end ] --START--
INFO: Run Behavior\ShowPageTraceBehavior [ RunTime:0.000586s ]
INFO: [ app_end ] --END-- [ RunTime:0.000606s ]

[ 2018-09-29T16:11:12+08:00 ] 127.0.0.1 /
INFO: [ app_init ] --START--
INFO: Run Behavior\BuildLiteBehavior [ RunTime:0.000018s ]
INFO: [ app_init ] --END-- [ RunTime:0.000519s ]
INFO: [ app_begin ] --START--
INFO: Run Behavior\ReadHtmlCacheBehavior [ RunTime:0.000706s ]
INFO: [ app_begin ] --END-- [ RunTime:0.000744s ]
NOTIC: [8] Undefined variable: module /Library/WebServer/Documents/leave/ThinkPHP/Common/functions.php 第 990 行.
NOTIC: [8] Undefined variable: var /Library/WebServer/Documents/leave/ThinkPHP/Common/functions.php 第 990 行.
NOTIC: [2] array_reverse() expects parameter 1 to be array, null given /Library/WebServer/Documents/leave/ThinkPHP/Common/functions.php 第 990 行.
NOTIC: [2] http_build_query(): Parameter 1 expected to be Array or Object.  Incorrect value given /Library/WebServer/Documents/leave/ThinkPHP/Common/functions.php 第 990 行.

[ 2018-09-29T16:11:12+08:00 ] 127.0.0.1 /index.php?m=&&m=home&c=login
INFO: [ app_init ] --START--
INFO: Run Behavior\BuildLiteBehavior [ RunTime:0.000009s ]
INFO: [ app_init ] --END-- [ RunTime:0.000306s ]
INFO: [ app_begin ] --START--
INFO: Run Behavior\ReadHtmlCacheBehavior [ RunTime:0.000293s ]
INFO: [ app_begin ] --END-- [ RunTime:0.000309s ]
INFO: [ view_parse ] --START--
INFO: [ template_filter ] --START--
INFO: Run Behavior\ContentReplaceBehavior [ RunTime:0.000058s ]
INFO: [ template_filter ] --END-- [ RunTime:0.000084s ]
NOTIC: [8] Undefined variable: state /Library/WebServer/Documents/leave/Application/Runtime/Cache/Home/5b6adcb62ad2b5dfc2abc2cd5e11dc99.php 第 33 行.
INFO: Run Behavior\ParseTemplateBehavior [ RunTime:0.006743s ]
INFO: [ view_parse ] --END-- [ RunTime:0.006764s ]
INFO: [ view_filter ] --START--
INFO: Run Behavior\WriteHtmlCacheBehavior [ RunTime:0.000323s ]
INFO: [ view_filter ] --END-- [ RunTime:0.000338s ]
INFO: [ app_end ] --START--
INFO: Run Behavior\ShowPageTraceBehavior [ RunTime:0.000824s ]
INFO: [ app_end ] --END-- [ RunTime:0.000845s ]

[ 2018-09-29T16:11:14+08:00 ] 127.0.0.1 /index.php?m=home&c=login&a=index
INFO: [ app_init ] --START--
INFO: Run Behavior\BuildLiteBehavior [ RunTime:0.000010s ]
INFO: [ app_init ] --END-- [ RunTime:0.000214s ]
INFO: [ app_begin ] --START--
INFO: Run Behavior\ReadHtmlCacheBehavior [ RunTime:0.000223s ]
INFO: [ app_begin ] --END-- [ RunTime:0.000237s ]
SQL: SHOW COLUMNS FROM `admin` [ RunTime:0.0040s ]
SQL: SELECT * FROM `admin` WHERE `a_username` = 'admin' LIMIT 1   [ RunTime:0.0012s ]
NOTIC: [8] Undefined variable: module /Library/WebServer/Documents/leave/ThinkPHP/Common/functions.php 第 990 行.
NOTIC: [8] Undefined variable: var /Library/WebServer/Documents/leave/ThinkPHP/Common/functions.php 第 990 行.
NOTIC: [2] array_reverse() expects parameter 1 to be array, null given /Library/WebServer/Documents/leave/ThinkPHP/Common/functions.php 第 990 行.
NOTIC: [2] http_build_query(): Parameter 1 expected to be Array or Object.  Incorrect value given /Library/WebServer/Documents/leave/ThinkPHP/Common/functions.php 第 990 行.

[ 2018-09-29T16:11:14+08:00 ] 127.0.0.1 /index.php?m=&&c=index
INFO: [ app_init ] --START--
INFO: Run Behavior\BuildLiteBehavior [ RunTime:0.000006s ]
INFO: [ app_init ] --END-- [ RunTime:0.000163s ]
INFO: [ app_begin ] --START--
INFO: Run Behavior\ReadHtmlCacheBehavior [ RunTime:0.000336s ]
INFO: [ app_begin ] --END-- [ RunTime:0.000355s ]
SQL: SHOW COLUMNS FROM `leave` [ RunTime:0.0034s ]
SQL: SELECT * FROM `leave` WHERE `l_addtime` = '2018-09-29'  [ RunTime:0.0005s ]
SQL: SELECT * FROM `leave` WHERE `l_addtime` = '2018-09-28'  [ RunTime:0.0004s ]
SQL: SELECT * FROM `leave` WHERE `l_addtime` = '2018-09-24'  [ RunTime:0.0003s ]
SQL: SELECT * FROM `leave` WHERE `l_addtime` = '2018-09-25'  [ RunTime:0.0003s ]
SQL: SELECT * FROM `leave` WHERE `l_addtime` = '2018-09-26'  [ RunTime:0.0003s ]
SQL: SELECT * FROM `leave` WHERE `l_addtime` = '2018-09-27'  [ RunTime:0.0003s ]
SQL: SELECT * FROM `leave` WHERE `l_addtime` = '2018-09-28'  [ RunTime:0.0003s ]
SQL: SELECT * FROM `leave` WHERE `l_addtime` = '2018-09-29'  [ RunTime:0.0003s ]
SQL: SELECT * FROM `leave` WHERE `l_addtime` = '2018-09-01'  [ RunTime:0.0021s ]
SQL: SELECT * FROM `leave` WHERE `l_addtime` = '2018-09-02'  [ RunTime:0.0003s ]
SQL: SELECT * FROM `leave` WHERE `l_addtime` = '2018-09-03'  [ RunTime:0.0003s ]
SQL: SELECT * FROM `leave` WHERE `l_addtime` = '2018-09-04'  [ RunTime:0.0003s ]
SQL: SELECT * FROM `leave` WHERE `l_addtime` = '2018-09-05'  [ RunTime:0.0003s ]
SQL: SELECT * FROM `leave` WHERE `l_addtime` = '2018-09-06'  [ RunTime:0.0003s ]
SQL: SELECT * FROM `leave` WHERE `l_addtime` = '2018-09-07'  [ RunTime:0.0003s ]
SQL: SELECT * FROM `leave` WHERE `l_addtime` = '2018-09-08'  [ RunTime:0.0002s ]
SQL: SELECT * FROM `leave` WHERE `l_addtime` = '2018-09-09'  [ RunTime:0.0002s ]
SQL: SELECT * FROM `leave` WHERE `l_addtime` = '2018-09-10'  [ RunTime:0.0002s ]
SQL: SELECT * FROM `leave` WHERE `l_addtime` = '2018-09-11'  [ RunTime:0.0002s ]
SQL: SELECT * FROM `leave` WHERE `l_addtime` = '2018-09-12'  [ RunTime:0.0002s ]
SQL: SELECT * FROM `leave` WHERE `l_addtime` = '2018-09-13'  [ RunTime:0.0002s ]
SQL: SELECT * FROM `leave` WHERE `l_addtime` = '2018-09-14'  [ RunTime:0.0002s ]
SQL: SELECT * FROM `leave` WHERE `l_addtime` = '2018-09-15'  [ RunTime:0.0002s ]
SQL: SELECT * FROM `leave` WHERE `l_addtime` = '2018-09-16'  [ RunTime:0.0002s ]
SQL: SELECT * FROM `leave` WHERE `l_addtime` = '2018-09-17'  [ RunTime:0.0002s ]
SQL: SELECT * FROM `leave` WHERE `l_addtime` = '2018-09-18'  [ RunTime:0.0002s ]
SQL: SELECT * FROM `leave` WHERE `l_addtime` = '2018-09-19'  [ RunTime:0.0002s ]
SQL: SELECT * FROM `leave` WHERE `l_addtime` = '2018-09-20'  [ RunTime:0.0002s ]
SQL: SELECT * FROM `leave` WHERE `l_addtime` = '2018-09-21'  [ RunTime:0.0002s ]
SQL: SELECT * FROM `leave` WHERE `l_addtime` = '2018-09-22'  [ RunTime:0.0002s ]
SQL: SELECT * FROM `leave` WHERE `l_addtime` = '2018-09-23'  [ RunTime:0.0002s ]
SQL: SELECT * FROM `leave` WHERE `l_addtime` = '2018-09-24'  [ RunTime:0.0002s ]
SQL: SELECT * FROM `leave` WHERE `l_addtime` = '2018-09-25'  [ RunTime:0.0002s ]
SQL: SELECT * FROM `leave` WHERE `l_addtime` = '2018-09-26'  [ RunTime:0.0002s ]
SQL: SELECT * FROM `leave` WHERE `l_addtime` = '2018-09-27'  [ RunTime:0.0002s ]
SQL: SELECT * FROM `leave` WHERE `l_addtime` = '2018-09-28'  [ RunTime:0.0002s ]
SQL: SELECT * FROM `leave` WHERE `l_addtime` = '2018-09-29'  [ RunTime:0.0002s ]
INFO: [ view_parse ] --START--
INFO: [ template_filter ] --START--
INFO: Run Behavior\ContentReplaceBehavior [ RunTime:0.000095s ]
INFO: [ template_filter ] --END-- [ RunTime:0.000117s ]
INFO: Run Behavior\ParseTemplateBehavior [ RunTime:0.013795s ]
INFO: [ view_parse ] --END-- [ RunTime:0.013814s ]
INFO: [ view_filter ] --START--
INFO: Run Behavior\WriteHtmlCacheBehavior [ RunTime:0.000131s ]
INFO: [ view_filter ] --END-- [ RunTime:0.000144s ]
INFO: [ app_end ] --START--
INFO: Run Behavior\ShowPageTraceBehavior [ RunTime:0.000307s ]
INFO: [ app_end ] --END-- [ RunTime:0.000323s ]

[ 2018-09-29T16:12:17+08:00 ] 127.0.0.1 /index.php?c=leave&a=apply2
INFO: [ app_init ] --START--
INFO: Run Behavior\BuildLiteBehavior [ RunTime:0.000019s ]
INFO: [ app_init ] --END-- [ RunTime:0.000435s ]
INFO: [ app_begin ] --START--
INFO: Run Behavior\ReadHtmlCacheBehavior [ RunTime:0.000284s ]
INFO: [ app_begin ] --END-- [ RunTime:0.000303s ]
NOTIC: [2] Declaration of Home\Controller\LeaveController::show() should be compatible with Think\Controller::show($content, $charset = '', $contentType = '', $prefix = '') /Library/WebServer/Documents/leave/Application/Home/Controller/LeaveController.class.php 第 12 行.
INFO: [ view_parse ] --START--
INFO: [ template_filter ] --START--
INFO: Run Behavior\ContentReplaceBehavior [ RunTime:0.000097s ]
INFO: [ template_filter ] --END-- [ RunTime:0.000121s ]
NOTIC: [8] Undefined variable: state /Library/WebServer/Documents/leave/Application/Runtime/Cache/Home/0a7ff77dbcde513e199263d166b95571.php 第 366 行.
INFO: Run Behavior\ParseTemplateBehavior [ RunTime:0.010631s ]
INFO: [ view_parse ] --END-- [ RunTime:0.010649s ]
INFO: [ view_filter ] --START--
INFO: Run Behavior\WriteHtmlCacheBehavior [ RunTime:0.000123s ]
INFO: [ view_filter ] --END-- [ RunTime:0.000133s ]
INFO: [ app_end ] --START--
INFO: Run Behavior\ShowPageTraceBehavior [ RunTime:0.000294s ]
INFO: [ app_end ] --END-- [ RunTime:0.000310s ]

[ 2018-09-29T16:13:10+08:00 ] 127.0.0.1 /index.php?c=leave&a=apply2
INFO: [ app_init ] --START--
INFO: Run Behavior\BuildLiteBehavior [ RunTime:0.000011s ]
INFO: [ app_init ] --END-- [ RunTime:0.000442s ]
INFO: [ app_begin ] --START--
INFO: Run Behavior\ReadHtmlCacheBehavior [ RunTime:0.000429s ]
INFO: [ app_begin ] --END-- [ RunTime:0.000450s ]
NOTIC: [2] Declaration of Home\Controller\LeaveController::show() should be compatible with Think\Controller::show($content, $charset = '', $contentType = '', $prefix = '') /Library/WebServer/Documents/leave/Application/Home/Controller/LeaveController.class.php 第 12 行.
INFO: [ view_parse ] --START--
INFO: [ template_filter ] --START--
INFO: Run Behavior\ContentReplaceBehavior [ RunTime:0.000096s ]
INFO: [ template_filter ] --END-- [ RunTime:0.000116s ]
NOTIC: [8] Undefined variable: state /Library/WebServer/Documents/leave/Application/Runtime/Cache/Home/0a7ff77dbcde513e199263d166b95571.php 第 372 行.
INFO: Run Behavior\ParseTemplateBehavior [ RunTime:0.008898s ]
INFO: [ view_parse ] --END-- [ RunTime:0.008913s ]
INFO: [ view_filter ] --START--
INFO: Run Behavior\WriteHtmlCacheBehavior [ RunTime:0.000173s ]
INFO: [ view_filter ] --END-- [ RunTime:0.000189s ]
INFO: [ app_end ] --START--
INFO: Run Behavior\ShowPageTraceBehavior [ RunTime:0.000408s ]
INFO: [ app_end ] --END-- [ RunTime:0.000428s ]

[ 2018-09-29T16:15:24+08:00 ] 127.0.0.1 /index.php?c=leave&a=index
INFO: [ app_init ] --START--
INFO: Run Behavior\BuildLiteBehavior [ RunTime:0.000007s ]
INFO: [ app_init ] --END-- [ RunTime:0.000214s ]
INFO: [ app_begin ] --START--
INFO: Run Behavior\ReadHtmlCacheBehavior [ RunTime:0.000229s ]
INFO: [ app_begin ] --END-- [ RunTime:0.000244s ]
NOTIC: [2] Declaration of Home\Controller\LeaveController::show() should be compatible with Think\Controller::show($content, $charset = '', $contentType = '', $prefix = '') /Library/WebServer/Documents/leave/Application/Home/Controller/LeaveController.class.php 第 12 行.
SQL: SHOW COLUMNS FROM `leave` [ RunTime:0.0009s ]
SQL: SELECT * FROM `leave` WHERE `l_state` = 0 LIMIT 0,9   [ RunTime:0.0005s ]
INFO: [ view_parse ] --START--
INFO: [ template_filter ] --START--
INFO: Run Behavior\ContentReplaceBehavior [ RunTime:0.000065s ]
INFO: [ template_filter ] --END-- [ RunTime:0.000090s ]
NOTIC: [8] Undefined variable: grade_list /Library/WebServer/Documents/leave/Application/Runtime/Cache/Home/78ed1e545b0c3b8f40acf61593016fb2.php 第 382 行.
INFO: Run Behavior\ParseTemplateBehavior [ RunTime:0.010824s ]
INFO: [ view_parse ] --END-- [ RunTime:0.010844s ]
INFO: [ view_filter ] --START--
INFO: Run Behavior\WriteHtmlCacheBehavior [ RunTime:0.000165s ]
INFO: [ view_filter ] --END-- [ RunTime:0.000177s ]
INFO: [ app_end ] --START--
INFO: Run Behavior\ShowPageTraceBehavior [ RunTime:0.000341s ]
INFO: [ app_end ] --END-- [ RunTime:0.000370s ]

[ 2018-09-29T16:15:25+08:00 ] 127.0.0.1 /index.php?c=leave&a=index
INFO: [ app_init ] --START--
INFO: Run Behavior\BuildLiteBehavior [ RunTime:0.000007s ]
INFO: [ app_init ] --END-- [ RunTime:0.000184s ]
INFO: [ app_begin ] --START--
INFO: Run Behavior\ReadHtmlCacheBehavior [ RunTime:0.000239s ]
INFO: [ app_begin ] --END-- [ RunTime:0.000254s ]
NOTIC: [2] Declaration of Home\Controller\LeaveController::show() should be compatible with Think\Controller::show($content, $charset = '', $contentType = '', $prefix = '') /Library/WebServer/Documents/leave/Application/Home/Controller/LeaveController.class.php 第 12 行.
SQL: SHOW COLUMNS FROM `leave` [ RunTime:0.0007s ]
SQL: SELECT * FROM `leave` WHERE `l_state` = 0 LIMIT 0,9   [ RunTime:0.0004s ]
INFO: [ view_parse ] --START--
INFO: [ template_filter ] --START--
INFO: Run Behavior\ContentReplaceBehavior [ RunTime:0.000060s ]
INFO: [ template_filter ] --END-- [ RunTime:0.000078s ]
NOTIC: [8] Undefined variable: grade_list /Library/WebServer/Documents/leave/Application/Runtime/Cache/Home/78ed1e545b0c3b8f40acf61593016fb2.php 第 382 行.
INFO: Run Behavior\ParseTemplateBehavior [ RunTime:0.009138s ]
INFO: [ view_parse ] --END-- [ RunTime:0.009159s ]
INFO: [ view_filter ] --START--
INFO: Run Behavior\WriteHtmlCacheBehavior [ RunTime:0.000133s ]
INFO: [ view_filter ] --END-- [ RunTime:0.000146s ]
INFO: [ app_end ] --START--
INFO: Run Behavior\ShowPageTraceBehavior [ RunTime:0.000379s ]
INFO: [ app_end ] --END-- [ RunTime:0.000399s ]

[ 2018-09-29T16:20:53+08:00 ] 127.0.0.1 /index.php?c=leave&a=index
INFO: [ app_init ] --START--
INFO: Run Behavior\BuildLiteBehavior [ RunTime:0.000006s ]
INFO: [ app_init ] --END-- [ RunTime:0.000198s ]
INFO: [ app_begin ] --START--
INFO: Run Behavior\ReadHtmlCacheBehavior [ RunTime:0.000244s ]
INFO: [ app_begin ] --END-- [ RunTime:0.000259s ]
NOTIC: [2] Declaration of Home\Controller\LeaveController::show() should be compatible with Think\Controller::show($content, $charset = '', $contentType = '', $prefix = '') /Library/WebServer/Documents/leave/Application/Home/Controller/LeaveController.class.php 第 12 行.
SQL: SHOW COLUMNS FROM `leave` [ RunTime:0.0007s ]
SQL: SELECT * FROM `leave` WHERE `l_state` = 0 LIMIT 0,9   [ RunTime:0.0003s ]
INFO: [ view_parse ] --START--
INFO: [ template_filter ] --START--
INFO: Run Behavior\ContentReplaceBehavior [ RunTime:0.000081s ]
INFO: [ template_filter ] --END-- [ RunTime:0.000103s ]
NOTIC: [8] Undefined variable: grade_list /Library/WebServer/Documents/leave/Application/Runtime/Cache/Home/78ed1e545b0c3b8f40acf61593016fb2.php 第 382 行.
INFO: Run Behavior\ParseTemplateBehavior [ RunTime:0.010034s ]
INFO: [ view_parse ] --END-- [ RunTime:0.010051s ]
INFO: [ view_filter ] --START--
INFO: Run Behavior\WriteHtmlCacheBehavior [ RunTime:0.000119s ]
INFO: [ view_filter ] --END-- [ RunTime:0.000129s ]
INFO: [ app_end ] --START--
INFO: Run Behavior\ShowPageTraceBehavior [ RunTime:0.000317s ]
INFO: [ app_end ] --END-- [ RunTime:0.000331s ]

[ 2018-09-29T16:20:55+08:00 ] 127.0.0.1 /index.php?c=leave&a=audit
INFO: [ app_init ] --START--
INFO: Run Behavior\BuildLiteBehavior [ RunTime:0.000007s ]
INFO: [ app_init ] --END-- [ RunTime:0.000198s ]
INFO: [ app_begin ] --START--
INFO: Run Behavior\ReadHtmlCacheBehavior [ RunTime:0.000243s ]
INFO: [ app_begin ] --END-- [ RunTime:0.000258s ]
NOTIC: [2] Declaration of Home\Controller\LeaveController::show() should be compatible with Think\Controller::show($content, $charset = '', $contentType = '', $prefix = '') /Library/WebServer/Documents/leave/Application/Home/Controller/LeaveController.class.php 第 12 行.
SQL: SHOW COLUMNS FROM `leave` [ RunTime:0.0006s ]
SQL: SELECT * FROM `leave` WHERE `l_state` = 2 LIMIT 0,9   [ RunTime:0.0004s ]
INFO: [ view_parse ] --START--
INFO: [ template_filter ] --START--
INFO: Run Behavior\ContentReplaceBehavior [ RunTime:0.000055s ]
INFO: [ template_filter ] --END-- [ RunTime:0.000076s ]
NOTIC: [8] Undefined variable: grade_list /Library/WebServer/Documents/leave/Application/Runtime/Cache/Home/6b5f26bef2d5487d3322a7cc66680420.php 第 382 行.
INFO: Run Behavior\ParseTemplateBehavior [ RunTime:0.009262s ]
INFO: [ view_parse ] --END-- [ RunTime:0.009279s ]
INFO: [ view_filter ] --START--
INFO: Run Behavior\WriteHtmlCacheBehavior [ RunTime:0.000122s ]
INFO: [ view_filter ] --END-- [ RunTime:0.000133s ]
INFO: [ app_end ] --START--
INFO: Run Behavior\ShowPageTraceBehavior [ RunTime:0.000288s ]
INFO: [ app_end ] --END-- [ RunTime:0.000305s ]

[ 2018-09-29T16:21:39+08:00 ] 127.0.0.1 /index.php?c=leave&a=audit
INFO: [ app_init ] --START--
INFO: Run Behavior\BuildLiteBehavior [ RunTime:0.000012s ]
INFO: [ app_init ] --END-- [ RunTime:0.000232s ]
INFO: [ app_begin ] --START--
INFO: Run Behavior\ReadHtmlCacheBehavior [ RunTime:0.000254s ]
INFO: [ app_begin ] --END-- [ RunTime:0.000271s ]
NOTIC: [2] Declaration of Home\Controller\LeaveController::show() should be compatible with Think\Controller::show($content, $charset = '', $contentType = '', $prefix = '') /Library/WebServer/Documents/leave/Application/Home/Controller/LeaveController.class.php 第 12 行.
SQL: SHOW COLUMNS FROM `leave` [ RunTime:0.0008s ]
SQL: SELECT * FROM `leave` WHERE `l_state` = 2 LIMIT 0,9   [ RunTime:0.0003s ]
INFO: [ view_parse ] --START--
INFO: [ template_filter ] --START--
INFO: Run Behavior\ContentReplaceBehavior [ RunTime:0.000099s ]
INFO: [ template_filter ] --END-- [ RunTime:0.000124s ]
NOTIC: [8] Undefined variable: grade_list /Library/WebServer/Documents/leave/Application/Runtime/Cache/Home/6b5f26bef2d5487d3322a7cc66680420.php 第 382 行.
INFO: Run Behavior\ParseTemplateBehavior [ RunTime:0.011404s ]
INFO: [ view_parse ] --END-- [ RunTime:0.011419s ]
INFO: [ view_filter ] --START--
INFO: Run Behavior\WriteHtmlCacheBehavior [ RunTime:0.000125s ]
INFO: [ view_filter ] --END-- [ RunTime:0.000137s ]
INFO: [ app_end ] --START--
INFO: Run Behavior\ShowPageTraceBehavior [ RunTime:0.000382s ]
INFO: [ app_end ] --END-- [ RunTime:0.000399s ]

[ 2018-09-29T16:22:08+08:00 ] 127.0.0.1 /index.php?c=leave&a=show&l_id=2
INFO: [ app_init ] --START--
INFO: Run Behavior\BuildLiteBehavior [ RunTime:0.000028s ]
INFO: [ app_init ] --END-- [ RunTime:0.000219s ]
INFO: [ app_begin ] --START--
INFO: Run Behavior\ReadHtmlCacheBehavior [ RunTime:0.000286s ]
INFO: [ app_begin ] --END-- [ RunTime:0.000303s ]
NOTIC: [2] Declaration of Home\Controller\LeaveController::show() should be compatible with Think\Controller::show($content, $charset = '', $contentType = '', $prefix = '') /Library/WebServer/Documents/leave/Application/Home/Controller/LeaveController.class.php 第 12 行.
SQL: SHOW COLUMNS FROM `leave` [ RunTime:0.0007s ]
SQL: SELECT * FROM `leave` WHERE `l_id` = 2 LIMIT 1   [ RunTime:0.0003s ]
ERR: Call to undefined function split()

[ 2018-09-29T16:22:11+08:00 ] 127.0.0.1 /index.php?c=leave&a=audit
INFO: [ app_init ] --START--
INFO: Run Behavior\BuildLiteBehavior [ RunTime:0.000007s ]
INFO: [ app_init ] --END-- [ RunTime:0.000191s ]
INFO: [ app_begin ] --START--
INFO: Run Behavior\ReadHtmlCacheBehavior [ RunTime:0.000235s ]
INFO: [ app_begin ] --END-- [ RunTime:0.000250s ]
NOTIC: [2] Declaration of Home\Controller\LeaveController::show() should be compatible with Think\Controller::show($content, $charset = '', $contentType = '', $prefix = '') /Library/WebServer/Documents/leave/Application/Home/Controller/LeaveController.class.php 第 12 行.
SQL: SHOW COLUMNS FROM `leave` [ RunTime:0.0019s ]
SQL: SELECT * FROM `leave` WHERE `l_state` = 2 LIMIT 0,9   [ RunTime:0.0003s ]
INFO: [ view_parse ] --START--
INFO: [ template_filter ] --START--
INFO: Run Behavior\ContentReplaceBehavior [ RunTime:0.000075s ]
INFO: [ template_filter ] --END-- [ RunTime:0.000097s ]
NOTIC: [8] Undefined variable: grade_list /Library/WebServer/Documents/leave/Application/Runtime/Cache/Home/6b5f26bef2d5487d3322a7cc66680420.php 第 382 行.
INFO: Run Behavior\ParseTemplateBehavior [ RunTime:0.009231s ]
INFO: [ view_parse ] --END-- [ RunTime:0.009248s ]
INFO: [ view_filter ] --START--
INFO: Run Behavior\WriteHtmlCacheBehavior [ RunTime:0.000134s ]
INFO: [ view_filter ] --END-- [ RunTime:0.000144s ]
INFO: [ app_end ] --START--
INFO: Run Behavior\ShowPageTraceBehavior [ RunTime:0.000439s ]
INFO: [ app_end ] --END-- [ RunTime:0.000454s ]

[ 2018-09-29T16:22:13+08:00 ] 127.0.0.1 /index.php?c=leave&a=index
INFO: [ app_init ] --START--
INFO: Run Behavior\BuildLiteBehavior [ RunTime:0.000006s ]
INFO: [ app_init ] --END-- [ RunTime:0.000242s ]
INFO: [ app_begin ] --START--
INFO: Run Behavior\ReadHtmlCacheBehavior [ RunTime:0.000239s ]
INFO: [ app_begin ] --END-- [ RunTime:0.000252s ]
NOTIC: [2] Declaration of Home\Controller\LeaveController::show() should be compatible with Think\Controller::show($content, $charset = '', $contentType = '', $prefix = '') /Library/WebServer/Documents/leave/Application/Home/Controller/LeaveController.class.php 第 12 行.
SQL: SHOW COLUMNS FROM `leave` [ RunTime:0.0006s ]
SQL: SELECT * FROM `leave` WHERE `l_state` = 0 LIMIT 0,9   [ RunTime:0.0003s ]
INFO: [ view_parse ] --START--
INFO: [ template_filter ] --START--
INFO: Run Behavior\ContentReplaceBehavior [ RunTime:0.000050s ]
INFO: [ template_filter ] --END-- [ RunTime:0.000069s ]
NOTIC: [8] Undefined variable: grade_list /Library/WebServer/Documents/leave/Application/Runtime/Cache/Home/78ed1e545b0c3b8f40acf61593016fb2.php 第 382 行.
INFO: Run Behavior\ParseTemplateBehavior [ RunTime:0.009078s ]
INFO: [ view_parse ] --END-- [ RunTime:0.009094s ]
INFO: [ view_filter ] --START--
INFO: Run Behavior\WriteHtmlCacheBehavior [ RunTime:0.000128s ]
INFO: [ view_filter ] --END-- [ RunTime:0.000138s ]
INFO: [ app_end ] --START--
INFO: Run Behavior\ShowPageTraceBehavior [ RunTime:0.000306s ]
INFO: [ app_end ] --END-- [ RunTime:0.000319s ]

[ 2018-09-29T16:22:14+08:00 ] 127.0.0.1 /index.php?c=leave&a=show&l_id=3
INFO: [ app_init ] --START--
INFO: Run Behavior\BuildLiteBehavior [ RunTime:0.000007s ]
INFO: [ app_init ] --END-- [ RunTime:0.000311s ]
INFO: [ app_begin ] --START--
INFO: Run Behavior\ReadHtmlCacheBehavior [ RunTime:0.000232s ]
INFO: [ app_begin ] --END-- [ RunTime:0.000248s ]
NOTIC: [2] Declaration of Home\Controller\LeaveController::show() should be compatible with Think\Controller::show($content, $charset = '', $contentType = '', $prefix = '') /Library/WebServer/Documents/leave/Application/Home/Controller/LeaveController.class.php 第 12 行.
SQL: SHOW COLUMNS FROM `leave` [ RunTime:0.0020s ]
SQL: SELECT * FROM `leave` WHERE `l_id` = 3 LIMIT 1   [ RunTime:0.0003s ]
ERR: Call to undefined function split()

[ 2018-09-29T16:22:34+08:00 ] 127.0.0.1 /index.php?c=leave&a=index
INFO: [ app_init ] --START--
INFO: Run Behavior\BuildLiteBehavior [ RunTime:0.000007s ]
INFO: [ app_init ] --END-- [ RunTime:0.000191s ]
INFO: [ app_begin ] --START--
INFO: Run Behavior\ReadHtmlCacheBehavior [ RunTime:0.000297s ]
INFO: [ app_begin ] --END-- [ RunTime:0.000327s ]
NOTIC: [2] Declaration of Home\Controller\LeaveController::show() should be compatible with Think\Controller::show($content, $charset = '', $contentType = '', $prefix = '') /Library/WebServer/Documents/leave/Application/Home/Controller/LeaveController.class.php 第 12 行.
SQL: SHOW COLUMNS FROM `leave` [ RunTime:0.0008s ]
SQL: SELECT * FROM `leave` WHERE `l_state` = 0 LIMIT 0,9   [ RunTime:0.0005s ]
INFO: [ view_parse ] --START--
INFO: [ template_filter ] --START--
INFO: Run Behavior\ContentReplaceBehavior [ RunTime:0.000097s ]
INFO: [ template_filter ] --END-- [ RunTime:0.000119s ]
NOTIC: [8] Undefined variable: grade_list /Library/WebServer/Documents/leave/Application/Runtime/Cache/Home/78ed1e545b0c3b8f40acf61593016fb2.php 第 382 行.
INFO: Run Behavior\ParseTemplateBehavior [ RunTime:0.010845s ]
INFO: [ view_parse ] --END-- [ RunTime:0.010908s ]
INFO: [ view_filter ] --START--
INFO: Run Behavior\WriteHtmlCacheBehavior [ RunTime:0.000173s ]
INFO: [ view_filter ] --END-- [ RunTime:0.000188s ]
INFO: [ app_end ] --START--
INFO: Run Behavior\ShowPageTraceBehavior [ RunTime:0.000370s ]
INFO: [ app_end ] --END-- [ RunTime:0.000385s ]

[ 2018-09-29T16:24:06+08:00 ] 127.0.0.1 /index.php?c=leave&a=apply
INFO: [ app_init ] --START--
INFO: Run Behavior\BuildLiteBehavior [ RunTime:0.000008s ]
INFO: [ app_init ] --END-- [ RunTime:0.000360s ]
INFO: [ app_begin ] --START--
INFO: Run Behavior\ReadHtmlCacheBehavior [ RunTime:0.000481s ]
INFO: [ app_begin ] --END-- [ RunTime:0.000499s ]
NOTIC: [2] Declaration of Home\Controller\LeaveController::show() should be compatible with Think\Controller::show($content, $charset = '', $contentType = '', $prefix = '') /Library/WebServer/Documents/leave/Application/Home/Controller/LeaveController.class.php 第 12 行.
INFO: [ view_parse ] --START--
INFO: [ template_filter ] --START--
INFO: Run Behavior\ContentReplaceBehavior [ RunTime:0.000072s ]
INFO: [ template_filter ] --END-- [ RunTime:0.000096s ]
NOTIC: [8] Undefined variable: state /Library/WebServer/Documents/leave/Application/Runtime/Cache/Home/21b2dbac8fdcf0b9696ad1ac7742e75b.php 第 372 行.
INFO: Run Behavior\ParseTemplateBehavior [ RunTime:0.009355s ]
INFO: [ view_parse ] --END-- [ RunTime:0.009375s ]
INFO: [ view_filter ] --START--
INFO: Run Behavior\WriteHtmlCacheBehavior [ RunTime:0.000168s ]
INFO: [ view_filter ] --END-- [ RunTime:0.000180s ]
INFO: [ app_end ] --START--
INFO: Run Behavior\ShowPageTraceBehavior [ RunTime:0.000398s ]
INFO: [ app_end ] --END-- [ RunTime:0.000417s ]

[ 2018-09-29T16:24:08+08:00 ] 127.0.0.1 /index.php?c=leave&a=index
INFO: [ app_init ] --START--
INFO: Run Behavior\BuildLiteBehavior [ RunTime:0.000007s ]
INFO: [ app_init ] --END-- [ RunTime:0.000225s ]
INFO: [ app_begin ] --START--
INFO: Run Behavior\ReadHtmlCacheBehavior [ RunTime:0.000312s ]
INFO: [ app_begin ] --END-- [ RunTime:0.000328s ]
NOTIC: [2] Declaration of Home\Controller\LeaveController::show() should be compatible with Think\Controller::show($content, $charset = '', $contentType = '', $prefix = '') /Library/WebServer/Documents/leave/Application/Home/Controller/LeaveController.class.php 第 12 行.
SQL: SHOW COLUMNS FROM `leave` [ RunTime:0.0006s ]
SQL: SELECT * FROM `leave` WHERE `l_state` = 0 LIMIT 0,9   [ RunTime:0.0003s ]
INFO: [ view_parse ] --START--
INFO: [ template_filter ] --START--
INFO: Run Behavior\ContentReplaceBehavior [ RunTime:0.000050s ]
INFO: [ template_filter ] --END-- [ RunTime:0.000067s ]
NOTIC: [8] Undefined variable: grade_list /Library/WebServer/Documents/leave/Application/Runtime/Cache/Home/78ed1e545b0c3b8f40acf61593016fb2.php 第 382 行.
INFO: Run Behavior\ParseTemplateBehavior [ RunTime:0.009452s ]
INFO: [ view_parse ] --END-- [ RunTime:0.009476s ]
INFO: [ view_filter ] --START--
INFO: Run Behavior\WriteHtmlCacheBehavior [ RunTime:0.000121s ]
INFO: [ view_filter ] --END-- [ RunTime:0.000132s ]
INFO: [ app_end ] --START--
INFO: Run Behavior\ShowPageTraceBehavior [ RunTime:0.000447s ]
INFO: [ app_end ] --END-- [ RunTime:0.000469s ]

[ 2018-09-29T16:24:09+08:00 ] 127.0.0.1 /index.php?c=leave&a=audit
INFO: [ app_init ] --START--
INFO: Run Behavior\BuildLiteBehavior [ RunTime:0.000006s ]
INFO: [ app_init ] --END-- [ RunTime:0.000211s ]
INFO: [ app_begin ] --START--
INFO: Run Behavior\ReadHtmlCacheBehavior [ RunTime:0.000234s ]
INFO: [ app_begin ] --END-- [ RunTime:0.000248s ]
NOTIC: [2] Declaration of Home\Controller\LeaveController::show() should be compatible with Think\Controller::show($content, $charset = '', $contentType = '', $prefix = '') /Library/WebServer/Documents/leave/Application/Home/Controller/LeaveController.class.php 第 12 行.
SQL: SHOW COLUMNS FROM `leave` [ RunTime:0.0009s ]
SQL: SELECT * FROM `leave` WHERE `l_state` = 2 LIMIT 0,9   [ RunTime:0.0003s ]
INFO: [ view_parse ] --START--
INFO: [ template_filter ] --START--
INFO: Run Behavior\ContentReplaceBehavior [ RunTime:0.000062s ]
INFO: [ template_filter ] --END-- [ RunTime:0.000084s ]
NOTIC: [8] Undefined variable: grade_list /Library/WebServer/Documents/leave/Application/Runtime/Cache/Home/6b5f26bef2d5487d3322a7cc66680420.php 第 382 行.
INFO: Run Behavior\ParseTemplateBehavior [ RunTime:0.010332s ]
INFO: [ view_parse ] --END-- [ RunTime:0.010351s ]
INFO: [ view_filter ] --START--
INFO: Run Behavior\WriteHtmlCacheBehavior [ RunTime:0.000134s ]
INFO: [ view_filter ] --END-- [ RunTime:0.000147s ]
INFO: [ app_end ] --START--
INFO: Run Behavior\ShowPageTraceBehavior [ RunTime:0.000580s ]
INFO: [ app_end ] --END-- [ RunTime:0.000684s ]

[ 2018-09-29T16:26:47+08:00 ] 127.0.0.1 /index.php?c=leave&a=audit
INFO: [ app_init ] --START--
INFO: Run Behavior\BuildLiteBehavior [ RunTime:0.000006s ]
INFO: [ app_init ] --END-- [ RunTime:0.000180s ]
INFO: [ app_begin ] --START--
INFO: Run Behavior\ReadHtmlCacheBehavior [ RunTime:0.000225s ]
INFO: [ app_begin ] --END-- [ RunTime:0.000240s ]
NOTIC: [2] Declaration of Home\Controller\LeaveController::show() should be compatible with Think\Controller::show($content, $charset = '', $contentType = '', $prefix = '') /Library/WebServer/Documents/leave/Application/Home/Controller/LeaveController.class.php 第 12 行.
SQL: SHOW COLUMNS FROM `leave` [ RunTime:0.0006s ]
SQL: SELECT * FROM `leave` WHERE `l_state` = 2 LIMIT 0,9   [ RunTime:0.0003s ]
INFO: [ view_parse ] --START--
INFO: [ template_filter ] --START--
INFO: Run Behavior\ContentReplaceBehavior [ RunTime:0.000063s ]
INFO: [ template_filter ] --END-- [ RunTime:0.000088s ]
NOTIC: [8] Undefined variable: grade_list /Library/WebServer/Documents/leave/Application/Runtime/Cache/Home/6b5f26bef2d5487d3322a7cc66680420.php 第 382 行.
INFO: Run Behavior\ParseTemplateBehavior [ RunTime:0.009694s ]
INFO: [ view_parse ] --END-- [ RunTime:0.009708s ]
INFO: [ view_filter ] --START--
INFO: Run Behavior\WriteHtmlCacheBehavior [ RunTime:0.000127s ]
INFO: [ view_filter ] --END-- [ RunTime:0.000138s ]
INFO: [ app_end ] --START--
INFO: Run Behavior\ShowPageTraceBehavior [ RunTime:0.000296s ]
INFO: [ app_end ] --END-- [ RunTime:0.000311s ]

