[ 2018-09-30T10:48:58+08:00 ] 127.0.0.1 /
INFO: [ app_init ] --START--
INFO: Run Behavior\BuildLiteBehavior [ RunTime:0.000012s ]
INFO: [ app_init ] --END-- [ RunTime:0.000708s ]
INFO: [ app_begin ] --START--
INFO: Run Behavior\ReadHtmlCacheBehavior [ RunTime:0.000895s ]
INFO: [ app_begin ] --END-- [ RunTime:0.000947s ]
SQL: SHOW COLUMNS FROM `leave` [ RunTime:0.0017s ]
SQL: SELECT * FROM `leave` WHERE `l_addtime` = '2018-09-30'  [ RunTime:0.0005s ]
SQL: SELECT * FROM `leave` WHERE `l_addtime` = '2018-09-29'  [ RunTime:0.0011s ]
SQL: SELECT * FROM `leave` WHERE `l_addtime` = '2018-10-01'  [ RunTime:0.0003s ]
SQL: SELECT * FROM `leave` WHERE `l_addtime` = '2018-10-02'  [ RunTime:0.0002s ]
SQL: SELECT * FROM `leave` WHERE `l_addtime` = '2018-10-03'  [ RunTime:0.0002s ]
SQL: SELECT * FROM `leave` WHERE `l_addtime` = '2018-10-04'  [ RunTime:0.0002s ]
SQL: SELECT * FROM `leave` WHERE `l_addtime` = '2018-10-05'  [ RunTime:0.0002s ]
SQL: SELECT * FROM `leave` WHERE `l_addtime` = '2018-10-06'  [ RunTime:0.0003s ]
SQL: SELECT * FROM `leave` WHERE `l_addtime` = '2018-10-07'  [ RunTime:0.0002s ]
SQL: SELECT * FROM `leave` WHERE `l_addtime` = '2018-09-01'  [ RunTime:0.0002s ]
SQL: SELECT * FROM `leave` WHERE `l_addtime` = '2018-09-02'  [ RunTime:0.0003s ]
SQL: SELECT * FROM `leave` WHERE `l_addtime` = '2018-09-03'  [ RunTime:0.0003s ]
SQL: SELECT * FROM `leave` WHERE `l_addtime` = '2018-09-04'  [ RunTime:0.0004s ]
SQL: SELECT * FROM `leave` WHERE `l_addtime` = '2018-09-05'  [ RunTime:0.0006s ]
SQL: SELECT * FROM `leave` WHERE `l_addtime` = '2018-09-06'  [ RunTime:0.0004s ]
SQL: SELECT * FROM `leave` WHERE `l_addtime` = '2018-09-07'  [ RunTime:0.0004s ]
SQL: SELECT * FROM `leave` WHERE `l_addtime` = '2018-09-08'  [ RunTime:0.0006s ]
SQL: SELECT * FROM `leave` WHERE `l_addtime` = '2018-09-09'  [ RunTime:0.0003s ]
SQL: SELECT * FROM `leave` WHERE `l_addtime` = '2018-09-10'  [ RunTime:0.0004s ]
SQL: SELECT * FROM `leave` WHERE `l_addtime` = '2018-09-11'  [ RunTime:0.0006s ]
SQL: SELECT * FROM `leave` WHERE `l_addtime` = '2018-09-12'  [ RunTime:0.0004s ]
SQL: SELECT * FROM `leave` WHERE `l_addtime` = '2018-09-13'  [ RunTime:0.0005s ]
SQL: SELECT * FROM `leave` WHERE `l_addtime` = '2018-09-14'  [ RunTime:0.0003s ]
SQL: SELECT * FROM `leave` WHERE `l_addtime` = '2018-09-15'  [ RunTime:0.0004s ]
SQL: SELECT * FROM `leave` WHERE `l_addtime` = '2018-09-16'  [ RunTime:0.0003s ]
SQL: SELECT * FROM `leave` WHERE `l_addtime` = '2018-09-17'  [ RunTime:0.0003s ]
SQL: SELECT * FROM `leave` WHERE `l_addtime` = '2018-09-18'  [ RunTime:0.0003s ]
SQL: SELECT * FROM `leave` WHERE `l_addtime` = '2018-09-19'  [ RunTime:0.0003s ]
SQL: SELECT * FROM `leave` WHERE `l_addtime` = '2018-09-20'  [ RunTime:0.0002s ]
SQL: SELECT * FROM `leave` WHERE `l_addtime` = '2018-09-21'  [ RunTime:0.0004s ]
SQL: SELECT * FROM `leave` WHERE `l_addtime` = '2018-09-22'  [ RunTime:0.0003s ]
SQL: SELECT * FROM `leave` WHERE `l_addtime` = '2018-09-23'  [ RunTime:0.0002s ]
SQL: SELECT * FROM `leave` WHERE `l_addtime` = '2018-09-24'  [ RunTime:0.0002s ]
SQL: SELECT * FROM `leave` WHERE `l_addtime` = '2018-09-25'  [ RunTime:0.0002s ]
SQL: SELECT * FROM `leave` WHERE `l_addtime` = '2018-09-26'  [ RunTime:0.0002s ]
SQL: SELECT * FROM `leave` WHERE `l_addtime` = '2018-09-27'  [ RunTime:0.0003s ]
SQL: SELECT * FROM `leave` WHERE `l_addtime` = '2018-09-28'  [ RunTime:0.0002s ]
SQL: SELECT * FROM `leave` WHERE `l_addtime` = '2018-09-29'  [ RunTime:0.0002s ]
SQL: SELECT * FROM `leave` WHERE `l_addtime` = '2018-09-30'  [ RunTime:0.0002s ]
INFO: [ view_parse ] --START--
INFO: [ template_filter ] --START--
INFO: Run Behavior\ContentReplaceBehavior [ RunTime:0.000184s ]
INFO: [ template_filter ] --END-- [ RunTime:0.000238s ]
INFO: Run Behavior\ParseTemplateBehavior [ RunTime:0.018660s ]
INFO: [ view_parse ] --END-- [ RunTime:0.018680s ]
INFO: [ view_filter ] --START--
INFO: Run Behavior\WriteHtmlCacheBehavior [ RunTime:0.000228s ]
INFO: [ view_filter ] --END-- [ RunTime:0.000238s ]
INFO: [ app_end ] --START--
INFO: Run Behavior\ShowPageTraceBehavior [ RunTime:0.000547s ]
INFO: [ app_end ] --END-- [ RunTime:0.000563s ]

[ 2018-09-30T10:49:02+08:00 ] 127.0.0.1 /index.php?c=login&a=logout
INFO: [ app_init ] --START--
INFO: Run Behavior\BuildLiteBehavior [ RunTime:0.000033s ]
INFO: [ app_init ] --END-- [ RunTime:0.000513s ]
INFO: [ app_begin ] --START--
INFO: Run Behavior\ReadHtmlCacheBehavior [ RunTime:0.000359s ]
INFO: [ app_begin ] --END-- [ RunTime:0.000378s ]
NOTIC: [8] Undefined variable: module /Library/WebServer/Documents/leave/ThinkPHP/Common/functions.php 第 990 行.
NOTIC: [8] Undefined variable: var /Library/WebServer/Documents/leave/ThinkPHP/Common/functions.php 第 990 行.
NOTIC: [2] array_reverse() expects parameter 1 to be array, null given /Library/WebServer/Documents/leave/ThinkPHP/Common/functions.php 第 990 行.
NOTIC: [2] http_build_query(): Parameter 1 expected to be Array or Object.  Incorrect value given /Library/WebServer/Documents/leave/ThinkPHP/Common/functions.php 第 990 行.

[ 2018-09-30T10:49:02+08:00 ] 127.0.0.1 /index.php?m=&&c=index
INFO: [ app_init ] --START--
INFO: Run Behavior\BuildLiteBehavior [ RunTime:0.000028s ]
INFO: [ app_init ] --END-- [ RunTime:0.000238s ]
INFO: [ app_begin ] --START--
INFO: Run Behavior\ReadHtmlCacheBehavior [ RunTime:0.000327s ]
INFO: [ app_begin ] --END-- [ RunTime:0.000427s ]
NOTIC: [8] Undefined variable: module /Library/WebServer/Documents/leave/ThinkPHP/Common/functions.php 第 990 行.
NOTIC: [8] Undefined variable: var /Library/WebServer/Documents/leave/ThinkPHP/Common/functions.php 第 990 行.
NOTIC: [2] array_reverse() expects parameter 1 to be array, null given /Library/WebServer/Documents/leave/ThinkPHP/Common/functions.php 第 990 行.
NOTIC: [2] http_build_query(): Parameter 1 expected to be Array or Object.  Incorrect value given /Library/WebServer/Documents/leave/ThinkPHP/Common/functions.php 第 990 行.

[ 2018-09-30T10:49:02+08:00 ] 127.0.0.1 /index.php?m=&&m=home&c=login
INFO: [ app_init ] --START--
INFO: Run Behavior\BuildLiteBehavior [ RunTime:0.000006s ]
INFO: [ app_init ] --END-- [ RunTime:0.000192s ]
INFO: [ app_begin ] --START--
INFO: Run Behavior\ReadHtmlCacheBehavior [ RunTime:0.000242s ]
INFO: [ app_begin ] --END-- [ RunTime:0.000257s ]
INFO: [ view_parse ] --START--
INFO: [ template_filter ] --START--
INFO: Run Behavior\ContentReplaceBehavior [ RunTime:0.000028s ]
INFO: [ template_filter ] --END-- [ RunTime:0.000052s ]
NOTIC: [8] Undefined variable: state /Library/WebServer/Documents/leave/Application/Runtime/Cache/Home/5b6adcb62ad2b5dfc2abc2cd5e11dc99.php 第 33 行.
INFO: Run Behavior\ParseTemplateBehavior [ RunTime:0.005097s ]
INFO: [ view_parse ] --END-- [ RunTime:0.005113s ]
INFO: [ view_filter ] --START--
INFO: Run Behavior\WriteHtmlCacheBehavior [ RunTime:0.000142s ]
INFO: [ view_filter ] --END-- [ RunTime:0.000153s ]
INFO: [ app_end ] --START--
INFO: Run Behavior\ShowPageTraceBehavior [ RunTime:0.000408s ]
INFO: [ app_end ] --END-- [ RunTime:0.000422s ]

[ 2018-09-30T10:52:45+08:00 ] 127.0.0.1 /
INFO: [ app_init ] --START--
INFO: Run Behavior\BuildLiteBehavior [ RunTime:0.000006s ]
INFO: [ app_init ] --END-- [ RunTime:0.000245s ]
INFO: [ app_begin ] --START--
INFO: Run Behavior\ReadHtmlCacheBehavior [ RunTime:0.000264s ]
INFO: [ app_begin ] --END-- [ RunTime:0.000280s ]
NOTIC: [8] Undefined variable: module /Library/WebServer/Documents/leave/ThinkPHP/Common/functions.php 第 990 行.
NOTIC: [8] Undefined variable: var /Library/WebServer/Documents/leave/ThinkPHP/Common/functions.php 第 990 行.
NOTIC: [2] array_reverse() expects parameter 1 to be array, null given /Library/WebServer/Documents/leave/ThinkPHP/Common/functions.php 第 990 行.
NOTIC: [2] http_build_query(): Parameter 1 expected to be Array or Object.  Incorrect value given /Library/WebServer/Documents/leave/ThinkPHP/Common/functions.php 第 990 行.

[ 2018-09-30T11:02:41+08:00 ] 127.0.0.1 /index.php?m=home&c=login&a=index
INFO: [ app_init ] --START--
INFO: Run Behavior\BuildLiteBehavior [ RunTime:0.000006s ]
INFO: [ app_init ] --END-- [ RunTime:0.000250s ]
INFO: [ app_begin ] --START--
INFO: Run Behavior\ReadHtmlCacheBehavior [ RunTime:0.000270s ]
INFO: [ app_begin ] --END-- [ RunTime:0.000284s ]
SQL: SHOW COLUMNS FROM `admin` [ RunTime:0.0009s ]
SQL: SELECT * FROM `admin` WHERE `a_username` = 'admin' LIMIT 1   [ RunTime:0.0008s ]
NOTIC: [8] Undefined variable: module /Library/WebServer/Documents/leave/ThinkPHP/Common/functions.php 第 990 行.
NOTIC: [8] Undefined variable: var /Library/WebServer/Documents/leave/ThinkPHP/Common/functions.php 第 990 行.
NOTIC: [2] array_reverse() expects parameter 1 to be array, null given /Library/WebServer/Documents/leave/ThinkPHP/Common/functions.php 第 990 行.
NOTIC: [2] http_build_query(): Parameter 1 expected to be Array or Object.  Incorrect value given /Library/WebServer/Documents/leave/ThinkPHP/Common/functions.php 第 990 行.

[ 2018-09-30T11:02:41+08:00 ] 127.0.0.1 /index.php?m=&&c=index
INFO: [ app_init ] --START--
INFO: Run Behavior\BuildLiteBehavior [ RunTime:0.000005s ]
INFO: [ app_init ] --END-- [ RunTime:0.000150s ]
INFO: [ app_begin ] --START--
INFO: Run Behavior\ReadHtmlCacheBehavior [ RunTime:0.000261s ]
INFO: [ app_begin ] --END-- [ RunTime:0.000304s ]
SQL: SHOW COLUMNS FROM `leave` [ RunTime:0.0005s ]
SQL: SELECT * FROM `leave` WHERE `l_addtime` = '2018-09-30'  [ RunTime:0.0003s ]
SQL: SELECT * FROM `leave` WHERE `l_addtime` = '2018-09-29'  [ RunTime:0.0002s ]
SQL: SELECT * FROM `leave` WHERE `l_addtime` = '2018-10-01'  [ RunTime:0.0002s ]
SQL: SELECT * FROM `leave` WHERE `l_addtime` = '2018-10-02'  [ RunTime:0.0002s ]
SQL: SELECT * FROM `leave` WHERE `l_addtime` = '2018-10-03'  [ RunTime:0.0002s ]
SQL: SELECT * FROM `leave` WHERE `l_addtime` = '2018-10-04'  [ RunTime:0.0002s ]
SQL: SELECT * FROM `leave` WHERE `l_addtime` = '2018-10-05'  [ RunTime:0.0003s ]
SQL: SELECT * FROM `leave` WHERE `l_addtime` = '2018-10-06'  [ RunTime:0.0003s ]
SQL: SELECT * FROM `leave` WHERE `l_addtime` = '2018-10-07'  [ RunTime:0.0003s ]
SQL: SELECT * FROM `leave` WHERE `l_addtime` = '2018-09-01'  [ RunTime:0.0002s ]
SQL: SELECT * FROM `leave` WHERE `l_addtime` = '2018-09-02'  [ RunTime:0.0002s ]
SQL: SELECT * FROM `leave` WHERE `l_addtime` = '2018-09-03'  [ RunTime:0.0002s ]
SQL: SELECT * FROM `leave` WHERE `l_addtime` = '2018-09-04'  [ RunTime:0.0002s ]
SQL: SELECT * FROM `leave` WHERE `l_addtime` = '2018-09-05'  [ RunTime:0.0002s ]
SQL: SELECT * FROM `leave` WHERE `l_addtime` = '2018-09-06'  [ RunTime:0.0002s ]
SQL: SELECT * FROM `leave` WHERE `l_addtime` = '2018-09-07'  [ RunTime:0.0002s ]
SQL: SELECT * FROM `leave` WHERE `l_addtime` = '2018-09-08'  [ RunTime:0.0002s ]
SQL: SELECT * FROM `leave` WHERE `l_addtime` = '2018-09-09'  [ RunTime:0.0002s ]
SQL: SELECT * FROM `leave` WHERE `l_addtime` = '2018-09-10'  [ RunTime:0.0002s ]
SQL: SELECT * FROM `leave` WHERE `l_addtime` = '2018-09-11'  [ RunTime:0.0003s ]
SQL: SELECT * FROM `leave` WHERE `l_addtime` = '2018-09-12'  [ RunTime:0.0002s ]
SQL: SELECT * FROM `leave` WHERE `l_addtime` = '2018-09-13'  [ RunTime:0.0002s ]
SQL: SELECT * FROM `leave` WHERE `l_addtime` = '2018-09-14'  [ RunTime:0.0002s ]
SQL: SELECT * FROM `leave` WHERE `l_addtime` = '2018-09-15'  [ RunTime:0.0002s ]
SQL: SELECT * FROM `leave` WHERE `l_addtime` = '2018-09-16'  [ RunTime:0.0002s ]
SQL: SELECT * FROM `leave` WHERE `l_addtime` = '2018-09-17'  [ RunTime:0.0002s ]
SQL: SELECT * FROM `leave` WHERE `l_addtime` = '2018-09-18'  [ RunTime:0.0002s ]
SQL: SELECT * FROM `leave` WHERE `l_addtime` = '2018-09-19'  [ RunTime:0.0002s ]
SQL: SELECT * FROM `leave` WHERE `l_addtime` = '2018-09-20'  [ RunTime:0.0002s ]
SQL: SELECT * FROM `leave` WHERE `l_addtime` = '2018-09-21'  [ RunTime:0.0002s ]
SQL: SELECT * FROM `leave` WHERE `l_addtime` = '2018-09-22'  [ RunTime:0.0002s ]
SQL: SELECT * FROM `leave` WHERE `l_addtime` = '2018-09-23'  [ RunTime:0.0002s ]
SQL: SELECT * FROM `leave` WHERE `l_addtime` = '2018-09-24'  [ RunTime:0.0002s ]
SQL: SELECT * FROM `leave` WHERE `l_addtime` = '2018-09-25'  [ RunTime:0.0002s ]
SQL: SELECT * FROM `leave` WHERE `l_addtime` = '2018-09-26'  [ RunTime:0.0002s ]
SQL: SELECT * FROM `leave` WHERE `l_addtime` = '2018-09-27'  [ RunTime:0.0002s ]
SQL: SELECT * FROM `leave` WHERE `l_addtime` = '2018-09-28'  [ RunTime:0.0002s ]
SQL: SELECT * FROM `leave` WHERE `l_addtime` = '2018-09-29'  [ RunTime:0.0002s ]
SQL: SELECT * FROM `leave` WHERE `l_addtime` = '2018-09-30'  [ RunTime:0.0002s ]
INFO: [ view_parse ] --START--
INFO: [ template_filter ] --START--
INFO: Run Behavior\ContentReplaceBehavior [ RunTime:0.000090s ]
INFO: [ template_filter ] --END-- [ RunTime:0.000114s ]
INFO: Run Behavior\ParseTemplateBehavior [ RunTime:0.012009s ]
INFO: [ view_parse ] --END-- [ RunTime:0.012025s ]
INFO: [ view_filter ] --START--
INFO: Run Behavior\WriteHtmlCacheBehavior [ RunTime:0.000128s ]
INFO: [ view_filter ] --END-- [ RunTime:0.000140s ]
INFO: [ app_end ] --START--
INFO: Run Behavior\ShowPageTraceBehavior [ RunTime:0.000351s ]
INFO: [ app_end ] --END-- [ RunTime:0.000368s ]

[ 2018-09-30T11:02:43+08:00 ] 127.0.0.1 /index.php?c=index
INFO: [ app_init ] --START--
INFO: Run Behavior\BuildLiteBehavior [ RunTime:0.000006s ]
INFO: [ app_init ] --END-- [ RunTime:0.000239s ]
INFO: [ app_begin ] --START--
INFO: Run Behavior\ReadHtmlCacheBehavior [ RunTime:0.000252s ]
INFO: [ app_begin ] --END-- [ RunTime:0.000265s ]
SQL: SHOW COLUMNS FROM `leave` [ RunTime:0.0016s ]
SQL: SELECT * FROM `leave` WHERE `l_addtime` = '2018-09-30'  [ RunTime:0.0003s ]
SQL: SELECT * FROM `leave` WHERE `l_addtime` = '2018-09-29'  [ RunTime:0.0003s ]
SQL: SELECT * FROM `leave` WHERE `l_addtime` = '2018-10-01'  [ RunTime:0.0003s ]
SQL: SELECT * FROM `leave` WHERE `l_addtime` = '2018-10-02'  [ RunTime:0.0002s ]
SQL: SELECT * FROM `leave` WHERE `l_addtime` = '2018-10-03'  [ RunTime:0.0003s ]
SQL: SELECT * FROM `leave` WHERE `l_addtime` = '2018-10-04'  [ RunTime:0.0002s ]
SQL: SELECT * FROM `leave` WHERE `l_addtime` = '2018-10-05'  [ RunTime:0.0002s ]
SQL: SELECT * FROM `leave` WHERE `l_addtime` = '2018-10-06'  [ RunTime:0.0002s ]
SQL: SELECT * FROM `leave` WHERE `l_addtime` = '2018-10-07'  [ RunTime:0.0002s ]
SQL: SELECT * FROM `leave` WHERE `l_addtime` = '2018-09-01'  [ RunTime:0.0003s ]
SQL: SELECT * FROM `leave` WHERE `l_addtime` = '2018-09-02'  [ RunTime:0.0002s ]
SQL: SELECT * FROM `leave` WHERE `l_addtime` = '2018-09-03'  [ RunTime:0.0002s ]
SQL: SELECT * FROM `leave` WHERE `l_addtime` = '2018-09-04'  [ RunTime:0.0002s ]
SQL: SELECT * FROM `leave` WHERE `l_addtime` = '2018-09-05'  [ RunTime:0.0002s ]
SQL: SELECT * FROM `leave` WHERE `l_addtime` = '2018-09-06'  [ RunTime:0.0002s ]
SQL: SELECT * FROM `leave` WHERE `l_addtime` = '2018-09-07'  [ RunTime:0.0002s ]
SQL: SELECT * FROM `leave` WHERE `l_addtime` = '2018-09-08'  [ RunTime:0.0002s ]
SQL: SELECT * FROM `leave` WHERE `l_addtime` = '2018-09-09'  [ RunTime:0.0002s ]
SQL: SELECT * FROM `leave` WHERE `l_addtime` = '2018-09-10'  [ RunTime:0.0002s ]
SQL: SELECT * FROM `leave` WHERE `l_addtime` = '2018-09-11'  [ RunTime:0.0002s ]
SQL: SELECT * FROM `leave` WHERE `l_addtime` = '2018-09-12'  [ RunTime:0.0002s ]
SQL: SELECT * FROM `leave` WHERE `l_addtime` = '2018-09-13'  [ RunTime:0.0002s ]
SQL: SELECT * FROM `leave` WHERE `l_addtime` = '2018-09-14'  [ RunTime:0.0002s ]
SQL: SELECT * FROM `leave` WHERE `l_addtime` = '2018-09-15'  [ RunTime:0.0002s ]
SQL: SELECT * FROM `leave` WHERE `l_addtime` = '2018-09-16'  [ RunTime:0.0002s ]
SQL: SELECT * FROM `leave` WHERE `l_addtime` = '2018-09-17'  [ RunTime:0.0002s ]
SQL: SELECT * FROM `leave` WHERE `l_addtime` = '2018-09-18'  [ RunTime:0.0002s ]
SQL: SELECT * FROM `leave` WHERE `l_addtime` = '2018-09-19'  [ RunTime:0.0002s ]
SQL: SELECT * FROM `leave` WHERE `l_addtime` = '2018-09-20'  [ RunTime:0.0003s ]
SQL: SELECT * FROM `leave` WHERE `l_addtime` = '2018-09-21'  [ RunTime:0.0002s ]
SQL: SELECT * FROM `leave` WHERE `l_addtime` = '2018-09-22'  [ RunTime:0.0002s ]
SQL: SELECT * FROM `leave` WHERE `l_addtime` = '2018-09-23'  [ RunTime:0.0002s ]
SQL: SELECT * FROM `leave` WHERE `l_addtime` = '2018-09-24'  [ RunTime:0.0002s ]
SQL: SELECT * FROM `leave` WHERE `l_addtime` = '2018-09-25'  [ RunTime:0.0002s ]
SQL: SELECT * FROM `leave` WHERE `l_addtime` = '2018-09-26'  [ RunTime:0.0002s ]
SQL: SELECT * FROM `leave` WHERE `l_addtime` = '2018-09-27'  [ RunTime:0.0002s ]
SQL: SELECT * FROM `leave` WHERE `l_addtime` = '2018-09-28'  [ RunTime:0.0002s ]
SQL: SELECT * FROM `leave` WHERE `l_addtime` = '2018-09-29'  [ RunTime:0.0002s ]
SQL: SELECT * FROM `leave` WHERE `l_addtime` = '2018-09-30'  [ RunTime:0.0002s ]
INFO: [ view_parse ] --START--
INFO: [ template_filter ] --START--
INFO: Run Behavior\ContentReplaceBehavior [ RunTime:0.000094s ]
INFO: [ template_filter ] --END-- [ RunTime:0.000117s ]
INFO: Run Behavior\ParseTemplateBehavior [ RunTime:0.011548s ]
INFO: [ view_parse ] --END-- [ RunTime:0.011564s ]
INFO: [ view_filter ] --START--
INFO: Run Behavior\WriteHtmlCacheBehavior [ RunTime:0.000124s ]
INFO: [ view_filter ] --END-- [ RunTime:0.000136s ]
INFO: [ app_end ] --START--
INFO: Run Behavior\ShowPageTraceBehavior [ RunTime:0.000310s ]
INFO: [ app_end ] --END-- [ RunTime:0.000324s ]

[ 2018-09-30T11:02:46+08:00 ] 127.0.0.1 /index.php?c=leave&a=apply2
INFO: [ app_init ] --START--
INFO: Run Behavior\BuildLiteBehavior [ RunTime:0.000006s ]
INFO: [ app_init ] --END-- [ RunTime:0.000177s ]
INFO: [ app_begin ] --START--
INFO: Run Behavior\ReadHtmlCacheBehavior [ RunTime:0.000224s ]
INFO: [ app_begin ] --END-- [ RunTime:0.000239s ]
NOTIC: [2] Declaration of Home\Controller\LeaveController::show() should be compatible with Think\Controller::show($content, $charset = '', $contentType = '', $prefix = '') /Library/WebServer/Documents/leave/Application/Home/Controller/LeaveController.class.php 第 12 行.
INFO: [ view_parse ] --START--
INFO: [ template_filter ] --START--
INFO: Run Behavior\ContentReplaceBehavior [ RunTime:0.000069s ]
INFO: [ template_filter ] --END-- [ RunTime:0.000089s ]
NOTIC: [8] Undefined variable: state /Library/WebServer/Documents/leave/Application/Runtime/Cache/Home/0a7ff77dbcde513e199263d166b95571.php 第 372 行.
INFO: Run Behavior\ParseTemplateBehavior [ RunTime:0.009164s ]
INFO: [ view_parse ] --END-- [ RunTime:0.009177s ]
INFO: [ view_filter ] --START--
INFO: Run Behavior\WriteHtmlCacheBehavior [ RunTime:0.000166s ]
INFO: [ view_filter ] --END-- [ RunTime:0.000180s ]
INFO: [ app_end ] --START--
INFO: Run Behavior\ShowPageTraceBehavior [ RunTime:0.000392s ]
INFO: [ app_end ] --END-- [ RunTime:0.000408s ]

